{
	Instancia		: instances/qbf040
	Interações		: 100000
	Tamanho pop.		: 100
	Mutação taxa		: 0.01
	Algoritmo		: Padrão
		(Gen. 0) BestSol = Solution: cost=[114.0], size=[17], elements=[3, 4, 7, 8, 11, 13, 15, 17, 19, 22, 23, 25, 30, 31, 32, 34, 38]
		(Gen. 2) BestSol = Solution: cost=[140.0], size=[14], elements=[2, 11, 12, 14, 15, 18, 19, 21, 29, 30, 32, 34, 35, 36]
		(Gen. 3) BestSol = Solution: cost=[196.0], size=[16], elements=[0, 2, 4, 9, 11, 14, 21, 22, 24, 28, 29, 31, 32, 34, 36, 38]
		(Gen. 7) BestSol = Solution: cost=[221.0], size=[17], elements=[0, 2, 4, 9, 11, 14, 19, 21, 22, 24, 28, 29, 31, 32, 34, 36, 38]
		(Gen. 10) BestSol = Solution: cost=[226.0], size=[15], elements=[2, 3, 4, 9, 11, 14, 15, 19, 21, 29, 32, 33, 36, 37, 38]
		(Gen. 12) BestSol = Solution: cost=[228.0], size=[16], elements=[0, 2, 4, 9, 11, 14, 19, 21, 22, 24, 28, 29, 31, 32, 34, 36]
		(Gen. 13) BestSol = Solution: cost=[235.0], size=[16], elements=[1, 2, 4, 9, 11, 14, 15, 18, 19, 21, 24, 29, 32, 34, 36, 37]
		(Gen. 14) BestSol = Solution: cost=[256.0], size=[17], elements=[0, 2, 4, 9, 11, 14, 15, 19, 21, 22, 24, 29, 31, 32, 34, 36, 38]
		(Gen. 16) BestSol = Solution: cost=[276.0], size=[17], elements=[1, 2, 4, 9, 11, 14, 15, 18, 19, 21, 24, 26, 29, 31, 32, 34, 36]
		(Gen. 17) BestSol = Solution: cost=[284.0], size=[18], elements=[1, 2, 4, 9, 11, 14, 15, 18, 19, 21, 24, 25, 26, 29, 31, 32, 34, 36]
		(Gen. 21) BestSol = Solution: cost=[305.0], size=[18], elements=[0, 2, 4, 9, 11, 14, 15, 19, 21, 24, 25, 26, 29, 31, 32, 33, 34, 36]
		(Gen. 22) BestSol = Solution: cost=[313.0], size=[18], elements=[1, 2, 4, 7, 9, 11, 14, 15, 18, 19, 21, 24, 25, 26, 31, 32, 34, 36]
		(Gen. 24) BestSol = Solution: cost=[324.0], size=[18], elements=[1, 2, 4, 7, 9, 11, 14, 15, 18, 19, 21, 23, 24, 26, 31, 32, 34, 36]
		(Gen. 25) BestSol = Solution: cost=[332.0], size=[20], elements=[1, 2, 4, 7, 8, 9, 11, 14, 15, 18, 19, 21, 24, 25, 26, 31, 32, 33, 34, 36]
		(Gen. 26) BestSol = Solution: cost=[333.0], size=[19], elements=[1, 2, 3, 4, 7, 9, 11, 14, 15, 18, 19, 21, 23, 24, 25, 26, 31, 34, 36]
		(Gen. 29) BestSol = Solution: cost=[346.0], size=[19], elements=[1, 2, 4, 7, 9, 11, 14, 15, 18, 19, 21, 24, 25, 26, 31, 32, 33, 34, 36]
		(Gen. 31) BestSol = Solution: cost=[366.0], size=[20], elements=[1, 2, 4, 7, 9, 11, 14, 15, 18, 19, 21, 23, 24, 25, 26, 31, 32, 33, 34, 36]

		maxVal = Solution: cost=[366.0], size=[20], elements=[1, 2, 4, 7, 9, 11, 14, 15, 18, 19, 21, 23, 24, 25, 26, 31, 32, 33, 34, 36]

}
