{
	Instancia		: instances/qbf080
	Interações		: 10000000
	Tamanho pop.		: 100
	Mutação taxa		: 0.03
	Algoritmo		: Padrão
		(Gen. 0) BestSol = Solution: cost=[225.0], size=[37], elements=[1, 2, 3, 4, 5, 7, 9, 12, 13, 17, 18, 19, 20, 22, 24, 26, 27, 35, 40, 41, 42, 45, 48, 49, 50, 54, 60, 62, 63, 64, 65, 66, 69, 70, 71, 73, 74]
		(Gen. 1) BestSol = Solution: cost=[308.0], size=[33], elements=[1, 2, 3, 4, 5, 7, 9, 12, 13, 17, 18, 19, 20, 22, 24, 26, 27, 35, 40, 42, 46, 49, 50, 58, 61, 64, 65, 66, 69, 70, 71, 73, 74]
		(Gen. 2) BestSol = Solution: cost=[325.0], size=[34], elements=[1, 2, 3, 4, 5, 9, 12, 13, 17, 18, 19, 20, 22, 24, 26, 27, 29, 35, 42, 44, 48, 49, 50, 54, 60, 62, 63, 64, 65, 66, 69, 70, 73, 74]
		(Gen. 4) BestSol = Solution: cost=[342.0], size=[34], elements=[1, 2, 3, 4, 5, 9, 10, 12, 13, 17, 18, 19, 20, 22, 24, 26, 27, 29, 35, 42, 44, 48, 49, 50, 54, 60, 62, 63, 64, 65, 66, 69, 73, 74]
		(Gen. 5) BestSol = Solution: cost=[365.0], size=[32], elements=[1, 2, 3, 4, 5, 7, 9, 12, 13, 18, 19, 20, 22, 24, 31, 33, 34, 36, 42, 44, 46, 49, 50, 55, 58, 61, 63, 65, 66, 69, 70, 71]
		(Gen. 6) BestSol = Solution: cost=[379.0], size=[25], elements=[1, 2, 3, 4, 5, 7, 9, 11, 12, 13, 16, 18, 19, 31, 32, 35, 44, 48, 50, 54, 60, 61, 64, 71, 73]
		(Gen. 7) BestSol = Solution: cost=[384.0], size=[27], elements=[2, 3, 4, 6, 10, 12, 18, 19, 20, 21, 26, 27, 29, 42, 44, 48, 49, 50, 54, 58, 60, 61, 64, 65, 66, 68, 71]
		(Gen. 8) BestSol = Solution: cost=[385.0], size=[29], elements=[1, 2, 3, 4, 5, 9, 11, 12, 13, 16, 18, 19, 23, 29, 31, 32, 35, 48, 50, 54, 59, 60, 62, 64, 66, 68, 70, 71, 75]
		(Gen. 9) BestSol = Solution: cost=[387.0], size=[26], elements=[2, 3, 4, 6, 10, 12, 18, 19, 20, 21, 26, 27, 42, 44, 48, 49, 50, 54, 58, 60, 61, 64, 65, 66, 68, 71]
		(Gen. 10) BestSol = Solution: cost=[428.0], size=[29], elements=[2, 3, 4, 6, 10, 12, 18, 19, 20, 21, 27, 29, 31, 32, 37, 42, 44, 48, 49, 50, 54, 58, 60, 61, 64, 65, 66, 68, 71]
		(Gen. 11) BestSol = Solution: cost=[432.0], size=[29], elements=[2, 3, 4, 6, 10, 12, 18, 19, 20, 21, 27, 29, 31, 32, 37, 42, 44, 48, 49, 50, 54, 58, 60, 61, 64, 65, 69, 73, 77]
		(Gen. 12) BestSol = Solution: cost=[498.0], size=[30], elements=[1, 2, 3, 4, 9, 13, 18, 19, 27, 31, 32, 37, 42, 43, 44, 48, 49, 50, 54, 58, 60, 61, 64, 65, 66, 69, 70, 71, 73, 74]
		(Gen. 16) BestSol = Solution: cost=[517.0], size=[28], elements=[1, 2, 3, 4, 9, 13, 18, 19, 27, 31, 37, 42, 44, 46, 48, 49, 50, 54, 58, 60, 61, 64, 65, 66, 69, 70, 71, 74]
		(Gen. 18) BestSol = Solution: cost=[525.0], size=[37], elements=[1, 2, 3, 4, 5, 7, 9, 11, 12, 13, 18, 19, 20, 22, 27, 31, 32, 34, 36, 37, 42, 44, 46, 48, 49, 50, 51, 54, 58, 60, 61, 64, 65, 66, 67, 69, 70]
		(Gen. 24) BestSol = Solution: cost=[530.0], size=[30], elements=[1, 2, 3, 4, 8, 9, 11, 12, 13, 18, 19, 22, 31, 32, 34, 37, 42, 44, 48, 49, 50, 54, 55, 58, 60, 62, 64, 65, 69, 71]
		(Gen. 25) BestSol = Solution: cost=[628.0], size=[38], elements=[1, 2, 3, 4, 9, 11, 12, 13, 18, 19, 22, 27, 29, 31, 32, 34, 36, 37, 42, 44, 46, 48, 49, 50, 51, 54, 58, 60, 61, 64, 65, 66, 67, 69, 70, 71, 73, 74]
		(Gen. 28) BestSol = Solution: cost=[636.0], size=[36], elements=[1, 2, 3, 4, 9, 11, 12, 18, 19, 22, 27, 29, 31, 32, 34, 36, 37, 42, 44, 46, 48, 49, 54, 55, 57, 58, 60, 61, 64, 66, 67, 69, 70, 71, 73, 75]
		(Gen. 32) BestSol = Solution: cost=[648.0], size=[35], elements=[1, 2, 3, 4, 9, 11, 12, 18, 19, 22, 27, 29, 31, 32, 36, 37, 42, 44, 46, 48, 49, 54, 55, 57, 58, 60, 61, 64, 66, 67, 69, 70, 71, 73, 75]
		(Gen. 49) BestSol = Solution: cost=[649.0], size=[37], elements=[1, 2, 3, 4, 9, 11, 13, 18, 19, 22, 27, 29, 31, 32, 35, 36, 37, 42, 44, 46, 48, 49, 54, 55, 57, 58, 60, 61, 64, 66, 67, 69, 70, 71, 73, 74, 75]
		(Gen. 54) BestSol = Solution: cost=[662.0], size=[36], elements=[1, 2, 3, 4, 9, 11, 13, 18, 19, 27, 29, 31, 32, 35, 36, 37, 42, 44, 48, 49, 50, 54, 55, 57, 58, 60, 61, 64, 66, 67, 69, 70, 71, 73, 74, 75]
		(Gen. 70) BestSol = Solution: cost=[664.0], size=[37], elements=[1, 2, 3, 4, 8, 9, 11, 13, 18, 19, 29, 31, 32, 34, 35, 36, 37, 42, 44, 48, 49, 50, 54, 55, 57, 58, 60, 61, 64, 66, 67, 69, 70, 71, 73, 74, 75]
		(Gen. 91) BestSol = Solution: cost=[676.0], size=[36], elements=[1, 2, 3, 4, 9, 11, 13, 18, 19, 29, 31, 32, 34, 35, 36, 37, 42, 44, 48, 49, 50, 51, 54, 55, 57, 58, 60, 61, 67, 69, 70, 71, 72, 73, 75, 76]
		(Gen. 94) BestSol = Solution: cost=[699.0], size=[37], elements=[1, 2, 3, 4, 9, 11, 13, 18, 19, 29, 31, 32, 34, 35, 36, 37, 42, 44, 48, 49, 50, 51, 54, 55, 57, 58, 60, 61, 67, 69, 70, 71, 72, 73, 74, 75, 76]
		(Gen. 101) BestSol = Solution: cost=[737.0], size=[36], elements=[1, 2, 3, 4, 9, 11, 13, 18, 19, 24, 29, 31, 32, 34, 36, 37, 42, 44, 48, 49, 50, 51, 54, 55, 57, 58, 60, 61, 69, 70, 71, 72, 73, 74, 75, 76]
		(Gen. 109) BestSol = Solution: cost=[749.0], size=[37], elements=[1, 2, 3, 4, 8, 9, 11, 13, 18, 19, 24, 29, 31, 32, 34, 36, 37, 42, 44, 48, 49, 50, 51, 54, 55, 57, 58, 60, 61, 69, 70, 71, 72, 73, 74, 75, 76]
		(Gen. 136) BestSol = Solution: cost=[750.0], size=[38], elements=[1, 2, 3, 4, 8, 11, 13, 18, 19, 22, 24, 29, 31, 32, 34, 37, 42, 44, 46, 47, 48, 49, 50, 51, 52, 54, 55, 57, 60, 61, 69, 70, 71, 72, 73, 74, 75, 76]
		(Gen. 172) BestSol = Solution: cost=[752.0], size=[37], elements=[1, 2, 3, 4, 8, 11, 13, 18, 19, 22, 24, 31, 32, 34, 37, 42, 44, 46, 47, 48, 49, 50, 51, 52, 54, 55, 57, 60, 61, 69, 70, 71, 72, 73, 74, 75, 76]
		(Gen. 173) BestSol = Solution: cost=[755.0], size=[33], elements=[1, 2, 3, 4, 8, 11, 13, 18, 19, 22, 24, 31, 32, 34, 37, 42, 44, 46, 47, 48, 49, 50, 51, 52, 54, 55, 58, 62, 64, 70, 71, 75, 76]
		(Gen. 207) BestSol = Solution: cost=[761.0], size=[33], elements=[1, 2, 3, 4, 5, 8, 11, 13, 18, 19, 22, 24, 31, 34, 37, 42, 44, 46, 47, 48, 49, 50, 51, 52, 54, 55, 57, 58, 62, 70, 71, 75, 76]
		(Gen. 327) BestSol = Solution: cost=[795.0], size=[34], elements=[1, 2, 3, 4, 5, 8, 11, 13, 18, 19, 22, 24, 31, 34, 37, 42, 43, 44, 46, 47, 48, 49, 50, 51, 52, 54, 55, 57, 58, 62, 70, 71, 75, 76]
		(Gen. 473) BestSol = Solution: cost=[796.0], size=[35], elements=[1, 2, 3, 4, 5, 8, 11, 13, 18, 19, 22, 24, 31, 34, 37, 42, 43, 44, 46, 47, 48, 49, 50, 51, 52, 54, 55, 57, 58, 60, 62, 70, 71, 75, 76]
		(Gen. 536) BestSol = Solution: cost=[801.0], size=[36], elements=[1, 2, 3, 4, 5, 8, 11, 13, 18, 19, 22, 24, 31, 34, 37, 42, 43, 44, 46, 47, 48, 49, 50, 51, 52, 54, 55, 57, 58, 60, 61, 62, 70, 71, 75, 76]
		(Gen. 632) BestSol = Solution: cost=[807.0], size=[35], elements=[1, 2, 3, 4, 5, 8, 11, 13, 18, 19, 22, 24, 31, 37, 42, 43, 44, 46, 47, 48, 49, 51, 52, 54, 55, 57, 58, 60, 61, 62, 70, 71, 73, 75, 76]
		(Gen. 638) BestSol = Solution: cost=[809.0], size=[34], elements=[1, 2, 3, 4, 5, 8, 13, 18, 19, 22, 24, 31, 37, 42, 43, 44, 46, 47, 48, 49, 51, 52, 54, 55, 57, 58, 60, 61, 62, 70, 71, 73, 75, 76]
		(Gen. 673) BestSol = Solution: cost=[818.0], size=[35], elements=[1, 2, 3, 4, 5, 8, 13, 18, 19, 22, 24, 31, 37, 42, 43, 44, 46, 47, 48, 49, 50, 51, 52, 54, 55, 57, 58, 60, 61, 62, 70, 71, 73, 75, 76]
		(Gen. 757) BestSol = Solution: cost=[831.0], size=[36], elements=[1, 2, 3, 4, 5, 8, 13, 18, 19, 21, 22, 24, 31, 37, 42, 43, 44, 46, 47, 48, 49, 50, 51, 52, 54, 55, 57, 58, 60, 61, 62, 70, 71, 73, 75, 76]
		(Gen. 957) BestSol = Solution: cost=[833.0], size=[38], elements=[1, 2, 3, 4, 5, 8, 13, 18, 19, 21, 22, 24, 31, 37, 42, 43, 44, 46, 47, 48, 49, 50, 51, 52, 54, 55, 57, 58, 60, 61, 62, 70, 71, 72, 73, 74, 75, 76]
		(Gen. 1023) BestSol = Solution: cost=[834.0], size=[39], elements=[1, 2, 3, 4, 5, 8, 11, 13, 18, 19, 21, 22, 24, 31, 37, 42, 43, 44, 46, 47, 48, 49, 50, 51, 52, 54, 55, 57, 58, 60, 61, 62, 70, 71, 72, 73, 74, 75, 76]
		(Gen. 1191) BestSol = Solution: cost=[841.0], size=[40], elements=[1, 2, 3, 4, 5, 7, 8, 11, 13, 18, 19, 21, 22, 24, 31, 37, 42, 43, 44, 46, 47, 48, 49, 50, 51, 52, 54, 55, 57, 58, 60, 61, 62, 70, 71, 72, 73, 74, 75, 76]
		(Gen. 1568) BestSol = Solution: cost=[842.0], size=[38], elements=[1, 2, 3, 4, 7, 8, 11, 13, 18, 19, 21, 22, 24, 31, 37, 42, 43, 44, 46, 47, 48, 49, 50, 51, 52, 54, 55, 58, 60, 61, 62, 70, 71, 72, 73, 74, 75, 76]

		maxVal = Solution: cost=[842.0], size=[38], elements=[1, 2, 3, 4, 7, 8, 11, 13, 18, 19, 21, 22, 24, 31, 37, 42, 43, 44, 46, 47, 48, 49, 50, 51, 52, 54, 55, 58, 60, 61, 62, 70, 71, 72, 73, 74, 75, 76]

}
