{
	Instancia		: instances/qbf040
	Interações		: 100000
	Tamanho pop.		: 100
	Mutação taxa		: 0.03
	Algoritmo		: Padrão
		(Gen. 0) BestSol = Solution: cost=[120.0], size=[17], elements=[0, 2, 4, 6, 7, 9, 11, 14, 15, 22, 26, 30, 31, 32, 34, 36, 39]
		(Gen. 1) BestSol = Solution: cost=[136.0], size=[13], elements=[0, 2, 3, 4, 12, 15, 22, 27, 29, 30, 32, 33, 36]
		(Gen. 2) BestSol = Solution: cost=[200.0], size=[17], elements=[2, 3, 4, 6, 7, 9, 11, 14, 15, 21, 22, 30, 31, 32, 34, 35, 36]
		(Gen. 3) BestSol = Solution: cost=[209.0], size=[19], elements=[1, 2, 4, 7, 11, 14, 18, 19, 21, 23, 24, 25, 30, 31, 32, 33, 34, 36, 38]
		(Gen. 4) BestSol = Solution: cost=[212.0], size=[17], elements=[1, 2, 4, 7, 11, 14, 18, 19, 21, 23, 24, 25, 30, 31, 32, 33, 36]
		(Gen. 6) BestSol = Solution: cost=[251.0], size=[17], elements=[0, 1, 2, 3, 4, 7, 8, 11, 14, 18, 21, 22, 23, 24, 25, 31, 36]
		(Gen. 9) BestSol = Solution: cost=[258.0], size=[16], elements=[2, 4, 7, 9, 11, 14, 15, 18, 19, 21, 24, 25, 31, 32, 33, 36]
		(Gen. 14) BestSol = Solution: cost=[279.0], size=[16], elements=[1, 4, 7, 9, 11, 14, 15, 19, 21, 22, 23, 24, 31, 32, 34, 36]
		(Gen. 15) BestSol = Solution: cost=[289.0], size=[18], elements=[1, 4, 7, 9, 11, 14, 15, 18, 19, 21, 22, 23, 24, 31, 32, 34, 36, 38]
		(Gen. 19) BestSol = Solution: cost=[304.0], size=[17], elements=[1, 4, 7, 9, 11, 14, 15, 18, 19, 21, 22, 23, 24, 31, 32, 34, 36]
		(Gen. 20) BestSol = Solution: cost=[313.0], size=[18], elements=[1, 2, 4, 7, 9, 11, 14, 15, 18, 19, 21, 24, 25, 26, 31, 32, 34, 36]
		(Gen. 28) BestSol = Solution: cost=[339.0], size=[19], elements=[1, 4, 7, 9, 11, 14, 15, 18, 19, 21, 23, 24, 25, 26, 31, 32, 33, 34, 36]
		(Gen. 30) BestSol = Solution: cost=[355.0], size=[19], elements=[1, 2, 4, 7, 9, 11, 14, 18, 19, 21, 23, 24, 25, 26, 31, 32, 33, 34, 36]
		(Gen. 39) BestSol = Solution: cost=[366.0], size=[20], elements=[1, 2, 4, 7, 9, 11, 14, 15, 18, 19, 21, 23, 24, 25, 26, 31, 32, 33, 34, 36]

		maxVal = Solution: cost=[366.0], size=[20], elements=[1, 2, 4, 7, 9, 11, 14, 15, 18, 19, 21, 23, 24, 25, 26, 31, 32, 33, 34, 36]

}
