{
	Instancia		: instances/qbf060
	Interações		: 10000000
	Tamanho pop.		: 100
	Mutação taxa		: 0.01
	Algoritmo		: Padrão
		(Gen. 0) BestSol = Solution: cost=[194.0], size=[27], elements=[0, 4, 6, 10, 14, 18, 20, 21, 22, 23, 24, 26, 27, 28, 29, 31, 34, 35, 38, 39, 41, 45, 47, 50, 51, 52, 53]
		(Gen. 1) BestSol = Solution: cost=[209.0], size=[26], elements=[0, 4, 6, 10, 14, 20, 21, 22, 23, 24, 26, 27, 28, 29, 31, 34, 35, 38, 39, 41, 45, 47, 50, 51, 52, 53]
		(Gen. 4) BestSol = Solution: cost=[244.0], size=[26], elements=[0, 4, 6, 10, 14, 20, 21, 22, 23, 24, 26, 27, 28, 29, 31, 34, 35, 38, 39, 41, 44, 45, 49, 51, 52, 53]
		(Gen. 8) BestSol = Solution: cost=[263.0], size=[26], elements=[0, 4, 6, 10, 14, 20, 21, 22, 23, 24, 26, 27, 28, 29, 31, 34, 35, 38, 39, 41, 44, 45, 50, 51, 52, 53]
		(Gen. 9) BestSol = Solution: cost=[295.0], size=[26], elements=[0, 4, 6, 11, 14, 20, 21, 22, 23, 24, 26, 27, 28, 29, 31, 34, 35, 38, 39, 41, 44, 45, 49, 51, 52, 53]
		(Gen. 10) BestSol = Solution: cost=[325.0], size=[24], elements=[0, 4, 5, 11, 15, 16, 17, 21, 22, 23, 24, 27, 28, 29, 31, 34, 35, 38, 39, 41, 44, 49, 52, 53]
		(Gen. 16) BestSol = Solution: cost=[328.0], size=[25], elements=[0, 4, 5, 11, 15, 16, 17, 21, 22, 23, 24, 27, 28, 29, 31, 34, 35, 38, 39, 41, 44, 49, 52, 53, 54]
		(Gen. 17) BestSol = Solution: cost=[365.0], size=[26], elements=[4, 11, 14, 16, 17, 20, 22, 23, 24, 26, 27, 28, 29, 31, 34, 35, 38, 39, 41, 44, 45, 49, 51, 52, 53, 59]
		(Gen. 21) BestSol = Solution: cost=[397.0], size=[24], elements=[4, 11, 16, 17, 21, 22, 23, 24, 27, 28, 29, 31, 34, 35, 38, 39, 41, 44, 45, 49, 51, 52, 53, 59]
		(Gen. 30) BestSol = Solution: cost=[406.0], size=[25], elements=[4, 11, 16, 17, 18, 21, 22, 23, 24, 27, 28, 29, 31, 34, 35, 38, 39, 41, 44, 45, 49, 51, 52, 53, 59]
		(Gen. 31) BestSol = Solution: cost=[410.0], size=[25], elements=[4, 11, 16, 17, 18, 21, 22, 23, 24, 26, 27, 28, 29, 31, 34, 35, 38, 41, 44, 45, 49, 51, 52, 53, 59]
		(Gen. 33) BestSol = Solution: cost=[424.0], size=[26], elements=[2, 4, 11, 16, 17, 18, 21, 22, 23, 24, 26, 27, 28, 29, 31, 34, 35, 38, 41, 44, 45, 49, 51, 52, 53, 59]
		(Gen. 39) BestSol = Solution: cost=[426.0], size=[27], elements=[4, 11, 14, 16, 17, 18, 21, 22, 23, 24, 26, 27, 28, 29, 31, 34, 35, 38, 41, 42, 44, 45, 49, 51, 52, 53, 59]
		(Gen. 41) BestSol = Solution: cost=[429.0], size=[26], elements=[4, 11, 14, 16, 17, 21, 22, 23, 24, 26, 27, 28, 29, 31, 34, 35, 38, 41, 42, 44, 45, 49, 51, 52, 53, 59]
		(Gen. 42) BestSol = Solution: cost=[434.0], size=[27], elements=[4, 11, 14, 16, 17, 18, 21, 22, 23, 24, 26, 27, 28, 29, 34, 35, 38, 41, 42, 44, 45, 46, 49, 51, 52, 53, 59]
		(Gen. 43) BestSol = Solution: cost=[438.0], size=[27], elements=[2, 4, 11, 16, 17, 18, 21, 22, 23, 24, 26, 27, 28, 29, 31, 34, 35, 38, 41, 42, 44, 45, 49, 51, 52, 53, 59]
		(Gen. 60) BestSol = Solution: cost=[439.0], size=[26], elements=[2, 4, 11, 14, 17, 18, 22, 23, 24, 26, 27, 28, 29, 31, 34, 35, 38, 41, 42, 44, 45, 49, 51, 53, 56, 59]
		(Gen. 64) BestSol = Solution: cost=[445.0], size=[26], elements=[2, 4, 11, 16, 17, 18, 22, 23, 24, 26, 27, 28, 29, 31, 34, 35, 38, 41, 42, 44, 45, 49, 51, 53, 56, 59]
		(Gen. 71) BestSol = Solution: cost=[446.0], size=[26], elements=[2, 4, 11, 16, 17, 18, 22, 23, 24, 26, 27, 28, 29, 34, 35, 38, 41, 42, 44, 45, 49, 51, 52, 53, 56, 59]
		(Gen. 72) BestSol = Solution: cost=[455.0], size=[27], elements=[2, 3, 4, 11, 16, 17, 18, 22, 23, 24, 26, 27, 28, 29, 31, 34, 35, 38, 41, 42, 44, 45, 49, 51, 53, 56, 59]
		(Gen. 78) BestSol = Solution: cost=[457.0], size=[27], elements=[2, 4, 11, 16, 17, 18, 22, 23, 24, 26, 27, 28, 29, 30, 34, 35, 38, 41, 42, 44, 45, 49, 51, 52, 53, 56, 59]
		(Gen. 82) BestSol = Solution: cost=[470.0], size=[28], elements=[2, 4, 11, 14, 16, 17, 18, 22, 23, 24, 26, 27, 28, 29, 30, 34, 35, 38, 41, 42, 44, 45, 49, 51, 52, 53, 56, 59]
		(Gen. 86) BestSol = Solution: cost=[473.0], size=[29], elements=[2, 4, 11, 14, 16, 17, 18, 22, 23, 24, 26, 27, 28, 29, 30, 34, 35, 38, 41, 42, 44, 45, 49, 51, 52, 53, 55, 56, 59]
		(Gen. 89) BestSol = Solution: cost=[476.0], size=[28], elements=[2, 4, 11, 14, 16, 17, 18, 22, 23, 24, 26, 27, 28, 29, 30, 34, 35, 38, 42, 44, 45, 46, 49, 51, 52, 53, 56, 59]
		(Gen. 91) BestSol = Solution: cost=[482.0], size=[28], elements=[2, 4, 11, 14, 16, 17, 22, 23, 24, 26, 27, 28, 29, 30, 34, 35, 38, 41, 42, 44, 45, 46, 49, 51, 53, 55, 56, 59]
		(Gen. 96) BestSol = Solution: cost=[488.0], size=[27], elements=[2, 4, 11, 14, 17, 22, 23, 24, 26, 27, 28, 29, 30, 32, 34, 35, 38, 41, 42, 44, 45, 49, 51, 53, 55, 56, 59]
		(Gen. 97) BestSol = Solution: cost=[494.0], size=[28], elements=[2, 4, 11, 14, 17, 22, 23, 24, 26, 27, 28, 29, 30, 32, 34, 35, 38, 41, 42, 44, 45, 49, 51, 52, 53, 55, 56, 59]
		(Gen. 108) BestSol = Solution: cost=[495.0], size=[27], elements=[2, 3, 4, 11, 14, 17, 22, 23, 24, 26, 27, 28, 29, 30, 32, 34, 35, 38, 42, 44, 45, 49, 51, 53, 55, 56, 59]
		(Gen. 7562) BestSol = Solution: cost=[496.0], size=[25], elements=[2, 3, 4, 11, 12, 14, 16, 17, 24, 26, 27, 28, 29, 30, 34, 35, 38, 42, 44, 49, 51, 53, 55, 56, 59]
		(Gen. 7590) BestSol = Solution: cost=[499.0], size=[26], elements=[2, 3, 4, 11, 12, 14, 16, 17, 24, 26, 27, 28, 29, 30, 33, 34, 35, 38, 42, 44, 49, 51, 53, 55, 56, 59]
		(Gen. 7592) BestSol = Solution: cost=[500.0], size=[27], elements=[2, 3, 4, 11, 12, 14, 16, 17, 24, 26, 27, 28, 29, 30, 33, 34, 35, 38, 42, 44, 45, 49, 51, 53, 55, 56, 59]
		(Gen. 11032) BestSol = Solution: cost=[503.0], size=[28], elements=[2, 3, 4, 11, 12, 14, 16, 17, 19, 24, 26, 27, 29, 30, 33, 34, 35, 38, 41, 42, 44, 45, 49, 51, 54, 55, 56, 59]
		(Gen. 13083) BestSol = Solution: cost=[508.0], size=[25], elements=[2, 3, 4, 13, 14, 16, 17, 19, 24, 26, 27, 29, 30, 33, 35, 38, 42, 43, 44, 49, 51, 54, 55, 56, 59]

		maxVal = Solution: cost=[508.0], size=[25], elements=[2, 3, 4, 13, 14, 16, 17, 19, 24, 26, 27, 29, 30, 33, 35, 38, 42, 43, 44, 49, 51, 54, 55, 56, 59]

}
