{
	Instancia		: instances/qbf100
	Interações		: 10000000
	Tamanho pop.		: 100
	Mutação taxa		: 0.01
	Algoritmo		: UniformCrossove
		(Gen. 0) BestSol = Solution: cost=[238.0], size=[40], elements=[0, 2, 3, 5, 6, 10, 14, 18, 20, 21, 26, 27, 28, 29, 30, 31, 32, 34, 36, 37, 40, 43, 44, 45, 46, 49, 51, 54, 59, 67, 68, 69, 73, 74, 75, 79, 84, 91, 94, 95]
		(Gen. 1) BestSol = Solution: cost=[259.0], size=[36], elements=[3, 5, 8, 11, 17, 18, 24, 29, 30, 33, 34, 38, 45, 48, 49, 53, 57, 60, 61, 62, 63, 64, 68, 69, 70, 74, 78, 79, 81, 85, 86, 89, 92, 93, 95, 97]
		(Gen. 2) BestSol = Solution: cost=[298.0], size=[34], elements=[3, 5, 10, 15, 17, 18, 23, 24, 25, 28, 29, 30, 33, 34, 40, 44, 51, 58, 60, 61, 63, 65, 66, 67, 69, 71, 78, 81, 84, 91, 93, 95, 96, 99]
		(Gen. 3) BestSol = Solution: cost=[304.0], size=[28], elements=[1, 3, 4, 5, 17, 18, 24, 25, 29, 32, 33, 34, 38, 42, 45, 50, 51, 56, 58, 66, 69, 71, 73, 78, 81, 84, 90, 98]
		(Gen. 5) BestSol = Solution: cost=[340.0], size=[35], elements=[8, 10, 11, 12, 15, 19, 21, 23, 24, 27, 33, 34, 38, 39, 42, 43, 45, 52, 58, 59, 62, 63, 68, 69, 71, 73, 75, 76, 78, 79, 81, 87, 89, 92, 96]
		(Gen. 6) BestSol = Solution: cost=[423.0], size=[27], elements=[5, 7, 10, 12, 15, 17, 18, 19, 22, 23, 33, 38, 39, 50, 51, 56, 57, 61, 62, 63, 69, 72, 75, 81, 85, 87, 94]
		(Gen. 7) BestSol = Solution: cost=[536.0], size=[33], elements=[4, 7, 9, 10, 11, 12, 14, 15, 18, 20, 23, 24, 25, 28, 38, 42, 44, 45, 56, 58, 61, 63, 67, 68, 69, 71, 72, 73, 78, 79, 82, 87, 96]
		(Gen. 11) BestSol = Solution: cost=[591.0], size=[35], elements=[2, 4, 7, 10, 12, 14, 15, 17, 18, 20, 23, 24, 25, 31, 38, 42, 44, 45, 51, 56, 58, 61, 63, 67, 68, 69, 71, 72, 73, 78, 79, 82, 84, 87, 96]
		(Gen. 16) BestSol = Solution: cost=[592.0], size=[29], elements=[2, 4, 7, 10, 11, 14, 17, 18, 20, 22, 23, 25, 34, 38, 42, 44, 45, 51, 63, 64, 68, 69, 71, 72, 79, 84, 87, 90, 96]
		(Gen. 17) BestSol = Solution: cost=[662.0], size=[33], elements=[2, 4, 7, 10, 12, 14, 16, 20, 23, 24, 28, 29, 34, 39, 42, 44, 49, 51, 56, 59, 61, 62, 63, 67, 68, 69, 71, 72, 73, 78, 79, 87, 96]
		(Gen. 18) BestSol = Solution: cost=[703.0], size=[40], elements=[2, 7, 10, 11, 12, 14, 15, 18, 20, 22, 23, 24, 25, 29, 34, 36, 38, 39, 42, 43, 44, 45, 56, 57, 58, 61, 63, 68, 69, 71, 72, 73, 74, 77, 78, 79, 81, 84, 85, 96]
		(Gen. 20) BestSol = Solution: cost=[744.0], size=[35], elements=[2, 4, 7, 10, 11, 14, 18, 19, 20, 22, 23, 24, 25, 33, 34, 38, 42, 43, 44, 45, 49, 61, 63, 68, 69, 71, 72, 73, 78, 79, 81, 84, 92, 94, 96]
		(Gen. 22) BestSol = Solution: cost=[807.0], size=[38], elements=[2, 7, 10, 11, 12, 14, 15, 17, 18, 20, 22, 23, 24, 25, 34, 38, 42, 43, 44, 45, 59, 61, 62, 63, 67, 68, 69, 71, 72, 73, 74, 78, 79, 84, 87, 90, 91, 96]
		(Gen. 23) BestSol = Solution: cost=[844.0], size=[36], elements=[2, 4, 7, 10, 14, 15, 17, 18, 20, 23, 24, 25, 28, 34, 38, 42, 44, 45, 51, 57, 59, 61, 63, 67, 68, 69, 71, 72, 73, 74, 78, 79, 81, 84, 85, 96]
		(Gen. 24) BestSol = Solution: cost=[908.0], size=[39], elements=[2, 4, 7, 10, 11, 14, 17, 18, 19, 20, 22, 23, 24, 25, 28, 33, 34, 38, 42, 44, 45, 50, 57, 61, 63, 67, 68, 69, 71, 72, 73, 74, 78, 79, 81, 85, 87, 94, 96]
		(Gen. 26) BestSol = Solution: cost=[931.0], size=[41], elements=[2, 7, 10, 14, 18, 19, 20, 22, 23, 24, 25, 27, 28, 33, 34, 38, 42, 44, 45, 50, 51, 56, 61, 62, 63, 67, 68, 69, 71, 72, 73, 78, 79, 81, 85, 86, 87, 90, 92, 94, 96]
		(Gen. 28) BestSol = Solution: cost=[952.0], size=[38], elements=[2, 7, 10, 14, 17, 18, 19, 20, 22, 23, 24, 25, 33, 34, 38, 42, 43, 44, 45, 49, 51, 57, 61, 62, 63, 67, 68, 69, 71, 72, 73, 74, 78, 79, 85, 86, 91, 96]
		(Gen. 30) BestSol = Solution: cost=[1021.0], size=[43], elements=[2, 7, 9, 10, 12, 14, 15, 16, 18, 20, 22, 23, 24, 25, 28, 33, 34, 38, 39, 42, 44, 45, 49, 51, 57, 59, 61, 62, 63, 67, 68, 69, 71, 72, 73, 78, 79, 80, 81, 84, 85, 92, 96]
		(Gen. 38) BestSol = Solution: cost=[1038.0], size=[41], elements=[2, 7, 9, 10, 12, 14, 15, 16, 18, 19, 20, 22, 23, 24, 25, 28, 33, 34, 38, 42, 44, 45, 50, 51, 57, 61, 62, 63, 67, 68, 69, 71, 72, 73, 74, 78, 79, 85, 86, 92, 96]
		(Gen. 39) BestSol = Solution: cost=[1116.0], size=[41], elements=[2, 7, 9, 10, 14, 16, 17, 18, 19, 20, 22, 23, 24, 25, 28, 33, 34, 38, 42, 44, 45, 49, 51, 56, 57, 61, 62, 63, 67, 68, 69, 71, 73, 74, 78, 79, 84, 85, 92, 94, 96]
		(Gen. 44) BestSol = Solution: cost=[1126.0], size=[43], elements=[2, 7, 9, 10, 14, 15, 16, 17, 18, 19, 20, 22, 23, 24, 25, 28, 33, 34, 38, 42, 44, 45, 49, 51, 56, 57, 61, 62, 63, 67, 68, 69, 71, 73, 74, 78, 79, 81, 84, 85, 92, 94, 96]
		(Gen. 45) BestSol = Solution: cost=[1138.0], size=[43], elements=[2, 7, 9, 10, 14, 15, 16, 18, 19, 20, 22, 23, 24, 25, 28, 33, 34, 38, 42, 44, 45, 50, 51, 56, 57, 61, 62, 63, 67, 68, 69, 71, 72, 73, 74, 78, 79, 81, 84, 85, 92, 94, 96]
		(Gen. 48) BestSol = Solution: cost=[1180.0], size=[42], elements=[2, 7, 9, 10, 14, 15, 16, 17, 18, 19, 20, 22, 23, 24, 25, 28, 33, 34, 38, 42, 44, 45, 50, 51, 57, 61, 62, 63, 67, 68, 69, 71, 72, 73, 74, 78, 79, 81, 84, 85, 92, 96]
		(Gen. 49) BestSol = Solution: cost=[1217.0], size=[45], elements=[2, 7, 9, 10, 14, 15, 16, 17, 18, 19, 20, 22, 23, 24, 25, 28, 33, 34, 38, 42, 44, 45, 50, 51, 56, 57, 61, 62, 63, 67, 68, 69, 71, 72, 73, 74, 78, 79, 81, 84, 85, 90, 92, 94, 96]
		(Gen. 60) BestSol = Solution: cost=[1220.0], size=[45], elements=[2, 7, 9, 10, 14, 16, 17, 18, 19, 20, 22, 23, 24, 25, 28, 33, 34, 38, 42, 44, 45, 50, 51, 56, 57, 61, 62, 63, 64, 67, 68, 69, 71, 72, 73, 74, 78, 79, 81, 84, 85, 90, 92, 94, 96]
		(Gen. 65) BestSol = Solution: cost=[1227.0], size=[47], elements=[2, 7, 9, 10, 14, 15, 16, 17, 18, 19, 20, 22, 23, 24, 25, 28, 29, 33, 34, 38, 42, 44, 45, 50, 51, 56, 57, 61, 62, 63, 67, 68, 69, 71, 72, 73, 74, 78, 79, 81, 84, 85, 90, 91, 92, 94, 96]
		(Gen. 76) BestSol = Solution: cost=[1238.0], size=[47], elements=[2, 7, 9, 10, 14, 16, 17, 18, 19, 20, 22, 23, 24, 25, 28, 33, 34, 38, 42, 44, 45, 50, 51, 56, 57, 61, 62, 63, 64, 67, 68, 69, 71, 72, 73, 74, 78, 79, 81, 84, 85, 86, 90, 91, 92, 94, 96]
		(Gen. 83) BestSol = Solution: cost=[1243.0], size=[46], elements=[2, 7, 9, 10, 14, 16, 17, 18, 19, 20, 22, 23, 24, 25, 28, 29, 33, 34, 38, 42, 44, 45, 50, 51, 56, 57, 61, 62, 63, 64, 67, 68, 69, 71, 72, 73, 74, 78, 79, 84, 85, 86, 90, 92, 94, 96]
		(Gen. 90) BestSol = Solution: cost=[1259.0], size=[47], elements=[2, 7, 9, 10, 14, 16, 17, 18, 19, 20, 22, 23, 24, 25, 28, 29, 33, 34, 38, 42, 44, 45, 50, 51, 56, 57, 61, 62, 63, 64, 67, 68, 69, 71, 72, 73, 74, 78, 79, 84, 85, 86, 90, 91, 92, 94, 96]
		(Gen. 94) BestSol = Solution: cost=[1263.0], size=[46], elements=[2, 7, 9, 10, 14, 16, 17, 18, 19, 20, 22, 23, 25, 28, 29, 33, 34, 38, 42, 44, 45, 50, 51, 56, 57, 61, 62, 63, 64, 67, 68, 69, 71, 72, 73, 74, 78, 79, 84, 85, 86, 90, 91, 92, 94, 96]

		maxVal = Solution: cost=[1263.0], size=[46], elements=[2, 7, 9, 10, 14, 16, 17, 18, 19, 20, 22, 23, 25, 28, 29, 33, 34, 38, 42, 44, 45, 50, 51, 56, 57, 61, 62, 63, 64, 67, 68, 69, 71, 72, 73, 74, 78, 79, 84, 85, 86, 90, 91, 92, 94, 96]

}
