{
	Instancia		: instances/qbf040
	Interações		: 100000
	Tamanho pop.		: 100
	Mutação taxa		: 0.03
	Algoritmo		: UniformCrossove
		(Gen. 0) BestSol = Solution: cost=[143.0], size=[19], elements=[0, 2, 4, 8, 9, 11, 15, 17, 18, 21, 25, 29, 30, 31, 32, 33, 34, 36, 38]
		(Gen. 2) BestSol = Solution: cost=[166.0], size=[14], elements=[0, 1, 2, 3, 4, 9, 15, 21, 22, 25, 29, 31, 32, 36]
		(Gen. 4) BestSol = Solution: cost=[178.0], size=[14], elements=[1, 4, 7, 8, 9, 11, 14, 15, 20, 21, 22, 24, 32, 36]
		(Gen. 5) BestSol = Solution: cost=[216.0], size=[16], elements=[4, 7, 9, 11, 12, 14, 15, 18, 19, 21, 24, 26, 31, 32, 33, 35]
		(Gen. 9) BestSol = Solution: cost=[224.0], size=[19], elements=[1, 2, 4, 8, 9, 10, 14, 15, 18, 19, 20, 21, 24, 25, 26, 29, 32, 33, 36]
		(Gen. 10) BestSol = Solution: cost=[236.0], size=[15], elements=[0, 1, 4, 7, 9, 11, 14, 15, 18, 21, 22, 24, 31, 33, 36]
		(Gen. 13) BestSol = Solution: cost=[267.0], size=[18], elements=[0, 1, 2, 4, 7, 9, 11, 14, 15, 18, 21, 23, 24, 31, 33, 34, 35, 36]
		(Gen. 14) BestSol = Solution: cost=[279.0], size=[16], elements=[1, 4, 7, 9, 11, 14, 15, 18, 21, 23, 24, 25, 31, 32, 34, 36]
		(Gen. 15) BestSol = Solution: cost=[295.0], size=[17], elements=[0, 1, 2, 4, 7, 9, 11, 14, 15, 18, 21, 22, 23, 24, 31, 34, 36]
		(Gen. 24) BestSol = Solution: cost=[296.0], size=[18], elements=[0, 4, 7, 9, 11, 14, 15, 17, 19, 21, 23, 24, 25, 31, 32, 33, 34, 36]
		(Gen. 29) BestSol = Solution: cost=[314.0], size=[19], elements=[0, 4, 7, 9, 11, 14, 15, 17, 19, 21, 23, 24, 25, 26, 31, 32, 33, 34, 36]
		(Gen. 31) BestSol = Solution: cost=[316.0], size=[19], elements=[1, 2, 4, 7, 9, 10, 11, 14, 15, 18, 19, 21, 24, 25, 26, 31, 33, 34, 36]
		(Gen. 33) BestSol = Solution: cost=[344.0], size=[20], elements=[1, 2, 4, 7, 9, 10, 11, 14, 15, 18, 19, 21, 24, 25, 26, 31, 32, 33, 34, 36]
		(Gen. 39) BestSol = Solution: cost=[345.0], size=[21], elements=[1, 2, 4, 7, 9, 11, 14, 15, 18, 19, 21, 23, 24, 25, 26, 31, 32, 33, 34, 36, 39]
		(Gen. 44) BestSol = Solution: cost=[352.0], size=[19], elements=[1, 2, 4, 7, 9, 11, 14, 15, 18, 19, 21, 23, 24, 26, 31, 32, 33, 34, 36]
		(Gen. 45) BestSol = Solution: cost=[366.0], size=[20], elements=[1, 2, 4, 7, 9, 11, 14, 15, 18, 19, 21, 23, 24, 25, 26, 31, 32, 33, 34, 36]

		maxVal = Solution: cost=[366.0], size=[20], elements=[1, 2, 4, 7, 9, 11, 14, 15, 18, 19, 21, 23, 24, 25, 26, 31, 32, 33, 34, 36]

}
