{
	Instancia		: instances/qbf100
	Interações		: 10000000
	Tamanho pop.		: 1000
	Mutação taxa		: 0.001
	Algoritmo		: UniformCrossove
		(Gen. 0) BestSol = Solution: cost=[361.0], size=[43], elements=[3, 4, 10, 11, 13, 15, 16, 19, 21, 23, 28, 29, 35, 37, 38, 39, 47, 51, 54, 57, 59, 61, 62, 63, 64, 65, 67, 68, 69, 74, 75, 76, 77, 78, 79, 80, 81, 84, 86, 89, 91, 93, 98]
		(Gen. 1) BestSol = Solution: cost=[381.0], size=[43], elements=[1, 2, 3, 7, 10, 11, 16, 22, 25, 26, 27, 29, 30, 31, 32, 34, 36, 38, 39, 40, 43, 45, 47, 51, 54, 60, 63, 65, 67, 68, 69, 77, 80, 82, 83, 84, 87, 88, 91, 93, 94, 95, 96]
		(Gen. 2) BestSol = Solution: cost=[423.0], size=[31], elements=[0, 2, 5, 7, 10, 14, 16, 17, 29, 30, 34, 39, 42, 50, 59, 61, 62, 64, 72, 73, 74, 78, 79, 81, 84, 85, 86, 88, 89, 92, 98]
		(Gen. 3) BestSol = Solution: cost=[461.0], size=[37], elements=[2, 4, 9, 10, 11, 12, 13, 15, 16, 19, 21, 22, 23, 25, 26, 29, 38, 47, 51, 54, 55, 57, 61, 62, 63, 64, 68, 75, 77, 80, 82, 84, 87, 92, 93, 94, 99]
		(Gen. 4) BestSol = Solution: cost=[472.0], size=[37], elements=[0, 2, 4, 6, 7, 10, 12, 14, 15, 16, 17, 21, 23, 28, 34, 37, 38, 39, 45, 49, 50, 54, 57, 60, 63, 71, 72, 75, 79, 82, 84, 86, 88, 91, 92, 98, 99]
		(Gen. 5) BestSol = Solution: cost=[483.0], size=[30], elements=[0, 2, 10, 13, 14, 17, 22, 25, 29, 31, 32, 37, 38, 43, 45, 47, 51, 59, 62, 64, 66, 67, 72, 74, 82, 84, 85, 89, 91, 96]
		(Gen. 7) BestSol = Solution: cost=[516.0], size=[30], elements=[2, 7, 10, 11, 12, 14, 17, 18, 19, 23, 27, 29, 31, 33, 34, 38, 39, 43, 44, 50, 51, 57, 64, 71, 73, 84, 86, 89, 91, 96]
		(Gen. 8) BestSol = Solution: cost=[563.0], size=[32], elements=[2, 10, 11, 13, 14, 15, 17, 21, 29, 33, 38, 43, 51, 56, 57, 59, 61, 62, 64, 67, 68, 71, 79, 82, 84, 85, 90, 91, 94, 95, 96, 99]
		(Gen. 10) BestSol = Solution: cost=[588.0], size=[32], elements=[2, 3, 4, 14, 17, 18, 21, 22, 23, 28, 29, 34, 40, 43, 44, 45, 51, 56, 57, 61, 64, 67, 68, 69, 73, 74, 78, 84, 85, 86, 91, 96]
		(Gen. 12) BestSol = Solution: cost=[604.0], size=[34], elements=[2, 3, 7, 9, 10, 14, 16, 17, 20, 22, 23, 28, 29, 31, 33, 37, 38, 44, 45, 51, 61, 62, 63, 64, 68, 69, 79, 81, 84, 88, 89, 91, 94, 95]
		(Gen. 13) BestSol = Solution: cost=[606.0], size=[31], elements=[2, 3, 4, 7, 10, 14, 16, 17, 20, 22, 29, 30, 33, 38, 45, 51, 59, 61, 62, 64, 68, 69, 72, 74, 82, 84, 85, 91, 92, 95, 96]
		(Gen. 14) BestSol = Solution: cost=[682.0], size=[34], elements=[2, 3, 10, 11, 15, 16, 17, 18, 21, 22, 23, 24, 25, 28, 33, 38, 39, 40, 44, 45, 49, 51, 63, 69, 71, 74, 78, 79, 84, 89, 91, 94, 95, 96]
		(Gen. 15) BestSol = Solution: cost=[703.0], size=[34], elements=[3, 10, 11, 12, 14, 17, 21, 22, 29, 33, 34, 38, 45, 51, 57, 61, 62, 63, 64, 68, 71, 75, 77, 78, 79, 81, 82, 84, 85, 91, 94, 95, 96, 99]
		(Gen. 16) BestSol = Solution: cost=[709.0], size=[32], elements=[2, 7, 10, 14, 17, 18, 22, 23, 28, 29, 33, 34, 38, 39, 40, 42, 44, 45, 51, 62, 63, 69, 71, 74, 75, 77, 78, 80, 84, 88, 95, 96]
		(Gen. 18) BestSol = Solution: cost=[833.0], size=[33], elements=[2, 7, 10, 14, 17, 18, 22, 23, 25, 28, 29, 34, 38, 39, 42, 44, 47, 51, 57, 62, 69, 71, 74, 78, 80, 82, 84, 89, 90, 91, 94, 95, 96]
		(Gen. 19) BestSol = Solution: cost=[841.0], size=[34], elements=[2, 5, 7, 10, 14, 18, 19, 22, 23, 24, 29, 30, 33, 34, 38, 39, 42, 43, 44, 50, 51, 56, 57, 62, 69, 71, 72, 74, 78, 84, 89, 91, 94, 96]
		(Gen. 21) BestSol = Solution: cost=[848.0], size=[35], elements=[2, 7, 10, 11, 12, 14, 16, 17, 18, 21, 22, 23, 25, 28, 30, 33, 38, 43, 44, 45, 51, 57, 61, 62, 64, 68, 69, 71, 74, 79, 81, 84, 85, 86, 91]
		(Gen. 22) BestSol = Solution: cost=[855.0], size=[36], elements=[2, 5, 7, 10, 11, 14, 16, 17, 18, 19, 21, 22, 25, 29, 30, 33, 34, 38, 42, 44, 47, 51, 56, 57, 62, 63, 68, 69, 74, 78, 81, 82, 84, 85, 86, 91]
		(Gen. 23) BestSol = Solution: cost=[900.0], size=[36], elements=[2, 6, 7, 10, 12, 14, 16, 18, 19, 22, 23, 28, 29, 33, 34, 38, 39, 42, 43, 44, 51, 57, 62, 63, 64, 68, 69, 71, 72, 74, 79, 84, 85, 91, 94, 96]
		(Gen. 24) BestSol = Solution: cost=[907.0], size=[34], elements=[2, 7, 10, 14, 17, 18, 22, 23, 24, 28, 29, 33, 34, 38, 42, 43, 44, 45, 51, 56, 57, 62, 63, 64, 68, 69, 71, 72, 74, 78, 81, 84, 85, 96]
		(Gen. 25) BestSol = Solution: cost=[996.0], size=[39], elements=[2, 7, 10, 14, 16, 17, 18, 19, 22, 23, 25, 28, 29, 33, 38, 42, 43, 44, 45, 51, 57, 61, 62, 63, 64, 67, 68, 69, 71, 72, 74, 78, 79, 80, 81, 84, 85, 86, 91]
		(Gen. 28) BestSol = Solution: cost=[1004.0], size=[39], elements=[2, 3, 7, 10, 14, 16, 17, 18, 19, 22, 23, 24, 25, 28, 29, 30, 33, 34, 38, 42, 43, 45, 51, 61, 62, 63, 64, 67, 68, 69, 71, 74, 78, 79, 84, 85, 86, 91, 96]
		(Gen. 29) BestSol = Solution: cost=[1018.0], size=[39], elements=[2, 7, 10, 14, 16, 17, 18, 19, 21, 22, 23, 25, 28, 29, 33, 34, 38, 39, 42, 44, 45, 51, 56, 57, 62, 63, 64, 67, 69, 71, 72, 74, 78, 79, 84, 85, 86, 91, 94]
		(Gen. 30) BestSol = Solution: cost=[1051.0], size=[42], elements=[2, 3, 7, 10, 12, 14, 16, 17, 18, 19, 22, 23, 29, 30, 33, 34, 38, 42, 44, 45, 51, 56, 57, 62, 63, 64, 67, 68, 69, 71, 72, 74, 78, 79, 81, 84, 85, 86, 91, 92, 94, 96]
		(Gen. 31) BestSol = Solution: cost=[1071.0], size=[40], elements=[2, 7, 10, 14, 17, 18, 19, 21, 22, 23, 24, 25, 28, 29, 33, 34, 38, 39, 42, 44, 45, 51, 56, 57, 62, 63, 64, 67, 69, 71, 72, 74, 78, 79, 81, 84, 85, 86, 91, 94]
		(Gen. 32) BestSol = Solution: cost=[1136.0], size=[42], elements=[2, 7, 10, 14, 16, 17, 18, 19, 22, 23, 25, 28, 29, 33, 34, 38, 42, 44, 45, 51, 56, 57, 61, 62, 63, 64, 67, 68, 69, 71, 72, 74, 78, 79, 81, 82, 84, 85, 86, 91, 92, 96]
		(Gen. 36) BestSol = Solution: cost=[1142.0], size=[41], elements=[2, 7, 10, 14, 16, 17, 18, 19, 22, 23, 25, 28, 29, 33, 34, 38, 42, 44, 45, 50, 51, 56, 57, 61, 62, 63, 64, 67, 68, 69, 71, 72, 74, 78, 79, 81, 84, 85, 86, 91, 96]
		(Gen. 38) BestSol = Solution: cost=[1189.0], size=[43], elements=[2, 7, 10, 14, 16, 17, 18, 19, 20, 22, 23, 25, 28, 29, 33, 34, 38, 42, 44, 45, 51, 56, 57, 61, 62, 63, 64, 67, 68, 69, 71, 72, 73, 74, 78, 79, 81, 84, 85, 86, 91, 92, 96]
		(Gen. 42) BestSol = Solution: cost=[1200.0], size=[44], elements=[2, 7, 10, 14, 16, 17, 18, 19, 20, 22, 23, 24, 25, 28, 29, 33, 34, 38, 42, 44, 45, 51, 56, 57, 61, 62, 63, 64, 67, 68, 69, 71, 72, 73, 74, 78, 79, 81, 84, 85, 86, 91, 92, 96]
		(Gen. 43) BestSol = Solution: cost=[1217.0], size=[44], elements=[2, 7, 10, 14, 16, 17, 18, 19, 20, 22, 23, 24, 25, 28, 29, 33, 34, 38, 42, 44, 45, 51, 56, 57, 61, 62, 63, 64, 67, 68, 69, 71, 72, 73, 74, 78, 79, 81, 84, 85, 86, 90, 91, 96]
		(Gen. 45) BestSol = Solution: cost=[1253.0], size=[47], elements=[2, 7, 10, 14, 16, 17, 18, 19, 20, 22, 23, 24, 25, 28, 29, 33, 34, 38, 40, 42, 44, 45, 50, 51, 56, 57, 61, 62, 63, 64, 67, 68, 69, 71, 72, 73, 74, 78, 79, 81, 84, 85, 86, 90, 91, 92, 96]
		(Gen. 46) BestSol = Solution: cost=[1255.0], size=[47], elements=[2, 7, 10, 14, 16, 17, 18, 19, 20, 22, 23, 24, 25, 28, 29, 33, 34, 38, 40, 42, 44, 45, 51, 56, 57, 61, 62, 63, 64, 67, 68, 69, 71, 72, 73, 74, 78, 79, 81, 84, 85, 86, 90, 91, 92, 94, 96]
		(Gen. 51) BestSol = Solution: cost=[1258.0], size=[48], elements=[2, 7, 10, 14, 16, 17, 18, 19, 20, 22, 23, 24, 25, 28, 29, 33, 34, 38, 40, 42, 44, 45, 50, 51, 56, 57, 61, 62, 63, 64, 67, 68, 69, 71, 72, 73, 74, 78, 79, 81, 84, 85, 86, 90, 91, 92, 94, 96]
		(Gen. 55) BestSol = Solution: cost=[1261.0], size=[48], elements=[2, 7, 9, 10, 14, 16, 17, 18, 19, 20, 22, 23, 24, 25, 28, 29, 33, 34, 38, 42, 44, 45, 50, 51, 56, 57, 61, 62, 63, 64, 67, 68, 69, 71, 72, 73, 74, 78, 79, 81, 84, 85, 86, 90, 91, 92, 94, 96]
		(Gen. 56) BestSol = Solution: cost=[1262.0], size=[49], elements=[2, 7, 9, 10, 14, 16, 17, 18, 19, 20, 22, 23, 24, 25, 28, 29, 33, 34, 38, 40, 42, 44, 45, 50, 51, 56, 57, 61, 62, 63, 64, 67, 68, 69, 71, 72, 73, 74, 78, 79, 81, 84, 85, 86, 90, 91, 92, 94, 96]

		maxVal = Solution: cost=[1262.0], size=[49], elements=[2, 7, 9, 10, 14, 16, 17, 18, 19, 20, 22, 23, 24, 25, 28, 29, 33, 34, 38, 40, 42, 44, 45, 50, 51, 56, 57, 61, 62, 63, 64, 67, 68, 69, 71, 72, 73, 74, 78, 79, 81, 84, 85, 86, 90, 91, 92, 94, 96]

}
