{
	Instancia		: instances/qbf100
	Interações		: 10000000
	Tamanho pop.		: 100
	Mutação taxa		: 0.03
	Algoritmo		: UniformCrossove
		(Gen. 0) BestSol = Solution: cost=[273.0], size=[41], elements=[0, 2, 4, 7, 10, 11, 14, 17, 19, 21, 24, 25, 28, 30, 33, 35, 36, 37, 38, 39, 40, 41, 43, 44, 45, 50, 52, 56, 59, 62, 64, 65, 69, 71, 72, 76, 78, 79, 87, 89, 99]
		(Gen. 1) BestSol = Solution: cost=[364.0], size=[37], elements=[1, 2, 4, 7, 10, 11, 17, 20, 23, 25, 28, 30, 36, 38, 45, 47, 50, 51, 52, 56, 59, 60, 64, 68, 70, 71, 72, 74, 77, 78, 79, 81, 83, 86, 90, 92, 95]
		(Gen. 7) BestSol = Solution: cost=[410.0], size=[29], elements=[2, 17, 18, 19, 20, 22, 23, 27, 36, 38, 44, 45, 49, 50, 52, 56, 57, 62, 63, 66, 68, 70, 71, 74, 77, 79, 90, 95, 96]
		(Gen. 9) BestSol = Solution: cost=[473.0], size=[27], elements=[2, 10, 11, 18, 20, 21, 22, 23, 24, 34, 36, 38, 42, 44, 63, 64, 65, 69, 71, 73, 74, 77, 81, 84, 88, 93, 96]
		(Gen. 15) BestSol = Solution: cost=[488.0], size=[33], elements=[2, 5, 7, 10, 18, 20, 21, 22, 23, 24, 27, 28, 34, 38, 40, 45, 50, 51, 55, 56, 57, 63, 64, 68, 69, 71, 74, 81, 82, 84, 92, 95, 99]
		(Gen. 19) BestSol = Solution: cost=[570.0], size=[31], elements=[2, 7, 10, 11, 12, 17, 22, 23, 26, 27, 30, 33, 34, 38, 42, 45, 47, 51, 57, 59, 62, 63, 64, 68, 71, 74, 77, 83, 85, 90, 95]
		(Gen. 21) BestSol = Solution: cost=[585.0], size=[30], elements=[4, 7, 10, 11, 21, 22, 23, 24, 28, 29, 33, 34, 38, 45, 50, 51, 55, 56, 57, 62, 63, 68, 74, 77, 79, 81, 82, 93, 95, 99]
		(Gen. 22) BestSol = Solution: cost=[642.0], size=[33], elements=[2, 7, 10, 14, 16, 20, 22, 23, 24, 26, 29, 30, 31, 38, 40, 42, 45, 56, 60, 62, 64, 68, 69, 71, 72, 74, 80, 85, 87, 91, 92, 95, 96]
		(Gen. 24) BestSol = Solution: cost=[698.0], size=[36], elements=[2, 3, 7, 10, 11, 17, 18, 22, 23, 24, 27, 30, 33, 34, 38, 45, 49, 51, 56, 57, 62, 63, 68, 69, 71, 74, 77, 79, 81, 82, 86, 88, 90, 94, 95, 96]
		(Gen. 25) BestSol = Solution: cost=[768.0], size=[34], elements=[2, 7, 10, 14, 16, 17, 18, 22, 23, 24, 27, 28, 31, 33, 34, 38, 42, 45, 51, 62, 63, 68, 69, 71, 74, 77, 78, 79, 83, 85, 90, 91, 94, 95]
		(Gen. 37) BestSol = Solution: cost=[779.0], size=[36], elements=[2, 7, 10, 11, 14, 17, 18, 22, 23, 24, 27, 28, 29, 31, 36, 38, 42, 44, 45, 47, 51, 52, 56, 57, 62, 63, 64, 68, 69, 71, 74, 78, 86, 90, 94, 95]
		(Gen. 38) BestSol = Solution: cost=[792.0], size=[33], elements=[2, 7, 10, 14, 16, 17, 18, 21, 22, 23, 24, 27, 28, 31, 33, 34, 38, 43, 45, 51, 56, 62, 63, 64, 68, 69, 71, 74, 78, 83, 85, 94, 95]
		(Gen. 41) BestSol = Solution: cost=[794.0], size=[34], elements=[2, 10, 14, 17, 18, 22, 23, 24, 27, 28, 31, 33, 34, 38, 40, 42, 43, 45, 51, 57, 62, 63, 64, 67, 68, 69, 71, 74, 78, 83, 85, 88, 94, 96]
		(Gen. 42) BestSol = Solution: cost=[812.0], size=[36], elements=[2, 3, 7, 10, 14, 16, 17, 18, 19, 20, 22, 23, 24, 28, 29, 33, 34, 38, 42, 43, 44, 45, 49, 51, 56, 62, 63, 66, 69, 71, 73, 74, 90, 91, 94, 95]
		(Gen. 65) BestSol = Solution: cost=[855.0], size=[40], elements=[2, 7, 9, 10, 14, 16, 17, 18, 19, 20, 22, 23, 24, 25, 28, 29, 33, 34, 37, 38, 39, 42, 43, 44, 45, 61, 62, 69, 71, 72, 73, 74, 77, 79, 83, 90, 92, 94, 95, 96]
		(Gen. 83) BestSol = Solution: cost=[930.0], size=[40], elements=[2, 7, 9, 10, 16, 17, 18, 19, 20, 22, 23, 25, 28, 29, 33, 34, 37, 38, 39, 42, 44, 45, 50, 51, 61, 62, 67, 69, 71, 72, 73, 74, 79, 83, 90, 91, 92, 94, 95, 96]
		(Gen. 118) BestSol = Solution: cost=[934.0], size=[39], elements=[2, 7, 9, 10, 16, 17, 18, 19, 22, 23, 24, 25, 28, 29, 33, 34, 36, 38, 42, 44, 45, 50, 51, 56, 61, 62, 68, 69, 71, 73, 74, 77, 78, 79, 81, 90, 94, 95, 96]
		(Gen. 119) BestSol = Solution: cost=[1036.0], size=[40], elements=[2, 7, 9, 10, 14, 16, 17, 18, 19, 20, 22, 23, 25, 28, 29, 33, 34, 37, 38, 39, 42, 44, 45, 50, 51, 62, 64, 67, 69, 71, 72, 73, 74, 79, 90, 91, 92, 94, 95, 96]
		(Gen. 279) BestSol = Solution: cost=[1053.0], size=[41], elements=[0, 2, 7, 9, 10, 14, 16, 17, 18, 19, 20, 22, 23, 25, 28, 29, 33, 34, 37, 38, 39, 42, 44, 45, 50, 51, 62, 64, 67, 69, 71, 72, 73, 74, 79, 90, 91, 92, 94, 95, 96]
		(Gen. 326) BestSol = Solution: cost=[1067.0], size=[42], elements=[0, 2, 7, 9, 10, 14, 16, 17, 18, 19, 20, 22, 23, 25, 28, 29, 31, 33, 34, 37, 38, 39, 42, 44, 45, 50, 51, 62, 64, 67, 69, 71, 72, 73, 74, 79, 90, 91, 92, 94, 95, 96]
		(Gen. 327) BestSol = Solution: cost=[1069.0], size=[40], elements=[0, 2, 7, 9, 10, 14, 16, 17, 18, 19, 20, 22, 23, 25, 28, 29, 33, 34, 37, 38, 39, 42, 44, 45, 50, 51, 62, 64, 69, 71, 72, 73, 74, 79, 90, 91, 92, 94, 95, 96]
		(Gen. 729) BestSol = Solution: cost=[1084.0], size=[41], elements=[2, 7, 10, 14, 16, 17, 18, 19, 20, 22, 23, 24, 25, 28, 29, 31, 33, 34, 38, 39, 42, 44, 45, 50, 51, 52, 56, 62, 63, 64, 69, 71, 73, 74, 79, 81, 88, 90, 94, 95, 96]
		(Gen. 782) BestSol = Solution: cost=[1086.0], size=[42], elements=[2, 7, 10, 14, 16, 17, 18, 19, 20, 22, 23, 24, 25, 28, 29, 31, 33, 34, 37, 38, 39, 42, 45, 51, 52, 56, 62, 63, 64, 69, 71, 72, 73, 74, 79, 81, 85, 86, 88, 90, 95, 96]
		(Gen. 999) BestSol = Solution: cost=[1092.0], size=[41], elements=[2, 7, 10, 14, 16, 17, 18, 19, 20, 22, 23, 24, 25, 28, 29, 31, 33, 34, 37, 38, 39, 42, 45, 51, 56, 62, 63, 64, 69, 71, 72, 73, 74, 79, 81, 85, 86, 88, 90, 95, 96]
		(Gen. 1322) BestSol = Solution: cost=[1098.0], size=[37], elements=[2, 7, 10, 14, 16, 17, 18, 19, 22, 23, 24, 25, 28, 29, 33, 34, 38, 39, 40, 42, 44, 45, 51, 56, 62, 63, 64, 69, 71, 72, 73, 74, 79, 81, 85, 90, 96]
		(Gen. 1994) BestSol = Solution: cost=[1129.0], size=[40], elements=[2, 7, 9, 10, 14, 16, 17, 18, 19, 22, 23, 24, 25, 28, 29, 33, 34, 38, 39, 40, 42, 44, 45, 51, 56, 62, 63, 64, 69, 71, 72, 73, 74, 77, 78, 79, 81, 85, 90, 96]
		(Gen. 2316) BestSol = Solution: cost=[1139.0], size=[41], elements=[2, 7, 9, 10, 14, 16, 17, 18, 19, 22, 23, 24, 25, 28, 29, 33, 34, 38, 39, 40, 42, 44, 45, 50, 51, 56, 62, 63, 64, 69, 71, 72, 73, 74, 77, 78, 79, 81, 85, 90, 96]
		(Gen. 3802) BestSol = Solution: cost=[1147.0], size=[43], elements=[2, 7, 9, 10, 14, 16, 17, 18, 19, 22, 23, 24, 25, 28, 29, 31, 33, 34, 38, 39, 40, 42, 44, 45, 50, 51, 56, 59, 62, 63, 64, 67, 69, 71, 72, 73, 74, 78, 79, 85, 88, 90, 96]
		(Gen. 4080) BestSol = Solution: cost=[1156.0], size=[43], elements=[2, 7, 9, 10, 14, 16, 17, 18, 19, 22, 23, 24, 25, 28, 29, 31, 33, 34, 38, 39, 40, 42, 44, 45, 50, 51, 56, 62, 63, 64, 67, 69, 71, 72, 73, 74, 77, 78, 79, 85, 88, 90, 96]
		(Gen. 4334) BestSol = Solution: cost=[1164.0], size=[44], elements=[2, 7, 9, 10, 14, 16, 17, 18, 19, 22, 23, 24, 25, 28, 29, 31, 33, 34, 38, 39, 40, 42, 44, 45, 50, 51, 56, 62, 63, 64, 67, 69, 71, 72, 73, 74, 77, 78, 79, 85, 88, 90, 94, 96]
		(Gen. 4810) BestSol = Solution: cost=[1169.0], size=[45], elements=[2, 7, 9, 10, 14, 16, 17, 18, 19, 20, 22, 23, 24, 25, 28, 29, 33, 34, 38, 39, 42, 44, 45, 50, 51, 56, 62, 63, 64, 67, 69, 71, 72, 73, 74, 77, 78, 79, 85, 88, 90, 91, 92, 94, 96]

		maxVal = Solution: cost=[1169.0], size=[45], elements=[2, 7, 9, 10, 14, 16, 17, 18, 19, 20, 22, 23, 24, 25, 28, 29, 33, 34, 38, 39, 42, 44, 45, 50, 51, 56, 62, 63, 64, 67, 69, 71, 72, 73, 74, 77, 78, 79, 85, 88, 90, 91, 92, 94, 96]

}
