{
	Instancia		: instances/qbf060
	Interações		: 10000000
	Tamanho pop.		: 1000
	Mutação taxa		: 0.001
	Algoritmo		: UniformCrossove
		(Gen. 0) BestSol = Solution: cost=[185.0], size=[21], elements=[1, 2, 4, 5, 10, 11, 12, 16, 17, 18, 22, 29, 31, 32, 34, 40, 41, 42, 45, 46, 52]
		(Gen. 1) BestSol = Solution: cost=[243.0], size=[20], elements=[0, 2, 4, 8, 9, 11, 17, 18, 23, 26, 30, 32, 33, 38, 42, 44, 45, 53, 56, 57]
		(Gen. 2) BestSol = Solution: cost=[247.0], size=[19], elements=[0, 3, 4, 11, 16, 17, 18, 19, 24, 29, 35, 38, 44, 45, 49, 51, 53, 55, 59]
		(Gen. 5) BestSol = Solution: cost=[252.0], size=[22], elements=[2, 4, 16, 17, 20, 24, 27, 29, 30, 32, 33, 35, 36, 38, 41, 42, 44, 45, 50, 52, 54, 56]
		(Gen. 6) BestSol = Solution: cost=[297.0], size=[21], elements=[2, 3, 4, 14, 20, 22, 23, 24, 27, 29, 31, 35, 37, 38, 41, 43, 44, 50, 51, 54, 56]
		(Gen. 9) BestSol = Solution: cost=[320.0], size=[20], elements=[2, 3, 4, 14, 17, 23, 24, 26, 29, 35, 40, 41, 44, 45, 49, 51, 53, 54, 56, 59]
		(Gen. 11) BestSol = Solution: cost=[321.0], size=[23], elements=[0, 3, 4, 11, 19, 22, 23, 24, 26, 27, 29, 31, 32, 34, 38, 41, 44, 45, 49, 50, 51, 53, 56]
		(Gen. 12) BestSol = Solution: cost=[355.0], size=[23], elements=[4, 14, 17, 19, 20, 22, 23, 24, 27, 29, 30, 34, 35, 38, 41, 42, 44, 45, 49, 51, 52, 54, 56]
		(Gen. 13) BestSol = Solution: cost=[394.0], size=[24], elements=[2, 4, 11, 16, 17, 20, 21, 22, 23, 24, 26, 28, 29, 30, 35, 38, 41, 42, 44, 45, 51, 55, 56, 59]
		(Gen. 17) BestSol = Solution: cost=[422.0], size=[26], elements=[3, 4, 11, 14, 17, 22, 23, 24, 26, 27, 28, 29, 30, 34, 35, 38, 40, 41, 44, 45, 46, 49, 51, 53, 56, 59]
		(Gen. 21) BestSol = Solution: cost=[449.0], size=[26], elements=[3, 4, 11, 14, 16, 17, 22, 23, 24, 26, 27, 28, 29, 30, 34, 35, 38, 41, 44, 45, 49, 51, 53, 55, 56, 59]
		(Gen. 22) BestSol = Solution: cost=[454.0], size=[25], elements=[2, 4, 11, 14, 17, 21, 22, 23, 24, 26, 29, 30, 34, 35, 38, 41, 42, 44, 45, 49, 51, 53, 55, 56, 59]
		(Gen. 23) BestSol = Solution: cost=[460.0], size=[27], elements=[2, 3, 4, 11, 14, 16, 17, 22, 23, 24, 26, 27, 28, 29, 30, 34, 35, 38, 41, 44, 45, 49, 51, 53, 55, 56, 59]
		(Gen. 24) BestSol = Solution: cost=[484.0], size=[26], elements=[2, 3, 4, 11, 14, 16, 17, 22, 23, 24, 26, 27, 28, 29, 34, 35, 38, 42, 44, 45, 49, 51, 53, 55, 56, 59]
		(Gen. 25) BestSol = Solution: cost=[491.0], size=[28], elements=[2, 3, 4, 11, 14, 17, 22, 23, 24, 26, 27, 28, 29, 30, 32, 34, 35, 38, 41, 42, 44, 45, 49, 51, 53, 55, 56, 59]
		(Gen. 27) BestSol = Solution: cost=[494.0], size=[28], elements=[2, 3, 4, 11, 14, 16, 17, 22, 23, 24, 26, 27, 28, 29, 30, 34, 35, 38, 41, 42, 44, 45, 49, 51, 53, 55, 56, 59]
		(Gen. 29) BestSol = Solution: cost=[495.0], size=[27], elements=[2, 3, 4, 11, 14, 17, 22, 23, 24, 26, 27, 28, 29, 30, 32, 34, 35, 38, 42, 44, 45, 49, 51, 53, 55, 56, 59]

		maxVal = Solution: cost=[495.0], size=[27], elements=[2, 3, 4, 11, 14, 17, 22, 23, 24, 26, 27, 28, 29, 30, 32, 34, 35, 38, 42, 44, 45, 49, 51, 53, 55, 56, 59]

}
