{
	Instancia		: instances/qbf040
	Interações		: 100000
	Tamanho pop.		: 100
	Mutação taxa		: 0.01
	Algoritmo		: UniformCrossove
		(Gen. 0) BestSol = Solution: cost=[144.0], size=[18], elements=[0, 6, 7, 9, 10, 12, 13, 15, 17, 20, 21, 22, 24, 27, 29, 34, 35, 36]
		(Gen. 2) BestSol = Solution: cost=[168.0], size=[16], elements=[1, 2, 3, 4, 7, 9, 14, 15, 17, 21, 23, 25, 26, 32, 34, 39]
		(Gen. 3) BestSol = Solution: cost=[175.0], size=[19], elements=[0, 2, 3, 4, 9, 10, 11, 14, 15, 17, 21, 25, 27, 32, 33, 34, 36, 37, 39]
		(Gen. 4) BestSol = Solution: cost=[193.0], size=[19], elements=[1, 2, 4, 7, 9, 10, 11, 12, 14, 15, 21, 24, 25, 32, 33, 34, 36, 37, 39]
		(Gen. 8) BestSol = Solution: cost=[262.0], size=[16], elements=[1, 2, 4, 7, 9, 10, 11, 12, 15, 19, 21, 24, 32, 33, 34, 36]
		(Gen. 11) BestSol = Solution: cost=[300.0], size=[17], elements=[2, 4, 7, 9, 10, 11, 14, 15, 19, 21, 24, 29, 31, 32, 33, 34, 36]
		(Gen. 15) BestSol = Solution: cost=[312.0], size=[16], elements=[2, 4, 7, 9, 11, 14, 15, 19, 21, 24, 29, 31, 32, 33, 34, 36]
		(Gen. 19) BestSol = Solution: cost=[320.0], size=[17], elements=[1, 2, 4, 7, 9, 11, 14, 15, 19, 21, 24, 29, 31, 32, 33, 34, 36]
		(Gen. 24) BestSol = Solution: cost=[322.0], size=[18], elements=[1, 2, 4, 7, 9, 11, 14, 15, 19, 21, 24, 26, 29, 31, 32, 33, 34, 36]
		(Gen. 25) BestSol = Solution: cost=[323.0], size=[18], elements=[0, 2, 4, 7, 9, 11, 14, 15, 19, 21, 24, 27, 29, 31, 32, 33, 34, 36]
		(Gen. 26) BestSol = Solution: cost=[324.0], size=[19], elements=[1, 2, 4, 7, 9, 10, 11, 14, 15, 19, 21, 24, 26, 29, 31, 32, 33, 34, 36]
		(Gen. 28) BestSol = Solution: cost=[335.0], size=[19], elements=[1, 2, 4, 7, 9, 11, 14, 15, 19, 21, 24, 25, 26, 29, 31, 32, 33, 34, 36]
		(Gen. 41) BestSol = Solution: cost=[344.0], size=[20], elements=[1, 2, 4, 7, 9, 10, 11, 14, 15, 18, 19, 21, 24, 25, 26, 31, 32, 33, 34, 36]
		(Gen. 43) BestSol = Solution: cost=[346.0], size=[19], elements=[1, 2, 4, 7, 9, 11, 14, 15, 18, 19, 21, 24, 25, 26, 31, 32, 33, 34, 36]
		(Gen. 51) BestSol = Solution: cost=[366.0], size=[20], elements=[1, 2, 4, 7, 9, 11, 14, 15, 18, 19, 21, 23, 24, 25, 26, 31, 32, 33, 34, 36]

		maxVal = Solution: cost=[366.0], size=[20], elements=[1, 2, 4, 7, 9, 11, 14, 15, 18, 19, 21, 23, 24, 25, 26, 31, 32, 33, 34, 36]

}
