{
	Instancia		: instances/qbf060
	Interações		: 10000000
	Tamanho pop.		: 100
	Mutação taxa		: 0.01
	Algoritmo		: UniformCrossove
		(Gen. 0) BestSol = Solution: cost=[166.0], size=[24], elements=[2, 4, 15, 17, 18, 20, 22, 23, 24, 27, 29, 31, 34, 42, 43, 45, 48, 49, 50, 51, 53, 56, 57, 59]
		(Gen. 1) BestSol = Solution: cost=[179.0], size=[26], elements=[0, 4, 5, 11, 14, 17, 21, 24, 27, 28, 29, 30, 32, 38, 40, 41, 42, 44, 46, 48, 49, 51, 52, 54, 57, 58]
		(Gen. 2) BestSol = Solution: cost=[237.0], size=[24], elements=[4, 13, 15, 16, 17, 19, 20, 21, 22, 23, 24, 29, 31, 33, 34, 35, 38, 41, 42, 43, 45, 49, 50, 56]
		(Gen. 7) BestSol = Solution: cost=[246.0], size=[22], elements=[1, 11, 16, 17, 18, 20, 21, 22, 23, 24, 28, 29, 31, 34, 39, 41, 42, 45, 49, 51, 52, 57]
		(Gen. 8) BestSol = Solution: cost=[274.0], size=[21], elements=[3, 4, 13, 16, 17, 22, 23, 24, 27, 28, 29, 31, 34, 38, 40, 41, 42, 43, 45, 49, 56]
		(Gen. 10) BestSol = Solution: cost=[284.0], size=[24], elements=[1, 11, 16, 17, 18, 20, 21, 22, 23, 24, 28, 29, 31, 34, 39, 41, 42, 44, 45, 46, 49, 51, 52, 57]
		(Gen. 11) BestSol = Solution: cost=[297.0], size=[21], elements=[4, 11, 13, 16, 17, 21, 22, 24, 26, 28, 29, 34, 38, 41, 42, 44, 45, 49, 50, 55, 56]
		(Gen. 13) BestSol = Solution: cost=[329.0], size=[22], elements=[3, 4, 11, 13, 16, 17, 21, 22, 23, 24, 28, 29, 34, 38, 41, 42, 44, 45, 49, 53, 55, 56]
		(Gen. 16) BestSol = Solution: cost=[337.0], size=[26], elements=[3, 4, 10, 11, 13, 16, 17, 21, 22, 23, 24, 28, 29, 31, 34, 38, 39, 41, 42, 44, 45, 49, 51, 53, 55, 56]
		(Gen. 17) BestSol = Solution: cost=[364.0], size=[22], elements=[4, 11, 16, 17, 20, 21, 22, 23, 24, 28, 29, 31, 34, 35, 38, 41, 42, 44, 45, 49, 51, 56]
		(Gen. 19) BestSol = Solution: cost=[374.0], size=[22], elements=[4, 11, 16, 17, 21, 22, 23, 24, 26, 28, 29, 31, 34, 35, 38, 41, 42, 44, 45, 49, 51, 56]
		(Gen. 20) BestSol = Solution: cost=[389.0], size=[23], elements=[4, 11, 16, 17, 20, 21, 22, 23, 24, 26, 28, 29, 31, 34, 35, 38, 41, 42, 44, 45, 49, 51, 56]
		(Gen. 24) BestSol = Solution: cost=[401.0], size=[25], elements=[4, 11, 16, 17, 21, 22, 23, 24, 26, 28, 29, 31, 34, 35, 37, 38, 41, 42, 44, 45, 49, 51, 53, 55, 56]
		(Gen. 25) BestSol = Solution: cost=[402.0], size=[25], elements=[4, 11, 13, 16, 17, 21, 22, 23, 24, 26, 28, 29, 31, 34, 35, 38, 41, 42, 44, 45, 49, 51, 53, 55, 56]
		(Gen. 26) BestSol = Solution: cost=[419.0], size=[26], elements=[3, 4, 11, 13, 16, 17, 21, 22, 23, 24, 26, 28, 29, 31, 34, 35, 38, 41, 42, 44, 45, 49, 51, 53, 55, 56]
		(Gen. 27) BestSol = Solution: cost=[429.0], size=[25], elements=[3, 4, 11, 16, 17, 21, 22, 23, 24, 26, 28, 29, 31, 34, 35, 38, 41, 42, 44, 45, 49, 51, 53, 55, 56]
		(Gen. 29) BestSol = Solution: cost=[441.0], size=[25], elements=[3, 4, 11, 16, 17, 21, 22, 23, 24, 26, 28, 29, 30, 34, 35, 38, 41, 42, 44, 45, 49, 51, 53, 55, 56]
		(Gen. 31) BestSol = Solution: cost=[448.0], size=[25], elements=[3, 4, 11, 16, 17, 22, 23, 24, 26, 27, 28, 29, 34, 35, 38, 41, 42, 44, 45, 49, 51, 53, 55, 56, 59]
		(Gen. 34) BestSol = Solution: cost=[451.0], size=[28], elements=[2, 3, 4, 11, 16, 17, 20, 21, 22, 23, 24, 26, 28, 29, 31, 34, 35, 38, 41, 42, 44, 45, 49, 51, 53, 55, 56, 59]
		(Gen. 36) BestSol = Solution: cost=[461.0], size=[26], elements=[2, 3, 4, 11, 16, 17, 22, 23, 24, 26, 27, 28, 29, 31, 34, 35, 38, 41, 42, 44, 45, 49, 51, 53, 55, 56]
		(Gen. 38) BestSol = Solution: cost=[475.0], size=[28], elements=[2, 3, 4, 11, 16, 17, 22, 23, 24, 26, 27, 28, 29, 31, 34, 35, 38, 41, 42, 43, 44, 45, 49, 51, 53, 55, 56, 59]
		(Gen. 41) BestSol = Solution: cost=[482.0], size=[27], elements=[2, 3, 4, 11, 16, 17, 22, 23, 24, 26, 27, 28, 29, 31, 34, 35, 38, 41, 42, 44, 45, 49, 51, 53, 55, 56, 59]
		(Gen. 49) BestSol = Solution: cost=[483.0], size=[28], elements=[2, 3, 4, 11, 14, 16, 17, 22, 23, 24, 26, 27, 28, 29, 31, 34, 35, 38, 41, 42, 44, 45, 49, 51, 53, 55, 56, 59]
		(Gen. 54) BestSol = Solution: cost=[494.0], size=[28], elements=[2, 3, 4, 11, 14, 16, 17, 22, 23, 24, 26, 27, 28, 29, 30, 34, 35, 38, 41, 42, 44, 45, 49, 51, 53, 55, 56, 59]
		(Gen. 74) BestSol = Solution: cost=[495.0], size=[27], elements=[2, 3, 4, 11, 14, 17, 22, 23, 24, 26, 27, 28, 29, 30, 32, 34, 35, 38, 42, 44, 45, 49, 51, 53, 55, 56, 59]

		maxVal = Solution: cost=[495.0], size=[27], elements=[2, 3, 4, 11, 14, 17, 22, 23, 24, 26, 27, 28, 29, 30, 32, 34, 35, 38, 42, 44, 45, 49, 51, 53, 55, 56, 59]

}
