{
	Instancia		: instances/qbf080
	Interações		: 10000000
	Tamanho pop.		: 1000
	Mutação taxa		: 0.003
	Algoritmo		: UniformCrossove
		(Gen. 0) BestSol = Solution: cost=[353.0], size=[36], elements=[1, 2, 3, 4, 10, 12, 14, 15, 18, 19, 21, 22, 24, 25, 27, 28, 32, 38, 39, 42, 44, 47, 50, 51, 52, 53, 59, 61, 62, 64, 67, 69, 71, 75, 77, 78]
		(Gen. 5) BestSol = Solution: cost=[360.0], size=[31], elements=[2, 3, 4, 8, 10, 11, 12, 14, 15, 19, 20, 21, 24, 28, 32, 38, 41, 42, 44, 47, 50, 52, 53, 59, 61, 62, 64, 71, 73, 74, 75]
		(Gen. 6) BestSol = Solution: cost=[385.0], size=[27], elements=[1, 2, 3, 4, 5, 7, 11, 12, 13, 19, 21, 24, 31, 42, 44, 48, 49, 52, 54, 57, 59, 60, 61, 70, 71, 72, 73]
		(Gen. 7) BestSol = Solution: cost=[390.0], size=[21], elements=[1, 2, 3, 4, 9, 13, 18, 19, 23, 28, 36, 37, 47, 49, 54, 62, 71, 72, 73, 74, 76]
		(Gen. 8) BestSol = Solution: cost=[421.0], size=[24], elements=[1, 2, 3, 4, 9, 10, 13, 18, 23, 31, 34, 42, 44, 48, 51, 54, 57, 59, 60, 69, 71, 72, 73, 76]
		(Gen. 9) BestSol = Solution: cost=[465.0], size=[22], elements=[1, 2, 3, 4, 13, 18, 22, 23, 25, 31, 37, 42, 44, 47, 48, 49, 51, 54, 55, 60, 61, 73]
		(Gen. 14) BestSol = Solution: cost=[491.0], size=[28], elements=[1, 2, 4, 5, 8, 9, 13, 15, 18, 19, 20, 22, 25, 29, 31, 36, 37, 42, 43, 44, 47, 48, 49, 54, 60, 64, 65, 69]
		(Gen. 15) BestSol = Solution: cost=[534.0], size=[25], elements=[1, 2, 3, 4, 8, 11, 18, 19, 24, 29, 31, 36, 37, 42, 43, 47, 48, 49, 50, 54, 61, 62, 71, 73, 74]
		(Gen. 16) BestSol = Solution: cost=[552.0], size=[28], elements=[1, 2, 3, 4, 5, 8, 11, 13, 16, 18, 22, 24, 29, 31, 37, 38, 42, 43, 48, 50, 52, 54, 60, 61, 65, 69, 73, 75]
		(Gen. 18) BestSol = Solution: cost=[556.0], size=[30], elements=[1, 2, 3, 4, 8, 13, 18, 19, 21, 22, 23, 24, 29, 31, 32, 37, 42, 44, 47, 48, 49, 51, 54, 55, 58, 59, 60, 61, 71, 75]
		(Gen. 19) BestSol = Solution: cost=[559.0], size=[27], elements=[1, 2, 3, 4, 5, 8, 10, 13, 18, 22, 25, 29, 31, 37, 42, 44, 47, 48, 49, 50, 51, 54, 59, 60, 61, 64, 77]
		(Gen. 20) BestSol = Solution: cost=[580.0], size=[30], elements=[1, 2, 3, 4, 8, 10, 11, 13, 18, 19, 21, 22, 23, 28, 31, 37, 42, 44, 47, 48, 49, 54, 58, 60, 61, 62, 71, 73, 74, 75]
		(Gen. 21) BestSol = Solution: cost=[586.0], size=[27], elements=[1, 2, 3, 7, 8, 10, 15, 18, 19, 24, 31, 36, 37, 41, 42, 43, 47, 48, 49, 50, 54, 58, 60, 61, 62, 64, 71]
		(Gen. 22) BestSol = Solution: cost=[610.0], size=[33], elements=[1, 2, 3, 4, 5, 8, 11, 13, 15, 16, 18, 20, 22, 25, 31, 37, 41, 42, 43, 44, 47, 48, 49, 50, 51, 54, 60, 61, 64, 65, 66, 71, 76]
		(Gen. 23) BestSol = Solution: cost=[620.0], size=[29], elements=[1, 2, 4, 8, 13, 18, 19, 20, 21, 22, 24, 31, 36, 37, 42, 43, 44, 47, 48, 49, 54, 60, 61, 62, 64, 71, 73, 75, 76]
		(Gen. 24) BestSol = Solution: cost=[624.0], size=[30], elements=[1, 2, 3, 4, 5, 8, 9, 13, 18, 19, 21, 24, 25, 31, 37, 42, 43, 44, 48, 49, 54, 58, 60, 62, 64, 65, 69, 71, 73, 76]
		(Gen. 25) BestSol = Solution: cost=[649.0], size=[32], elements=[1, 2, 3, 4, 8, 11, 12, 13, 18, 19, 20, 24, 25, 29, 31, 37, 41, 42, 43, 44, 47, 48, 50, 51, 54, 58, 60, 61, 62, 64, 65, 71]
		(Gen. 26) BestSol = Solution: cost=[683.0], size=[33], elements=[1, 2, 3, 4, 5, 8, 10, 13, 16, 18, 19, 20, 21, 22, 23, 24, 25, 31, 37, 42, 43, 44, 47, 48, 49, 54, 60, 61, 62, 64, 65, 71, 73]
		(Gen. 30) BestSol = Solution: cost=[686.0], size=[33], elements=[1, 2, 3, 4, 5, 8, 10, 13, 18, 19, 21, 22, 24, 25, 31, 37, 42, 43, 44, 47, 48, 49, 50, 51, 54, 60, 61, 62, 65, 69, 71, 73, 76]
		(Gen. 31) BestSol = Solution: cost=[705.0], size=[34], elements=[1, 2, 3, 4, 5, 8, 9, 10, 13, 18, 19, 20, 22, 24, 25, 31, 37, 42, 43, 44, 47, 48, 49, 50, 51, 54, 58, 60, 61, 62, 64, 65, 71, 76]
		(Gen. 32) BestSol = Solution: cost=[732.0], size=[34], elements=[1, 2, 3, 4, 5, 8, 10, 13, 18, 19, 21, 22, 24, 25, 31, 37, 42, 43, 44, 47, 48, 49, 50, 51, 52, 54, 58, 60, 61, 64, 65, 71, 73, 76]
		(Gen. 35) BestSol = Solution: cost=[742.0], size=[35], elements=[1, 2, 3, 4, 5, 7, 8, 13, 18, 19, 20, 21, 22, 24, 31, 36, 37, 41, 42, 43, 44, 47, 48, 49, 50, 54, 58, 60, 61, 62, 64, 71, 73, 75, 76]
		(Gen. 38) BestSol = Solution: cost=[749.0], size=[34], elements=[1, 2, 3, 4, 8, 10, 13, 18, 19, 20, 21, 22, 24, 25, 29, 31, 37, 42, 43, 44, 47, 48, 49, 50, 51, 52, 54, 58, 60, 61, 62, 64, 71, 76]
		(Gen. 41) BestSol = Solution: cost=[759.0], size=[33], elements=[1, 2, 3, 4, 8, 10, 13, 18, 19, 20, 21, 22, 24, 25, 31, 37, 42, 43, 44, 47, 48, 49, 50, 51, 52, 54, 58, 60, 61, 62, 64, 71, 76]
		(Gen. 43) BestSol = Solution: cost=[772.0], size=[35], elements=[1, 2, 3, 4, 8, 10, 13, 18, 19, 20, 21, 22, 24, 25, 31, 37, 42, 43, 44, 46, 47, 48, 49, 50, 51, 52, 54, 55, 58, 60, 61, 62, 64, 71, 76]
		(Gen. 45) BestSol = Solution: cost=[778.0], size=[33], elements=[1, 2, 3, 4, 5, 8, 10, 13, 18, 19, 21, 22, 24, 25, 31, 37, 42, 43, 44, 47, 48, 49, 50, 51, 52, 54, 58, 60, 61, 62, 71, 73, 76]
		(Gen. 51) BestSol = Solution: cost=[780.0], size=[35], elements=[1, 2, 3, 4, 5, 7, 8, 10, 13, 18, 19, 21, 22, 24, 25, 31, 37, 42, 43, 44, 47, 48, 49, 50, 51, 52, 54, 58, 60, 61, 62, 64, 71, 73, 76]
		(Gen. 80) BestSol = Solution: cost=[784.0], size=[35], elements=[1, 2, 3, 4, 5, 7, 8, 13, 18, 19, 21, 22, 24, 25, 31, 37, 41, 42, 43, 44, 47, 48, 49, 50, 51, 52, 54, 58, 60, 61, 62, 64, 71, 73, 76]
		(Gen. 102) BestSol = Solution: cost=[792.0], size=[35], elements=[1, 2, 3, 4, 5, 7, 8, 10, 13, 18, 19, 21, 22, 24, 31, 37, 42, 43, 44, 47, 48, 49, 50, 51, 52, 54, 58, 60, 61, 62, 64, 71, 73, 75, 76]
		(Gen. 105) BestSol = Solution: cost=[808.0], size=[34], elements=[1, 2, 3, 4, 5, 7, 8, 10, 13, 18, 19, 21, 22, 24, 31, 37, 42, 43, 44, 47, 48, 49, 50, 51, 52, 54, 58, 60, 61, 62, 71, 73, 75, 76]
		(Gen. 118) BestSol = Solution: cost=[820.0], size=[35], elements=[1, 2, 3, 4, 5, 7, 8, 10, 11, 13, 18, 19, 21, 22, 24, 31, 37, 42, 43, 44, 47, 48, 49, 50, 51, 52, 54, 58, 60, 61, 62, 71, 73, 75, 76]
		(Gen. 121) BestSol = Solution: cost=[834.0], size=[36], elements=[1, 2, 3, 4, 5, 7, 8, 10, 11, 13, 18, 19, 21, 22, 24, 31, 37, 42, 43, 44, 47, 48, 49, 50, 51, 52, 54, 55, 58, 60, 61, 62, 71, 73, 75, 76]

		maxVal = Solution: cost=[834.0], size=[36], elements=[1, 2, 3, 4, 5, 7, 8, 10, 11, 13, 18, 19, 21, 22, 24, 31, 37, 42, 43, 44, 47, 48, 49, 50, 51, 52, 54, 55, 58, 60, 61, 62, 71, 73, 75, 76]

}
