{
	Instancia		: instances/qbf100
	Interações		: 10000000
	Tamanho pop.		: 1000
	Mutação taxa		: 0.003
	Algoritmo		: UniformCrossove
		(Gen. 0) BestSol = Solution: cost=[360.0], size=[41], elements=[1, 2, 3, 8, 10, 11, 12, 16, 19, 21, 23, 24, 25, 26, 28, 33, 34, 38, 50, 51, 54, 56, 57, 61, 63, 64, 65, 66, 68, 69, 71, 74, 78, 79, 81, 82, 84, 88, 92, 95, 98]
		(Gen. 2) BestSol = Solution: cost=[376.0], size=[37], elements=[2, 3, 5, 7, 17, 18, 19, 20, 22, 25, 28, 29, 31, 33, 34, 38, 40, 41, 44, 46, 50, 51, 52, 62, 63, 68, 69, 71, 72, 73, 74, 80, 86, 88, 90, 93, 96]
		(Gen. 3) BestSol = Solution: cost=[474.0], size=[33], elements=[0, 3, 6, 7, 10, 12, 14, 16, 17, 22, 23, 24, 29, 30, 44, 57, 61, 63, 64, 68, 69, 71, 74, 75, 76, 78, 82, 84, 85, 86, 91, 94, 99]
		(Gen. 4) BestSol = Solution: cost=[490.0], size=[33], elements=[0, 3, 6, 7, 10, 12, 14, 15, 16, 17, 22, 24, 25, 29, 32, 34, 38, 42, 44, 46, 47, 53, 61, 62, 63, 64, 68, 69, 78, 84, 85, 91, 94]
		(Gen. 5) BestSol = Solution: cost=[497.0], size=[31], elements=[1, 3, 5, 6, 7, 10, 14, 15, 17, 18, 20, 23, 29, 31, 37, 39, 44, 49, 55, 59, 62, 63, 75, 78, 80, 82, 84, 90, 91, 92, 96]
		(Gen. 6) BestSol = Solution: cost=[550.0], size=[37], elements=[2, 3, 7, 10, 16, 17, 18, 19, 21, 22, 26, 29, 32, 34, 38, 40, 41, 47, 51, 56, 57, 59, 62, 63, 64, 67, 68, 69, 71, 74, 78, 82, 83, 84, 91, 92, 94]
		(Gen. 8) BestSol = Solution: cost=[569.0], size=[30], elements=[2, 3, 7, 9, 10, 16, 18, 21, 22, 23, 28, 29, 33, 34, 36, 38, 39, 42, 44, 51, 57, 59, 62, 66, 71, 72, 80, 82, 91, 93]
		(Gen. 11) BestSol = Solution: cost=[644.0], size=[33], elements=[0, 2, 3, 7, 10, 12, 14, 16, 17, 18, 22, 23, 28, 29, 34, 38, 39, 49, 51, 55, 57, 61, 62, 63, 64, 69, 71, 74, 80, 84, 89, 93, 96]
		(Gen. 15) BestSol = Solution: cost=[669.0], size=[34], elements=[2, 3, 7, 9, 10, 14, 16, 17, 20, 21, 22, 24, 28, 29, 33, 38, 45, 49, 51, 62, 63, 64, 67, 68, 69, 73, 74, 79, 80, 81, 82, 84, 85, 92]
		(Gen. 16) BestSol = Solution: cost=[699.0], size=[33], elements=[2, 3, 7, 10, 14, 18, 22, 23, 24, 28, 29, 30, 33, 37, 38, 39, 43, 44, 49, 51, 61, 62, 63, 67, 68, 69, 71, 73, 74, 82, 85, 91, 93]
		(Gen. 17) BestSol = Solution: cost=[708.0], size=[30], elements=[2, 3, 6, 7, 10, 14, 16, 19, 22, 23, 24, 29, 34, 39, 44, 45, 51, 62, 63, 64, 69, 71, 74, 79, 81, 84, 85, 89, 92, 96]
		(Gen. 18) BestSol = Solution: cost=[733.0], size=[35], elements=[2, 3, 10, 14, 16, 21, 22, 23, 24, 28, 29, 31, 33, 37, 39, 43, 49, 51, 56, 61, 62, 63, 68, 69, 73, 74, 80, 81, 84, 85, 89, 91, 93, 95, 96]
		(Gen. 19) BestSol = Solution: cost=[820.0], size=[36], elements=[2, 3, 7, 9, 10, 14, 16, 18, 22, 23, 28, 29, 33, 34, 38, 39, 44, 45, 49, 51, 55, 57, 62, 63, 69, 71, 74, 75, 80, 81, 82, 84, 89, 91, 93, 96]
		(Gen. 20) BestSol = Solution: cost=[845.0], size=[35], elements=[2, 3, 7, 9, 10, 14, 16, 17, 22, 23, 24, 28, 34, 42, 44, 45, 51, 56, 57, 61, 62, 63, 64, 67, 68, 69, 71, 74, 78, 79, 81, 84, 85, 86, 96]
		(Gen. 21) BestSol = Solution: cost=[886.0], size=[35], elements=[2, 7, 9, 10, 14, 17, 18, 19, 22, 23, 24, 25, 28, 29, 33, 34, 38, 39, 44, 45, 49, 51, 57, 61, 62, 63, 64, 69, 71, 74, 80, 81, 84, 85, 89]
		(Gen. 23) BestSol = Solution: cost=[911.0], size=[37], elements=[2, 3, 7, 9, 10, 14, 15, 16, 17, 18, 19, 22, 23, 24, 25, 28, 29, 33, 38, 44, 49, 51, 55, 56, 57, 61, 62, 63, 68, 69, 74, 84, 85, 89, 91, 94, 96]
		(Gen. 24) BestSol = Solution: cost=[916.0], size=[39], elements=[2, 3, 7, 10, 11, 16, 18, 22, 23, 24, 25, 33, 34, 38, 42, 44, 45, 49, 51, 56, 57, 61, 62, 63, 64, 68, 69, 71, 74, 78, 81, 84, 86, 89, 90, 91, 93, 95, 96]
		(Gen. 26) BestSol = Solution: cost=[1043.0], size=[39], elements=[2, 3, 7, 10, 14, 16, 17, 18, 19, 22, 23, 24, 28, 29, 33, 34, 38, 39, 44, 45, 49, 51, 56, 57, 62, 63, 64, 69, 71, 73, 74, 78, 79, 81, 84, 85, 89, 92, 96]
		(Gen. 31) BestSol = Solution: cost=[1082.0], size=[38], elements=[2, 3, 7, 9, 10, 14, 17, 18, 19, 22, 23, 24, 28, 29, 33, 34, 38, 39, 42, 44, 45, 51, 56, 57, 62, 63, 64, 69, 71, 74, 78, 80, 81, 84, 85, 89, 90, 96]
		(Gen. 32) BestSol = Solution: cost=[1101.0], size=[39], elements=[2, 3, 7, 10, 14, 16, 17, 18, 19, 22, 23, 24, 25, 28, 29, 33, 34, 38, 39, 40, 42, 44, 45, 49, 51, 56, 57, 62, 63, 64, 69, 71, 73, 74, 78, 84, 85, 89, 96]
		(Gen. 33) BestSol = Solution: cost=[1163.0], size=[44], elements=[2, 3, 7, 9, 10, 11, 14, 16, 17, 18, 19, 22, 23, 24, 25, 28, 29, 33, 34, 38, 39, 40, 42, 44, 45, 51, 56, 57, 62, 63, 64, 69, 71, 73, 74, 78, 79, 81, 84, 85, 89, 90, 91, 96]
		(Gen. 39) BestSol = Solution: cost=[1180.0], size=[43], elements=[2, 3, 7, 9, 10, 14, 16, 17, 18, 19, 22, 23, 24, 25, 28, 29, 31, 33, 34, 38, 42, 44, 45, 51, 56, 57, 62, 63, 64, 68, 69, 71, 73, 74, 78, 80, 81, 84, 85, 89, 90, 92, 96]
		(Gen. 41) BestSol = Solution: cost=[1192.0], size=[43], elements=[2, 3, 7, 9, 10, 14, 16, 17, 18, 19, 22, 23, 24, 25, 28, 29, 33, 34, 38, 42, 44, 45, 51, 56, 57, 61, 62, 63, 64, 68, 69, 71, 73, 74, 78, 80, 81, 84, 85, 89, 90, 92, 96]
		(Gen. 47) BestSol = Solution: cost=[1203.0], size=[44], elements=[2, 3, 7, 9, 10, 14, 16, 17, 18, 19, 22, 23, 24, 25, 28, 29, 33, 34, 38, 40, 42, 44, 45, 51, 56, 57, 61, 62, 63, 64, 68, 69, 71, 73, 74, 78, 80, 81, 84, 85, 89, 90, 92, 96]
		(Gen. 49) BestSol = Solution: cost=[1204.0], size=[45], elements=[2, 3, 7, 9, 10, 14, 16, 17, 18, 19, 22, 23, 24, 25, 28, 29, 33, 34, 38, 40, 42, 44, 45, 51, 56, 57, 61, 62, 63, 64, 68, 69, 71, 73, 74, 78, 80, 81, 84, 85, 86, 89, 90, 91, 96]
		(Gen. 51) BestSol = Solution: cost=[1206.0], size=[45], elements=[2, 3, 7, 9, 10, 14, 16, 17, 18, 19, 22, 23, 24, 25, 28, 29, 33, 34, 38, 39, 40, 42, 44, 45, 51, 56, 57, 61, 62, 63, 64, 69, 71, 73, 74, 78, 80, 81, 84, 85, 86, 89, 90, 91, 96]
		(Gen. 58) BestSol = Solution: cost=[1213.0], size=[43], elements=[2, 7, 9, 10, 14, 16, 17, 18, 19, 22, 23, 24, 25, 28, 29, 33, 34, 38, 40, 42, 44, 45, 51, 56, 57, 62, 63, 64, 66, 68, 69, 71, 73, 74, 78, 80, 81, 84, 85, 89, 90, 92, 96]
		(Gen. 73) BestSol = Solution: cost=[1218.0], size=[45], elements=[2, 3, 7, 9, 10, 14, 16, 17, 18, 19, 22, 23, 24, 25, 28, 29, 33, 34, 38, 40, 42, 44, 45, 49, 51, 56, 57, 62, 63, 64, 66, 68, 69, 71, 73, 74, 78, 80, 81, 84, 85, 89, 90, 92, 96]
		(Gen. 334) BestSol = Solution: cost=[1219.0], size=[44], elements=[2, 7, 9, 10, 14, 16, 17, 18, 19, 22, 23, 24, 25, 28, 29, 33, 34, 38, 40, 42, 44, 45, 50, 51, 56, 57, 62, 63, 64, 66, 68, 69, 71, 73, 74, 78, 80, 81, 84, 85, 89, 90, 92, 96]

		maxVal = Solution: cost=[1219.0], size=[44], elements=[2, 7, 9, 10, 14, 16, 17, 18, 19, 22, 23, 24, 25, 28, 29, 33, 34, 38, 40, 42, 44, 45, 50, 51, 56, 57, 62, 63, 64, 66, 68, 69, 71, 73, 74, 78, 80, 81, 84, 85, 89, 90, 92, 96]

}
