{
	Instancia		: instances/qbf080
	Interações		: 10000000
	Tamanho pop.		: 100
	Mutação taxa		: 0.03
	Algoritmo		: UniformCrossove
		(Gen. 0) BestSol = Solution: cost=[210.0], size=[30], elements=[3, 5, 6, 8, 10, 12, 16, 17, 18, 23, 24, 25, 31, 34, 37, 41, 42, 43, 48, 51, 54, 55, 59, 61, 62, 63, 69, 72, 74, 78]
		(Gen. 1) BestSol = Solution: cost=[342.0], size=[34], elements=[1, 3, 5, 7, 8, 9, 11, 13, 16, 19, 22, 24, 25, 31, 36, 37, 41, 42, 43, 44, 47, 48, 49, 53, 57, 59, 60, 61, 62, 64, 65, 69, 74, 76]
		(Gen. 8) BestSol = Solution: cost=[345.0], size=[32], elements=[1, 3, 4, 5, 7, 8, 9, 11, 13, 15, 16, 19, 22, 24, 25, 31, 38, 41, 42, 43, 46, 47, 48, 51, 53, 57, 59, 60, 62, 64, 65, 77]
		(Gen. 11) BestSol = Solution: cost=[410.0], size=[29], elements=[1, 4, 7, 8, 10, 15, 16, 18, 20, 22, 23, 25, 31, 37, 42, 43, 47, 48, 49, 51, 54, 57, 58, 59, 60, 61, 62, 72, 74]
		(Gen. 13) BestSol = Solution: cost=[413.0], size=[30], elements=[2, 3, 4, 5, 8, 14, 18, 19, 20, 22, 23, 24, 30, 31, 32, 36, 37, 42, 44, 47, 48, 49, 50, 51, 54, 58, 62, 66, 74, 79]
		(Gen. 14) BestSol = Solution: cost=[435.0], size=[30], elements=[1, 4, 7, 8, 10, 15, 16, 18, 20, 22, 23, 25, 31, 37, 42, 43, 44, 47, 48, 49, 51, 54, 57, 58, 59, 60, 61, 62, 72, 74]
		(Gen. 18) BestSol = Solution: cost=[478.0], size=[28], elements=[1, 2, 4, 8, 10, 13, 15, 18, 19, 20, 21, 31, 36, 38, 42, 43, 44, 46, 47, 48, 49, 51, 54, 57, 58, 60, 61, 65]
		(Gen. 19) BestSol = Solution: cost=[510.0], size=[29], elements=[1, 2, 4, 8, 13, 15, 18, 20, 21, 22, 31, 35, 36, 37, 38, 42, 43, 44, 47, 48, 49, 51, 54, 57, 60, 61, 65, 76, 78]
		(Gen. 23) BestSol = Solution: cost=[553.0], size=[28], elements=[1, 2, 3, 4, 8, 10, 13, 18, 20, 25, 31, 34, 36, 37, 38, 42, 43, 44, 47, 48, 49, 51, 54, 57, 60, 61, 65, 67]
		(Gen. 24) BestSol = Solution: cost=[586.0], size=[31], elements=[1, 2, 3, 4, 8, 10, 11, 13, 15, 18, 20, 21, 22, 31, 32, 34, 36, 37, 42, 43, 44, 47, 48, 49, 51, 54, 57, 60, 61, 62, 75]
		(Gen. 27) BestSol = Solution: cost=[600.0], size=[31], elements=[1, 2, 3, 4, 8, 10, 11, 13, 15, 16, 18, 20, 22, 24, 25, 31, 32, 36, 37, 42, 44, 47, 48, 50, 51, 54, 57, 60, 61, 62, 65]
		(Gen. 35) BestSol = Solution: cost=[601.0], size=[32], elements=[1, 2, 3, 4, 8, 10, 12, 13, 15, 16, 18, 19, 20, 21, 22, 25, 31, 32, 37, 42, 43, 44, 47, 48, 50, 51, 54, 57, 60, 61, 64, 71]
		(Gen. 53) BestSol = Solution: cost=[644.0], size=[33], elements=[1, 2, 3, 4, 5, 8, 10, 11, 12, 13, 15, 16, 18, 19, 20, 21, 25, 31, 36, 37, 42, 44, 47, 48, 49, 50, 54, 57, 60, 61, 62, 64, 69]
		(Gen. 61) BestSol = Solution: cost=[671.0], size=[36], elements=[1, 2, 3, 4, 8, 10, 11, 13, 15, 16, 18, 20, 21, 22, 24, 25, 29, 31, 32, 34, 37, 42, 44, 47, 48, 49, 50, 51, 54, 57, 58, 60, 61, 62, 71, 76]
		(Gen. 185) BestSol = Solution: cost=[683.0], size=[33], elements=[1, 2, 3, 4, 5, 8, 10, 11, 12, 13, 15, 18, 20, 22, 25, 31, 34, 37, 44, 47, 48, 49, 50, 51, 53, 54, 58, 60, 61, 62, 65, 76, 78]
		(Gen. 312) BestSol = Solution: cost=[684.0], size=[34], elements=[1, 2, 3, 4, 5, 8, 10, 11, 12, 13, 15, 16, 18, 20, 22, 25, 31, 32, 34, 37, 44, 47, 48, 49, 50, 51, 53, 54, 57, 58, 60, 61, 65, 78]
		(Gen. 382) BestSol = Solution: cost=[691.0], size=[31], elements=[1, 2, 3, 4, 5, 8, 10, 11, 13, 15, 18, 22, 25, 31, 32, 34, 37, 42, 44, 47, 48, 49, 50, 51, 52, 54, 57, 60, 61, 65, 69]
		(Gen. 405) BestSol = Solution: cost=[736.0], size=[37], elements=[1, 2, 3, 4, 5, 8, 10, 11, 12, 13, 15, 18, 22, 24, 25, 27, 31, 34, 37, 42, 44, 46, 47, 49, 50, 51, 52, 54, 55, 57, 60, 61, 65, 69, 71, 73, 79]
		(Gen. 588) BestSol = Solution: cost=[745.0], size=[35], elements=[1, 2, 3, 4, 5, 7, 8, 10, 11, 13, 15, 18, 22, 24, 25, 27, 31, 37, 42, 44, 47, 48, 49, 50, 51, 52, 54, 55, 57, 60, 61, 65, 69, 71, 73]
		(Gen. 589) BestSol = Solution: cost=[748.0], size=[37], elements=[1, 2, 3, 4, 5, 7, 8, 10, 11, 12, 13, 15, 18, 22, 24, 25, 27, 31, 34, 37, 42, 44, 47, 48, 49, 50, 51, 52, 54, 55, 57, 60, 61, 65, 69, 71, 73]
		(Gen. 748) BestSol = Solution: cost=[766.0], size=[37], elements=[1, 2, 3, 4, 5, 7, 8, 10, 11, 12, 13, 15, 18, 22, 24, 25, 27, 31, 37, 42, 44, 46, 47, 48, 49, 50, 51, 52, 54, 55, 57, 60, 61, 65, 69, 71, 73]
		(Gen. 830) BestSol = Solution: cost=[767.0], size=[36], elements=[1, 2, 3, 4, 5, 7, 8, 10, 11, 12, 13, 15, 18, 24, 25, 27, 31, 37, 42, 44, 46, 47, 48, 49, 50, 51, 52, 54, 55, 57, 60, 61, 65, 69, 71, 73]
		(Gen. 1009) BestSol = Solution: cost=[787.0], size=[36], elements=[1, 2, 3, 4, 5, 7, 8, 10, 11, 12, 13, 15, 18, 24, 25, 27, 31, 32, 37, 42, 44, 47, 48, 49, 50, 51, 52, 54, 55, 57, 60, 61, 65, 69, 71, 73]
		(Gen. 1876) BestSol = Solution: cost=[801.0], size=[35], elements=[1, 2, 3, 4, 5, 7, 8, 10, 11, 12, 13, 15, 18, 24, 27, 31, 32, 37, 42, 44, 47, 48, 49, 50, 51, 52, 54, 55, 57, 60, 61, 69, 71, 73, 75]
		(Gen. 2544) BestSol = Solution: cost=[802.0], size=[36], elements=[1, 2, 3, 4, 5, 7, 8, 10, 11, 12, 13, 15, 18, 21, 24, 27, 31, 32, 37, 42, 44, 47, 48, 49, 50, 51, 52, 54, 55, 57, 60, 61, 69, 71, 73, 75]
		(Gen. 2830) BestSol = Solution: cost=[807.0], size=[35], elements=[1, 2, 3, 4, 5, 7, 8, 10, 11, 13, 15, 18, 21, 24, 27, 31, 32, 37, 42, 44, 47, 48, 49, 50, 51, 52, 54, 55, 57, 60, 61, 69, 71, 73, 75]
		(Gen. 3332) BestSol = Solution: cost=[809.0], size=[36], elements=[1, 2, 3, 4, 5, 7, 8, 10, 11, 13, 15, 18, 21, 24, 27, 31, 32, 37, 42, 44, 47, 48, 49, 50, 51, 52, 54, 55, 57, 60, 61, 62, 69, 71, 73, 75]
		(Gen. 3791) BestSol = Solution: cost=[812.0], size=[37], elements=[1, 2, 3, 4, 5, 7, 8, 10, 11, 12, 13, 15, 18, 21, 24, 27, 31, 32, 37, 42, 44, 47, 48, 49, 50, 51, 52, 54, 55, 57, 60, 61, 62, 69, 71, 73, 75]
		(Gen. 4588) BestSol = Solution: cost=[816.0], size=[38], elements=[1, 2, 3, 4, 5, 7, 8, 10, 11, 12, 13, 15, 18, 19, 21, 24, 27, 31, 32, 37, 42, 44, 47, 48, 49, 50, 51, 52, 54, 55, 57, 60, 61, 62, 69, 71, 73, 75]
		(Gen. 7395) BestSol = Solution: cost=[818.0], size=[39], elements=[1, 2, 3, 4, 5, 7, 8, 10, 11, 12, 13, 15, 18, 19, 21, 22, 24, 27, 31, 32, 37, 42, 44, 47, 48, 49, 50, 51, 52, 54, 55, 57, 60, 61, 62, 69, 71, 73, 75]
		(Gen. 7623) BestSol = Solution: cost=[824.0], size=[40], elements=[1, 2, 3, 4, 5, 7, 8, 10, 11, 12, 13, 15, 18, 19, 21, 22, 24, 27, 31, 32, 37, 42, 44, 46, 47, 48, 49, 50, 51, 52, 54, 55, 57, 60, 61, 62, 69, 71, 73, 75]

		maxVal = Solution: cost=[824.0], size=[40], elements=[1, 2, 3, 4, 5, 7, 8, 10, 11, 12, 13, 15, 18, 19, 21, 22, 24, 27, 31, 32, 37, 42, 44, 46, 47, 48, 49, 50, 51, 52, 54, 55, 57, 60, 61, 62, 69, 71, 73, 75]

}
