{
	Instancia		: instances/qbf080
	Interações		: 10000000
	Tamanho pop.		: 100
	Mutação taxa		: 0.01
	Algoritmo		: UniformCrossove
		(Gen. 0) BestSol = Solution: cost=[166.0], size=[33], elements=[6, 7, 8, 9, 13, 14, 17, 18, 19, 22, 23, 24, 27, 28, 30, 36, 42, 43, 49, 51, 52, 58, 60, 61, 62, 67, 68, 69, 71, 72, 73, 74, 75]
		(Gen. 1) BestSol = Solution: cost=[195.0], size=[33], elements=[2, 3, 4, 5, 8, 9, 11, 15, 16, 18, 22, 23, 25, 27, 29, 30, 37, 40, 42, 46, 48, 53, 55, 56, 57, 58, 60, 61, 65, 66, 68, 70, 73]
		(Gen. 2) BestSol = Solution: cost=[206.0], size=[30], elements=[1, 3, 9, 13, 14, 19, 21, 23, 24, 25, 28, 31, 33, 34, 41, 42, 43, 48, 50, 51, 57, 58, 60, 63, 65, 66, 72, 74, 76, 77]
		(Gen. 3) BestSol = Solution: cost=[250.0], size=[27], elements=[1, 3, 5, 9, 13, 14, 20, 21, 24, 25, 28, 29, 31, 33, 34, 41, 42, 47, 51, 53, 57, 58, 63, 65, 70, 76, 77]
		(Gen. 5) BestSol = Solution: cost=[302.0], size=[23], elements=[0, 4, 13, 18, 21, 24, 27, 30, 37, 44, 49, 51, 52, 53, 57, 62, 68, 69, 72, 73, 74, 76, 79]
		(Gen. 6) BestSol = Solution: cost=[308.0], size=[23], elements=[0, 1, 2, 10, 13, 18, 21, 22, 24, 25, 42, 43, 46, 47, 51, 52, 57, 62, 65, 68, 70, 71, 74]
		(Gen. 7) BestSol = Solution: cost=[342.0], size=[26], elements=[0, 1, 2, 3, 4, 5, 13, 15, 17, 18, 24, 31, 33, 34, 42, 43, 49, 51, 53, 58, 63, 66, 70, 72, 73, 76]
		(Gen. 9) BestSol = Solution: cost=[411.0], size=[26], elements=[0, 1, 2, 3, 5, 8, 13, 24, 25, 28, 29, 31, 34, 37, 42, 43, 49, 51, 52, 54, 58, 60, 66, 72, 73, 76]
		(Gen. 10) BestSol = Solution: cost=[416.0], size=[22], elements=[3, 4, 8, 13, 18, 25, 31, 34, 37, 41, 42, 44, 49, 51, 54, 58, 69, 70, 72, 73, 74, 76]
		(Gen. 11) BestSol = Solution: cost=[453.0], size=[28], elements=[1, 3, 4, 8, 11, 13, 14, 16, 22, 24, 25, 37, 41, 42, 44, 49, 51, 54, 55, 56, 57, 61, 62, 68, 69, 70, 74, 76]
		(Gen. 12) BestSol = Solution: cost=[471.0], size=[26], elements=[1, 2, 3, 5, 13, 18, 24, 25, 31, 33, 37, 42, 44, 49, 51, 52, 54, 55, 58, 66, 67, 69, 70, 71, 73, 76]
		(Gen. 13) BestSol = Solution: cost=[479.0], size=[28], elements=[0, 1, 2, 3, 4, 5, 8, 13, 18, 22, 24, 28, 31, 34, 42, 44, 48, 49, 51, 52, 54, 58, 65, 66, 71, 72, 73, 76]
		(Gen. 14) BestSol = Solution: cost=[530.0], size=[26], elements=[1, 2, 3, 4, 8, 13, 18, 22, 23, 24, 25, 31, 37, 42, 44, 46, 47, 49, 51, 52, 54, 55, 58, 65, 66, 70]
		(Gen. 16) BestSol = Solution: cost=[552.0], size=[30], elements=[1, 2, 3, 4, 8, 13, 18, 22, 24, 25, 28, 29, 31, 34, 37, 42, 43, 44, 48, 49, 51, 54, 58, 60, 65, 66, 69, 70, 73, 76]
		(Gen. 17) BestSol = Solution: cost=[622.0], size=[32], elements=[1, 2, 3, 4, 5, 8, 13, 18, 19, 22, 25, 29, 31, 33, 37, 42, 44, 46, 47, 48, 49, 50, 51, 52, 54, 58, 60, 65, 70, 71, 72, 76]
		(Gen. 19) BestSol = Solution: cost=[643.0], size=[31], elements=[1, 2, 3, 4, 5, 8, 11, 13, 18, 22, 24, 25, 29, 31, 34, 37, 42, 44, 46, 47, 48, 49, 50, 51, 52, 54, 58, 65, 70, 71, 72]
		(Gen. 22) BestSol = Solution: cost=[662.0], size=[31], elements=[1, 2, 3, 4, 5, 8, 11, 13, 18, 22, 24, 25, 29, 31, 34, 37, 42, 43, 44, 46, 47, 49, 51, 52, 54, 58, 65, 70, 71, 73, 76]
		(Gen. 23) BestSol = Solution: cost=[673.0], size=[35], elements=[1, 2, 3, 4, 5, 8, 13, 18, 19, 22, 23, 24, 25, 28, 31, 34, 37, 42, 43, 44, 47, 48, 49, 50, 51, 54, 58, 60, 65, 66, 70, 71, 72, 73, 76]
		(Gen. 25) BestSol = Solution: cost=[712.0], size=[34], elements=[1, 2, 3, 4, 8, 11, 13, 18, 19, 22, 23, 24, 31, 34, 37, 42, 43, 44, 46, 48, 49, 51, 52, 54, 55, 58, 60, 61, 70, 71, 73, 75, 76, 79]
		(Gen. 32) BestSol = Solution: cost=[728.0], size=[35], elements=[0, 1, 2, 3, 4, 8, 13, 18, 19, 22, 23, 24, 31, 34, 37, 42, 43, 44, 46, 47, 48, 49, 51, 52, 54, 55, 58, 60, 61, 70, 71, 72, 73, 75, 76]
		(Gen. 33) BestSol = Solution: cost=[744.0], size=[35], elements=[1, 2, 3, 4, 8, 11, 13, 18, 19, 22, 23, 24, 31, 34, 37, 42, 43, 44, 46, 47, 48, 49, 51, 52, 54, 55, 58, 60, 61, 70, 71, 73, 75, 76, 79]
		(Gen. 38) BestSol = Solution: cost=[746.0], size=[35], elements=[1, 2, 3, 4, 5, 8, 13, 18, 19, 22, 24, 25, 31, 33, 34, 37, 42, 43, 44, 46, 47, 48, 49, 51, 52, 54, 55, 58, 60, 65, 70, 71, 72, 73, 76]
		(Gen. 39) BestSol = Solution: cost=[774.0], size=[33], elements=[1, 2, 3, 4, 5, 8, 13, 18, 19, 22, 23, 24, 31, 34, 37, 42, 43, 44, 46, 47, 48, 49, 51, 52, 54, 55, 58, 60, 70, 71, 73, 75, 76]
		(Gen. 44) BestSol = Solution: cost=[777.0], size=[34], elements=[1, 2, 3, 4, 5, 8, 11, 13, 18, 19, 22, 23, 24, 31, 34, 37, 42, 43, 44, 46, 47, 48, 49, 51, 52, 54, 55, 58, 60, 70, 71, 73, 75, 76]
		(Gen. 46) BestSol = Solution: cost=[782.0], size=[31], elements=[1, 2, 3, 4, 8, 13, 18, 19, 22, 24, 31, 37, 42, 43, 44, 46, 47, 48, 49, 51, 52, 54, 55, 58, 60, 62, 70, 71, 73, 75, 76]
		(Gen. 50) BestSol = Solution: cost=[796.0], size=[32], elements=[1, 2, 3, 4, 8, 13, 18, 19, 22, 24, 31, 37, 42, 43, 44, 46, 47, 48, 49, 51, 52, 54, 55, 58, 60, 62, 70, 71, 72, 73, 75, 76]
		(Gen. 53) BestSol = Solution: cost=[804.0], size=[35], elements=[1, 2, 3, 4, 5, 8, 13, 18, 19, 22, 24, 25, 31, 37, 42, 43, 44, 46, 47, 48, 49, 51, 52, 54, 55, 57, 58, 60, 61, 62, 70, 71, 72, 73, 76]
		(Gen. 67) BestSol = Solution: cost=[823.0], size=[35], elements=[0, 1, 2, 3, 4, 5, 8, 13, 18, 19, 22, 24, 25, 31, 37, 42, 43, 44, 46, 47, 48, 49, 51, 52, 54, 55, 57, 58, 60, 62, 70, 71, 72, 73, 76]
		(Gen. 272) BestSol = Solution: cost=[826.0], size=[34], elements=[1, 2, 3, 4, 5, 8, 13, 18, 19, 22, 24, 31, 37, 42, 43, 44, 46, 47, 48, 49, 51, 52, 54, 55, 57, 58, 60, 62, 70, 71, 72, 73, 75, 76]
		(Gen. 279) BestSol = Solution: cost=[827.0], size=[35], elements=[1, 2, 3, 4, 5, 8, 13, 18, 19, 21, 22, 24, 31, 37, 42, 43, 44, 46, 47, 48, 49, 51, 52, 54, 55, 57, 58, 60, 62, 70, 71, 72, 73, 75, 76]
		(Gen. 321) BestSol = Solution: cost=[828.0], size=[36], elements=[1, 2, 3, 4, 5, 8, 13, 18, 19, 21, 22, 24, 31, 37, 42, 43, 44, 46, 47, 48, 49, 50, 51, 52, 54, 55, 57, 58, 60, 62, 70, 71, 72, 73, 75, 76]
		(Gen. 326) BestSol = Solution: cost=[831.0], size=[36], elements=[1, 2, 3, 4, 5, 8, 13, 18, 19, 21, 22, 24, 31, 37, 42, 43, 44, 46, 47, 48, 49, 50, 51, 52, 54, 55, 57, 58, 60, 61, 62, 70, 71, 73, 75, 76]
		(Gen. 330) BestSol = Solution: cost=[833.0], size=[38], elements=[1, 2, 3, 4, 5, 8, 13, 18, 19, 21, 22, 24, 31, 37, 42, 43, 44, 46, 47, 48, 49, 50, 51, 52, 54, 55, 57, 58, 60, 61, 62, 70, 71, 72, 73, 74, 75, 76]
		(Gen. 347) BestSol = Solution: cost=[834.0], size=[37], elements=[1, 2, 3, 4, 8, 13, 18, 19, 21, 22, 24, 31, 37, 42, 43, 44, 46, 47, 48, 49, 50, 51, 52, 54, 55, 57, 58, 60, 61, 62, 70, 71, 72, 73, 74, 75, 76]
		(Gen. 356) BestSol = Solution: cost=[842.0], size=[38], elements=[1, 2, 3, 4, 7, 8, 13, 18, 19, 21, 22, 24, 31, 37, 42, 43, 44, 46, 47, 48, 49, 50, 51, 52, 54, 55, 57, 58, 60, 61, 62, 70, 71, 72, 73, 74, 75, 76]
		(Gen. 830) BestSol = Solution: cost=[851.0], size=[36], elements=[1, 2, 3, 4, 7, 8, 13, 18, 19, 21, 22, 24, 31, 37, 42, 43, 44, 46, 47, 48, 49, 50, 51, 52, 54, 55, 58, 60, 61, 62, 64, 71, 73, 74, 75, 76]

		maxVal = Solution: cost=[851.0], size=[36], elements=[1, 2, 3, 4, 7, 8, 13, 18, 19, 21, 22, 24, 31, 37, 42, 43, 44, 46, 47, 48, 49, 50, 51, 52, 54, 55, 58, 60, 61, 62, 64, 71, 73, 74, 75, 76]

}
