{
	Instancia		: instances/qbf080
	Interações		: 10000000
	Tamanho pop.		: 1000
	Mutação taxa		: 0.001
	Algoritmo		: UniformCrossove
		(Gen. 0) BestSol = Solution: cost=[262.0], size=[35], elements=[1, 3, 4, 6, 9, 12, 13, 15, 16, 18, 19, 20, 22, 24, 28, 31, 37, 43, 44, 48, 50, 51, 53, 54, 55, 57, 59, 60, 61, 62, 64, 70, 74, 75, 79]
		(Gen. 1) BestSol = Solution: cost=[417.0], size=[33], elements=[0, 1, 2, 3, 7, 8, 11, 18, 19, 31, 32, 35, 37, 38, 42, 43, 44, 46, 47, 49, 50, 51, 54, 55, 61, 62, 68, 69, 71, 73, 75, 76, 79]
		(Gen. 7) BestSol = Solution: cost=[428.0], size=[25], elements=[2, 3, 4, 8, 15, 18, 31, 37, 44, 47, 48, 49, 50, 51, 52, 54, 57, 59, 60, 61, 67, 72, 73, 74, 75]
		(Gen. 8) BestSol = Solution: cost=[446.0], size=[24], elements=[2, 3, 4, 8, 10, 13, 15, 18, 22, 24, 42, 43, 47, 49, 50, 51, 52, 54, 60, 61, 71, 74, 75, 76]
		(Gen. 9) BestSol = Solution: cost=[449.0], size=[26], elements=[2, 3, 4, 8, 11, 12, 13, 18, 21, 29, 31, 37, 42, 44, 47, 48, 49, 50, 54, 55, 57, 59, 60, 61, 69, 73]
		(Gen. 11) BestSol = Solution: cost=[488.0], size=[25], elements=[2, 3, 4, 5, 8, 9, 13, 15, 18, 19, 31, 35, 37, 38, 42, 44, 48, 51, 54, 57, 58, 60, 61, 69, 70]
		(Gen. 14) BestSol = Solution: cost=[497.0], size=[28], elements=[1, 2, 3, 4, 8, 9, 10, 13, 15, 16, 18, 24, 25, 31, 37, 42, 44, 47, 48, 49, 51, 54, 58, 59, 61, 65, 73, 76]
		(Gen. 15) BestSol = Solution: cost=[544.0], size=[25], elements=[1, 2, 3, 4, 8, 13, 15, 18, 31, 35, 37, 42, 43, 44, 47, 48, 49, 50, 51, 54, 57, 58, 60, 62, 73]
		(Gen. 16) BestSol = Solution: cost=[564.0], size=[28], elements=[1, 2, 3, 4, 5, 8, 10, 13, 15, 18, 19, 22, 25, 31, 37, 42, 44, 47, 48, 49, 54, 60, 61, 62, 69, 71, 73, 76]
		(Gen. 17) BestSol = Solution: cost=[589.0], size=[28], elements=[1, 2, 3, 4, 5, 8, 9, 11, 13, 18, 22, 24, 31, 35, 42, 44, 48, 49, 51, 54, 58, 61, 70, 71, 73, 74, 75, 76]
		(Gen. 18) BestSol = Solution: cost=[621.0], size=[29], elements=[1, 2, 3, 4, 8, 9, 13, 18, 21, 29, 31, 36, 37, 42, 44, 47, 48, 49, 50, 51, 54, 60, 61, 62, 69, 71, 73, 75, 76]
		(Gen. 21) BestSol = Solution: cost=[667.0], size=[34], elements=[1, 2, 3, 4, 8, 9, 11, 13, 16, 18, 19, 21, 22, 24, 31, 36, 37, 42, 44, 47, 48, 49, 50, 51, 54, 55, 58, 60, 61, 62, 70, 71, 73, 76]
		(Gen. 22) BestSol = Solution: cost=[676.0], size=[31], elements=[1, 2, 3, 4, 8, 18, 19, 22, 24, 29, 31, 35, 36, 37, 42, 43, 44, 46, 47, 48, 49, 50, 54, 55, 60, 61, 62, 69, 71, 75, 76]
		(Gen. 24) BestSol = Solution: cost=[696.0], size=[30], elements=[1, 2, 3, 4, 8, 10, 13, 18, 22, 24, 25, 31, 37, 42, 43, 44, 47, 48, 49, 50, 51, 52, 54, 60, 61, 62, 71, 72, 73, 76]
		(Gen. 25) BestSol = Solution: cost=[711.0], size=[31], elements=[1, 2, 3, 4, 5, 7, 8, 9, 13, 18, 19, 21, 22, 24, 31, 36, 37, 42, 44, 47, 48, 49, 50, 54, 60, 61, 62, 69, 71, 73, 75]
		(Gen. 27) BestSol = Solution: cost=[723.0], size=[36], elements=[1, 2, 3, 4, 8, 9, 11, 13, 18, 19, 21, 22, 24, 29, 31, 36, 37, 42, 43, 44, 47, 48, 51, 54, 55, 57, 58, 60, 61, 62, 70, 71, 72, 73, 75, 76]
		(Gen. 29) BestSol = Solution: cost=[746.0], size=[34], elements=[1, 2, 3, 4, 7, 8, 9, 13, 18, 19, 22, 24, 31, 36, 37, 42, 43, 44, 46, 47, 48, 49, 50, 51, 54, 55, 60, 62, 70, 71, 73, 74, 75, 76]
		(Gen. 30) BestSol = Solution: cost=[790.0], size=[37], elements=[1, 2, 3, 4, 5, 8, 11, 13, 18, 19, 21, 22, 24, 29, 31, 37, 42, 43, 44, 46, 47, 48, 49, 50, 51, 52, 54, 55, 60, 61, 62, 69, 71, 73, 75, 76, 79]
		(Gen. 33) BestSol = Solution: cost=[822.0], size=[36], elements=[1, 2, 3, 4, 5, 8, 10, 11, 13, 18, 19, 21, 22, 24, 31, 37, 42, 43, 44, 47, 48, 49, 50, 51, 52, 54, 55, 57, 58, 60, 61, 62, 71, 73, 75, 76]
		(Gen. 36) BestSol = Solution: cost=[834.0], size=[36], elements=[1, 2, 3, 4, 5, 7, 8, 10, 11, 13, 18, 19, 21, 22, 24, 31, 37, 42, 43, 44, 47, 48, 49, 50, 51, 52, 54, 55, 58, 60, 61, 62, 71, 73, 75, 76]
		(Gen. 43) BestSol = Solution: cost=[835.0], size=[34], elements=[1, 2, 3, 4, 7, 8, 13, 18, 19, 21, 22, 24, 31, 37, 42, 43, 44, 46, 47, 48, 49, 50, 51, 52, 54, 55, 58, 60, 61, 62, 71, 73, 75, 76]
		(Gen. 48) BestSol = Solution: cost=[836.0], size=[38], elements=[1, 2, 3, 4, 5, 7, 8, 11, 13, 18, 19, 21, 22, 24, 31, 37, 42, 43, 44, 46, 47, 48, 49, 50, 51, 52, 54, 55, 57, 58, 60, 61, 62, 70, 71, 73, 75, 76]
		(Gen. 754) BestSol = Solution: cost=[837.0], size=[39], elements=[1, 2, 3, 4, 5, 7, 8, 11, 13, 18, 19, 21, 22, 24, 31, 37, 42, 43, 44, 46, 47, 48, 49, 50, 51, 52, 54, 55, 57, 58, 60, 61, 62, 70, 71, 73, 74, 75, 76]

		maxVal = Solution: cost=[837.0], size=[39], elements=[1, 2, 3, 4, 5, 7, 8, 11, 13, 18, 19, 21, 22, 24, 31, 37, 42, 43, 44, 46, 47, 48, 49, 50, 51, 52, 54, 55, 57, 58, 60, 61, 62, 70, 71, 73, 74, 75, 76]

}
