{
	Instancia		: instances/qbf060
	Interações		: 10000000
	Tamanho pop.		: 1000
	Mutação taxa		: 0.003
	Algoritmo		: UniformCrossove
		(Gen. 0) BestSol = Solution: cost=[199.0], size=[22], elements=[2, 3, 5, 11, 14, 16, 17, 24, 26, 27, 29, 31, 32, 33, 35, 41, 42, 44, 45, 46, 54, 59]
		(Gen. 1) BestSol = Solution: cost=[253.0], size=[25], elements=[4, 9, 11, 14, 17, 19, 21, 23, 24, 26, 33, 34, 35, 37, 38, 42, 43, 44, 45, 50, 51, 52, 55, 56, 59]
		(Gen. 3) BestSol = Solution: cost=[258.0], size=[27], elements=[2, 3, 4, 5, 7, 11, 12, 14, 17, 24, 26, 27, 30, 31, 33, 35, 37, 38, 41, 42, 44, 45, 49, 51, 54, 56, 59]
		(Gen. 4) BestSol = Solution: cost=[290.0], size=[22], elements=[4, 5, 11, 13, 14, 17, 24, 26, 27, 29, 32, 35, 38, 41, 42, 44, 45, 49, 50, 51, 52, 54]
		(Gen. 7) BestSol = Solution: cost=[292.0], size=[19], elements=[0, 3, 4, 11, 16, 17, 19, 24, 26, 27, 29, 34, 35, 38, 44, 49, 51, 54, 56]
		(Gen. 9) BestSol = Solution: cost=[298.0], size=[22], elements=[3, 4, 11, 17, 24, 29, 30, 32, 33, 34, 35, 38, 40, 41, 44, 45, 49, 51, 53, 55, 56, 59]
		(Gen. 10) BestSol = Solution: cost=[306.0], size=[21], elements=[2, 4, 7, 12, 16, 17, 19, 21, 22, 26, 29, 30, 35, 37, 38, 42, 44, 49, 51, 55, 56]
		(Gen. 11) BestSol = Solution: cost=[343.0], size=[21], elements=[3, 4, 11, 12, 14, 16, 17, 21, 22, 27, 28, 30, 34, 38, 41, 44, 45, 46, 49, 51, 54]
		(Gen. 12) BestSol = Solution: cost=[350.0], size=[22], elements=[1, 4, 9, 14, 17, 23, 24, 26, 27, 28, 29, 30, 35, 39, 41, 42, 44, 49, 51, 52, 53, 56]
		(Gen. 13) BestSol = Solution: cost=[376.0], size=[23], elements=[4, 7, 14, 17, 19, 22, 24, 26, 27, 29, 30, 32, 35, 39, 44, 45, 49, 51, 52, 53, 54, 56, 59]
		(Gen. 14) BestSol = Solution: cost=[419.0], size=[24], elements=[2, 4, 11, 16, 17, 22, 23, 24, 26, 27, 28, 30, 34, 35, 38, 41, 42, 44, 45, 49, 51, 55, 56, 59]
		(Gen. 15) BestSol = Solution: cost=[421.0], size=[25], elements=[2, 4, 11, 16, 17, 22, 23, 24, 26, 27, 28, 30, 33, 34, 35, 38, 41, 42, 44, 45, 49, 51, 55, 56, 59]
		(Gen. 18) BestSol = Solution: cost=[451.0], size=[26], elements=[4, 11, 14, 17, 22, 23, 24, 26, 27, 28, 29, 30, 32, 34, 35, 38, 41, 42, 44, 46, 49, 51, 52, 53, 55, 56]
		(Gen. 22) BestSol = Solution: cost=[454.0], size=[25], elements=[2, 4, 11, 14, 17, 22, 23, 24, 26, 27, 28, 29, 30, 34, 35, 38, 41, 42, 44, 49, 51, 53, 55, 56, 59]
		(Gen. 23) BestSol = Solution: cost=[465.0], size=[26], elements=[2, 4, 11, 14, 17, 23, 24, 26, 27, 28, 29, 30, 34, 35, 38, 40, 41, 42, 44, 45, 49, 51, 52, 53, 56, 59]
		(Gen. 24) BestSol = Solution: cost=[480.0], size=[27], elements=[2, 3, 4, 11, 14, 17, 22, 23, 24, 26, 27, 28, 29, 30, 34, 35, 38, 41, 42, 44, 45, 49, 51, 53, 55, 56, 59]
		(Gen. 25) BestSol = Solution: cost=[486.0], size=[29], elements=[2, 3, 4, 11, 14, 16, 17, 22, 23, 24, 26, 27, 28, 29, 30, 34, 35, 38, 40, 41, 42, 44, 45, 49, 51, 53, 55, 56, 59]
		(Gen. 26) BestSol = Solution: cost=[493.0], size=[27], elements=[2, 3, 4, 11, 14, 16, 17, 22, 23, 24, 26, 27, 28, 29, 30, 34, 35, 38, 42, 44, 45, 49, 51, 53, 55, 56, 59]
		(Gen. 28) BestSol = Solution: cost=[495.0], size=[27], elements=[2, 3, 4, 11, 14, 17, 22, 23, 24, 26, 27, 28, 29, 30, 32, 34, 35, 38, 42, 44, 45, 49, 51, 53, 55, 56, 59]

		maxVal = Solution: cost=[495.0], size=[27], elements=[2, 3, 4, 11, 14, 17, 22, 23, 24, 26, 27, 28, 29, 30, 32, 34, 35, 38, 42, 44, 45, 49, 51, 53, 55, 56, 59]

}
