{
	Instancia		: instances/qbf060
	Interações		: 10000000
	Tamanho pop.		: 100
	Mutação taxa		: 0.03
	Algoritmo		: UniformCrossove
		(Gen. 0) BestSol = Solution: cost=[128.0], size=[22], elements=[1, 2, 6, 8, 9, 12, 17, 18, 21, 22, 28, 29, 30, 36, 41, 44, 49, 51, 52, 53, 56, 57]
		(Gen. 1) BestSol = Solution: cost=[130.0], size=[26], elements=[1, 3, 4, 6, 12, 13, 16, 19, 24, 25, 27, 30, 31, 34, 37, 38, 39, 42, 43, 44, 48, 49, 51, 54, 55, 56]
		(Gen. 2) BestSol = Solution: cost=[175.0], size=[19], elements=[2, 4, 6, 7, 13, 19, 20, 22, 26, 30, 33, 35, 36, 38, 41, 44, 45, 52, 54]
		(Gen. 3) BestSol = Solution: cost=[205.0], size=[21], elements=[4, 11, 12, 13, 16, 17, 18, 21, 23, 26, 30, 32, 34, 35, 37, 38, 39, 42, 44, 52, 53]
		(Gen. 4) BestSol = Solution: cost=[209.0], size=[18], elements=[9, 12, 15, 16, 17, 18, 19, 24, 26, 29, 30, 35, 40, 41, 49, 52, 57, 59]
		(Gen. 6) BestSol = Solution: cost=[228.0], size=[17], elements=[0, 2, 4, 11, 18, 20, 22, 23, 24, 38, 42, 44, 45, 47, 52, 53, 56]
		(Gen. 7) BestSol = Solution: cost=[254.0], size=[16], elements=[7, 12, 13, 14, 17, 24, 27, 29, 31, 35, 44, 51, 53, 54, 55, 56]
		(Gen. 11) BestSol = Solution: cost=[277.0], size=[20], elements=[0, 1, 3, 4, 14, 24, 26, 27, 29, 31, 33, 35, 38, 42, 43, 44, 49, 51, 54, 56]
		(Gen. 13) BestSol = Solution: cost=[321.0], size=[21], elements=[0, 2, 3, 4, 12, 24, 26, 27, 29, 31, 33, 35, 38, 42, 43, 44, 49, 51, 54, 55, 56]
		(Gen. 16) BestSol = Solution: cost=[352.0], size=[23], elements=[0, 2, 3, 4, 12, 13, 14, 24, 26, 27, 29, 31, 33, 35, 38, 42, 43, 44, 49, 51, 54, 55, 56]
		(Gen. 17) BestSol = Solution: cost=[372.0], size=[23], elements=[2, 3, 4, 13, 14, 17, 24, 26, 27, 29, 33, 35, 37, 38, 42, 43, 44, 45, 49, 51, 54, 56, 59]
		(Gen. 28) BestSol = Solution: cost=[374.0], size=[23], elements=[2, 3, 4, 13, 14, 16, 17, 24, 26, 27, 29, 35, 38, 42, 43, 44, 45, 49, 50, 51, 55, 56, 59]
		(Gen. 30) BestSol = Solution: cost=[413.0], size=[24], elements=[2, 3, 4, 13, 14, 16, 17, 19, 24, 26, 27, 29, 35, 38, 42, 43, 44, 45, 49, 50, 51, 54, 55, 56]
		(Gen. 34) BestSol = Solution: cost=[425.0], size=[24], elements=[2, 3, 4, 13, 14, 16, 17, 24, 26, 27, 29, 35, 38, 42, 43, 44, 46, 49, 50, 51, 54, 55, 56, 59]
		(Gen. 37) BestSol = Solution: cost=[451.0], size=[22], elements=[2, 3, 4, 13, 14, 16, 17, 24, 26, 27, 29, 35, 38, 42, 43, 44, 49, 51, 54, 55, 56, 59]
		(Gen. 42) BestSol = Solution: cost=[462.0], size=[23], elements=[2, 3, 4, 14, 16, 17, 19, 24, 26, 27, 29, 33, 35, 38, 42, 44, 49, 50, 51, 54, 55, 56, 59]
		(Gen. 44) BestSol = Solution: cost=[466.0], size=[22], elements=[2, 3, 4, 14, 16, 17, 19, 24, 26, 27, 29, 33, 35, 38, 42, 44, 49, 51, 54, 55, 56, 59]
		(Gen. 75) BestSol = Solution: cost=[496.0], size=[25], elements=[2, 3, 4, 12, 14, 16, 17, 19, 24, 26, 27, 29, 30, 33, 35, 38, 41, 42, 44, 49, 51, 54, 55, 56, 59]
		(Gen. 244) BestSol = Solution: cost=[501.0], size=[26], elements=[2, 3, 4, 11, 12, 14, 16, 17, 19, 24, 26, 27, 29, 30, 33, 35, 38, 41, 42, 44, 49, 51, 54, 55, 56, 59]
		(Gen. 686) BestSol = Solution: cost=[503.0], size=[28], elements=[2, 3, 4, 11, 12, 14, 16, 17, 19, 24, 26, 27, 29, 30, 33, 34, 35, 38, 41, 42, 44, 45, 49, 51, 54, 55, 56, 59]
		(Gen. 2062) BestSol = Solution: cost=[508.0], size=[25], elements=[2, 3, 4, 13, 14, 16, 17, 19, 24, 26, 27, 29, 30, 33, 35, 38, 42, 43, 44, 49, 51, 54, 55, 56, 59]

		maxVal = Solution: cost=[508.0], size=[25], elements=[2, 3, 4, 13, 14, 16, 17, 19, 24, 26, 27, 29, 30, 33, 35, 38, 42, 43, 44, 49, 51, 54, 55, 56, 59]

}
