{
	Instancia		: instances/qbf200
	Interações		: 10000000
	Tamanho pop.		: 100
	Mutação taxa		: 0.03
	Algoritmo		: UniformCrossove
		(Gen. 0) BestSol = Solution: cost=[1212.0], size=[83], elements=[1, 4, 5, 10, 14, 17, 18, 21, 24, 30, 31, 37, 40, 41, 44, 46, 48, 50, 53, 55, 58, 60, 61, 62, 64, 66, 67, 70, 72, 73, 74, 75, 80, 84, 85, 88, 90, 94, 95, 96, 99, 101, 104, 106, 107, 110, 111, 112, 114, 117, 118, 122, 127, 128, 131, 132, 134, 135, 136, 138, 139, 140, 145, 148, 150, 159, 161, 163, 164, 168, 170, 171, 173, 177, 178, 187, 188, 192, 193, 194, 195, 196, 198]
		(Gen. 14) BestSol = Solution: cost=[1302.0], size=[64], elements=[4, 5, 10, 16, 17, 19, 26, 30, 31, 33, 44, 45, 46, 49, 51, 59, 67, 72, 73, 77, 80, 83, 86, 87, 91, 94, 96, 98, 99, 100, 103, 110, 111, 117, 119, 121, 125, 127, 128, 129, 136, 145, 148, 149, 150, 152, 153, 155, 156, 159, 163, 164, 165, 167, 171, 173, 175, 179, 187, 192, 193, 195, 198, 199]
		(Gen. 21) BestSol = Solution: cost=[1318.0], size=[77], elements=[2, 4, 8, 9, 11, 15, 17, 19, 21, 25, 28, 30, 34, 36, 38, 41, 42, 44, 45, 49, 51, 53, 61, 63, 69, 72, 77, 81, 83, 84, 86, 88, 93, 95, 98, 99, 101, 104, 109, 110, 111, 117, 121, 129, 131, 134, 136, 139, 140, 143, 145, 146, 148, 152, 153, 156, 157, 160, 163, 164, 166, 167, 168, 171, 172, 173, 175, 179, 180, 186, 187, 192, 193, 195, 197, 198, 199]
		(Gen. 28) BestSol = Solution: cost=[1344.0], size=[66], elements=[4, 8, 9, 12, 17, 19, 21, 28, 30, 34, 36, 41, 43, 44, 49, 51, 53, 61, 63, 67, 69, 72, 80, 84, 86, 88, 92, 93, 95, 98, 99, 108, 110, 111, 117, 119, 121, 129, 131, 134, 139, 146, 148, 150, 152, 153, 155, 161, 163, 164, 166, 167, 168, 170, 171, 173, 175, 179, 180, 186, 187, 192, 195, 196, 197, 199]
		(Gen. 30) BestSol = Solution: cost=[1384.0], size=[77], elements=[0, 4, 5, 9, 12, 17, 18, 19, 21, 23, 28, 30, 34, 37, 38, 41, 42, 44, 45, 49, 51, 53, 56, 61, 62, 69, 70, 72, 73, 77, 81, 84, 85, 86, 88, 92, 93, 95, 99, 108, 111, 121, 125, 129, 131, 136, 138, 139, 141, 143, 145, 146, 147, 148, 150, 152, 153, 154, 155, 156, 160, 166, 167, 168, 171, 175, 178, 179, 180, 186, 188, 192, 193, 195, 196, 198, 199]
		(Gen. 32) BestSol = Solution: cost=[1472.0], size=[67], elements=[4, 5, 9, 12, 17, 19, 26, 28, 29, 30, 44, 45, 46, 49, 51, 52, 53, 54, 62, 64, 67, 69, 72, 73, 77, 80, 84, 85, 86, 89, 93, 96, 99, 100, 102, 103, 105, 108, 110, 111, 116, 117, 119, 121, 129, 134, 145, 151, 152, 153, 154, 155, 156, 157, 164, 165, 166, 167, 168, 169, 171, 173, 175, 186, 187, 192, 195]
		(Gen. 33) BestSol = Solution: cost=[1699.0], size=[74], elements=[4, 8, 9, 16, 17, 19, 21, 23, 25, 28, 29, 30, 34, 36, 38, 39, 40, 41, 42, 44, 45, 51, 54, 56, 61, 64, 66, 70, 72, 73, 74, 77, 81, 83, 84, 86, 92, 93, 99, 102, 108, 110, 111, 112, 117, 118, 129, 138, 139, 140, 141, 144, 145, 148, 150, 153, 160, 163, 164, 165, 166, 167, 169, 171, 175, 177, 178, 179, 189, 192, 195, 197, 198, 199]
		(Gen. 44) BestSol = Solution: cost=[1786.0], size=[76], elements=[2, 4, 9, 16, 17, 19, 21, 23, 25, 28, 29, 30, 33, 34, 36, 38, 39, 40, 41, 42, 44, 45, 49, 51, 52, 54, 56, 61, 62, 66, 70, 72, 73, 74, 79, 83, 84, 86, 89, 99, 102, 105, 108, 110, 111, 112, 117, 118, 119, 129, 138, 139, 140, 141, 144, 145, 148, 150, 153, 160, 163, 164, 165, 166, 167, 169, 171, 175, 177, 178, 179, 189, 192, 195, 197, 198]
		(Gen. 54) BestSol = Solution: cost=[1877.0], size=[67], elements=[4, 5, 9, 16, 17, 19, 21, 23, 25, 30, 33, 34, 38, 39, 40, 41, 42, 47, 49, 51, 54, 61, 66, 68, 70, 72, 74, 81, 82, 83, 86, 88, 94, 110, 111, 112, 117, 129, 132, 137, 141, 144, 145, 148, 150, 151, 154, 155, 157, 160, 162, 163, 164, 165, 166, 167, 169, 171, 174, 175, 178, 179, 187, 190, 192, 195, 198]
		(Gen. 56) BestSol = Solution: cost=[1930.0], size=[68], elements=[9, 16, 17, 18, 19, 21, 23, 25, 26, 30, 31, 33, 34, 38, 41, 42, 45, 46, 47, 49, 51, 52, 54, 61, 66, 67, 68, 70, 72, 74, 81, 82, 84, 86, 89, 94, 101, 106, 110, 111, 112, 117, 129, 131, 132, 137, 141, 144, 145, 148, 150, 155, 157, 162, 165, 166, 167, 169, 171, 174, 175, 179, 181, 182, 187, 190, 192, 198]
		(Gen. 65) BestSol = Solution: cost=[2192.0], size=[77], elements=[7, 9, 12, 16, 17, 18, 21, 23, 25, 28, 30, 31, 34, 37, 39, 40, 41, 42, 45, 47, 49, 51, 52, 54, 56, 58, 61, 62, 66, 67, 68, 69, 70, 72, 74, 79, 81, 84, 86, 88, 92, 94, 99, 103, 106, 110, 111, 113, 115, 117, 119, 124, 125, 129, 131, 132, 134, 137, 141, 145, 148, 150, 153, 155, 157, 159, 162, 163, 165, 166, 169, 171, 179, 180, 183, 190, 198]
		(Gen. 129) BestSol = Solution: cost=[2235.0], size=[77], elements=[7, 9, 12, 16, 17, 18, 21, 25, 28, 29, 30, 31, 32, 34, 37, 39, 40, 41, 45, 47, 49, 51, 52, 54, 56, 58, 61, 62, 66, 67, 69, 70, 72, 74, 79, 81, 84, 85, 86, 88, 92, 94, 99, 103, 106, 111, 113, 115, 117, 119, 124, 125, 129, 131, 132, 134, 137, 139, 141, 145, 148, 150, 153, 155, 157, 159, 162, 163, 165, 166, 171, 179, 180, 183, 190, 195, 198]
		(Gen. 131) BestSol = Solution: cost=[2268.0], size=[74], elements=[7, 9, 16, 17, 18, 21, 23, 25, 28, 30, 31, 34, 39, 40, 41, 42, 45, 47, 49, 51, 52, 54, 56, 58, 62, 67, 69, 70, 72, 81, 82, 84, 86, 88, 90, 92, 100, 103, 110, 113, 114, 115, 118, 119, 124, 125, 129, 131, 138, 139, 141, 145, 147, 148, 150, 153, 154, 155, 157, 159, 163, 165, 166, 169, 171, 179, 180, 181, 183, 185, 189, 190, 192, 196]
		(Gen. 203) BestSol = Solution: cost=[2501.0], size=[75], elements=[1, 4, 7, 8, 9, 16, 17, 19, 21, 23, 25, 28, 30, 31, 34, 39, 42, 45, 47, 51, 52, 54, 56, 61, 62, 67, 69, 70, 72, 73, 74, 79, 80, 81, 84, 85, 86, 88, 100, 103, 110, 111, 114, 119, 125, 128, 129, 131, 132, 139, 141, 143, 144, 145, 150, 153, 154, 155, 157, 159, 160, 163, 166, 167, 178, 179, 180, 181, 183, 184, 185, 189, 190, 192, 196]
		(Gen. 408) BestSol = Solution: cost=[2551.0], size=[77], elements=[0, 1, 4, 7, 8, 9, 16, 17, 19, 21, 23, 25, 28, 30, 31, 34, 39, 42, 45, 47, 51, 52, 54, 56, 61, 62, 67, 69, 70, 72, 73, 74, 80, 81, 84, 85, 88, 90, 100, 103, 110, 111, 114, 119, 125, 128, 129, 131, 132, 139, 141, 143, 144, 145, 150, 153, 154, 155, 157, 159, 160, 162, 163, 166, 167, 178, 179, 180, 181, 183, 184, 185, 188, 189, 190, 192, 196]
		(Gen. 680) BestSol = Solution: cost=[2572.0], size=[77], elements=[1, 4, 7, 8, 9, 16, 17, 19, 21, 23, 25, 28, 30, 31, 34, 39, 41, 42, 45, 47, 51, 52, 54, 56, 61, 62, 67, 69, 70, 72, 80, 84, 85, 86, 88, 99, 100, 103, 105, 106, 110, 111, 114, 119, 125, 129, 131, 132, 139, 141, 143, 144, 145, 150, 154, 155, 157, 159, 160, 161, 163, 165, 166, 167, 171, 178, 179, 180, 181, 182, 183, 184, 185, 190, 192, 194, 196]
		(Gen. 743) BestSol = Solution: cost=[2606.0], size=[79], elements=[1, 4, 7, 8, 9, 16, 17, 19, 21, 23, 25, 28, 29, 30, 31, 34, 39, 41, 42, 45, 47, 51, 52, 54, 56, 61, 62, 67, 69, 70, 72, 80, 82, 84, 85, 86, 88, 99, 100, 103, 105, 106, 110, 111, 114, 119, 125, 129, 131, 132, 139, 141, 143, 144, 145, 150, 154, 155, 157, 159, 160, 161, 163, 165, 166, 167, 171, 178, 179, 180, 181, 182, 183, 184, 185, 190, 192, 194, 196]
		(Gen. 874) BestSol = Solution: cost=[2681.0], size=[76], elements=[1, 4, 7, 8, 9, 16, 17, 19, 23, 29, 30, 31, 34, 39, 41, 42, 45, 49, 51, 52, 56, 62, 67, 69, 70, 72, 80, 81, 84, 85, 86, 96, 99, 100, 103, 105, 106, 110, 111, 114, 117, 119, 125, 129, 132, 139, 141, 143, 144, 145, 147, 148, 150, 154, 155, 157, 159, 160, 161, 163, 165, 166, 167, 171, 177, 178, 179, 180, 181, 182, 183, 184, 185, 190, 192, 196]

		maxVal = Solution: cost=[2681.0], size=[76], elements=[1, 4, 7, 8, 9, 16, 17, 19, 23, 29, 30, 31, 34, 39, 41, 42, 45, 49, 51, 52, 56, 62, 67, 69, 70, 72, 80, 81, 84, 85, 86, 96, 99, 100, 103, 105, 106, 110, 111, 114, 117, 119, 125, 129, 132, 139, 141, 143, 144, 145, 147, 148, 150, 154, 155, 157, 159, 160, 161, 163, 165, 166, 167, 171, 177, 178, 179, 180, 181, 182, 183, 184, 185, 190, 192, 196]

}
