{
	Instancia		: instances/qbf100
	Interações		: 10000000
	Tamanho pop.		: 1000
	Mutação taxa		: 0.001
	Algoritmo		: Padrão
		(Gen. 0) BestSol = Solution: cost=[358.0], size=[41], elements=[2, 5, 6, 9, 10, 11, 14, 19, 20, 21, 22, 23, 24, 27, 29, 31, 34, 42, 44, 45, 47, 52, 54, 59, 61, 62, 64, 67, 69, 71, 72, 77, 78, 79, 82, 85, 86, 89, 91, 94, 96]
		(Gen. 1) BestSol = Solution: cost=[399.0], size=[40], elements=[2, 5, 6, 9, 10, 11, 14, 19, 20, 21, 22, 23, 24, 29, 31, 34, 42, 44, 45, 47, 52, 54, 59, 61, 62, 64, 67, 69, 71, 72, 77, 78, 79, 82, 85, 86, 89, 91, 94, 96]
		(Gen. 3) BestSol = Solution: cost=[442.0], size=[33], elements=[4, 5, 7, 9, 11, 17, 20, 22, 24, 25, 30, 31, 33, 34, 38, 40, 47, 50, 51, 64, 65, 68, 71, 72, 85, 86, 87, 90, 94, 95, 96, 97, 98]
		(Gen. 4) BestSol = Solution: cost=[454.0], size=[35], elements=[4, 5, 7, 9, 11, 17, 20, 22, 24, 25, 30, 31, 33, 34, 38, 40, 47, 50, 51, 64, 65, 68, 71, 72, 77, 78, 85, 86, 87, 90, 94, 95, 96, 97, 98]
		(Gen. 5) BestSol = Solution: cost=[502.0], size=[37], elements=[4, 7, 10, 14, 18, 19, 22, 23, 24, 25, 26, 29, 31, 34, 37, 38, 39, 44, 50, 51, 56, 57, 59, 61, 62, 68, 69, 72, 73, 79, 84, 86, 87, 90, 91, 95, 96]
		(Gen. 6) BestSol = Solution: cost=[565.0], size=[39], elements=[1, 2, 4, 5, 7, 16, 18, 19, 23, 25, 29, 30, 31, 33, 38, 39, 41, 42, 44, 47, 50, 51, 57, 60, 62, 63, 68, 69, 70, 72, 75, 78, 81, 82, 84, 91, 92, 93, 96]
		(Gen. 8) BestSol = Solution: cost=[598.0], size=[36], elements=[1, 2, 4, 5, 7, 16, 18, 19, 23, 25, 29, 33, 38, 39, 41, 42, 44, 47, 50, 51, 57, 60, 62, 63, 68, 69, 70, 72, 78, 81, 82, 84, 91, 92, 93, 96]
		(Gen. 9) BestSol = Solution: cost=[635.0], size=[39], elements=[2, 4, 5, 7, 16, 18, 19, 23, 25, 29, 33, 38, 39, 41, 42, 44, 47, 50, 51, 57, 60, 62, 63, 68, 69, 70, 72, 77, 78, 80, 82, 84, 85, 86, 90, 91, 92, 93, 96]
		(Gen. 11) BestSol = Solution: cost=[639.0], size=[37], elements=[1, 2, 5, 7, 10, 14, 16, 17, 20, 22, 23, 24, 26, 29, 30, 31, 33, 38, 47, 50, 51, 57, 60, 62, 63, 68, 69, 72, 75, 78, 81, 82, 84, 85, 87, 88, 92]
		(Gen. 13) BestSol = Solution: cost=[659.0], size=[36], elements=[1, 2, 4, 5, 7, 16, 18, 19, 23, 25, 29, 33, 38, 39, 41, 42, 44, 47, 50, 51, 57, 60, 62, 63, 68, 69, 71, 72, 81, 82, 84, 85, 90, 91, 92, 94]
		(Gen. 15) BestSol = Solution: cost=[692.0], size=[41], elements=[0, 2, 6, 7, 10, 14, 16, 17, 19, 22, 23, 24, 25, 26, 28, 29, 31, 33, 34, 38, 39, 40, 50, 56, 57, 59, 62, 64, 69, 71, 72, 74, 77, 79, 81, 82, 83, 85, 91, 92, 96]
		(Gen. 17) BestSol = Solution: cost=[815.0], size=[37], elements=[0, 2, 3, 4, 7, 10, 15, 17, 18, 22, 23, 25, 29, 33, 38, 39, 42, 44, 45, 51, 56, 62, 63, 67, 69, 71, 72, 73, 79, 84, 86, 90, 91, 92, 94, 95, 96]
		(Gen. 21) BestSol = Solution: cost=[839.0], size=[39], elements=[0, 2, 9, 10, 11, 13, 14, 16, 17, 21, 22, 23, 24, 28, 33, 38, 44, 45, 51, 55, 57, 61, 62, 63, 64, 68, 69, 71, 73, 74, 75, 79, 81, 84, 85, 91, 92, 94, 96]
		(Gen. 22) BestSol = Solution: cost=[844.0], size=[35], elements=[2, 7, 10, 15, 17, 18, 19, 22, 23, 25, 29, 30, 31, 33, 38, 42, 44, 47, 50, 51, 57, 61, 62, 63, 68, 69, 71, 72, 74, 78, 82, 84, 91, 95, 96]
		(Gen. 23) BestSol = Solution: cost=[887.0], size=[40], elements=[1, 2, 7, 10, 14, 17, 18, 19, 22, 23, 25, 28, 29, 33, 34, 38, 40, 42, 45, 50, 51, 56, 57, 61, 62, 68, 69, 71, 72, 74, 78, 81, 82, 84, 90, 91, 92, 94, 95, 96]
		(Gen. 25) BestSol = Solution: cost=[940.0], size=[36], elements=[2, 5, 7, 10, 14, 17, 18, 19, 22, 23, 25, 29, 33, 42, 44, 45, 50, 51, 57, 61, 62, 63, 64, 68, 69, 71, 72, 74, 78, 81, 84, 85, 86, 90, 91, 96]
		(Gen. 27) BestSol = Solution: cost=[971.0], size=[38], elements=[2, 5, 7, 9, 10, 14, 17, 18, 19, 22, 23, 25, 29, 33, 42, 44, 45, 50, 51, 57, 61, 62, 63, 64, 68, 69, 71, 72, 74, 78, 81, 84, 85, 86, 90, 91, 92, 96]
		(Gen. 28) BestSol = Solution: cost=[989.0], size=[37], elements=[2, 5, 7, 10, 14, 17, 18, 19, 22, 23, 25, 29, 33, 38, 42, 44, 45, 50, 51, 57, 61, 62, 63, 64, 68, 69, 71, 72, 74, 78, 81, 84, 85, 86, 90, 91, 96]
		(Gen. 29) BestSol = Solution: cost=[1001.0], size=[40], elements=[0, 2, 5, 7, 10, 14, 17, 18, 19, 22, 23, 25, 29, 33, 38, 42, 44, 45, 50, 51, 57, 61, 62, 63, 64, 68, 69, 71, 72, 74, 78, 81, 84, 85, 86, 90, 91, 92, 94, 96]
		(Gen. 30) BestSol = Solution: cost=[1032.0], size=[40], elements=[0, 2, 7, 10, 11, 14, 17, 18, 19, 22, 23, 25, 29, 33, 38, 42, 44, 45, 50, 51, 57, 61, 62, 63, 64, 68, 69, 71, 72, 74, 78, 81, 84, 85, 86, 90, 91, 92, 94, 96]
		(Gen. 32) BestSol = Solution: cost=[1062.0], size=[40], elements=[0, 2, 7, 10, 11, 14, 17, 18, 19, 22, 23, 25, 29, 33, 38, 42, 44, 45, 50, 51, 57, 61, 62, 63, 64, 68, 69, 71, 72, 74, 78, 79, 84, 85, 86, 90, 91, 92, 94, 96]
		(Gen. 34) BestSol = Solution: cost=[1093.0], size=[45], elements=[2, 5, 7, 10, 14, 16, 17, 18, 19, 22, 23, 24, 25, 28, 29, 31, 33, 34, 38, 39, 40, 42, 44, 45, 47, 50, 51, 57, 60, 61, 62, 63, 64, 69, 71, 72, 74, 78, 81, 84, 85, 86, 90, 91, 96]
		(Gen. 35) BestSol = Solution: cost=[1114.0], size=[41], elements=[2, 7, 10, 14, 16, 17, 18, 19, 22, 23, 24, 25, 28, 29, 33, 34, 38, 42, 44, 45, 50, 51, 56, 57, 60, 62, 63, 64, 68, 69, 71, 72, 74, 78, 81, 84, 85, 86, 90, 92, 96]
		(Gen. 36) BestSol = Solution: cost=[1122.0], size=[43], elements=[2, 7, 10, 14, 16, 17, 18, 19, 22, 23, 24, 25, 28, 29, 31, 33, 34, 38, 39, 40, 42, 44, 45, 50, 51, 57, 61, 62, 63, 64, 69, 71, 72, 74, 78, 81, 84, 85, 86, 90, 91, 94, 96]
		(Gen. 38) BestSol = Solution: cost=[1143.0], size=[44], elements=[2, 7, 10, 14, 16, 17, 18, 19, 22, 23, 24, 25, 28, 29, 31, 33, 34, 38, 39, 40, 42, 44, 45, 50, 51, 56, 57, 61, 62, 63, 64, 69, 71, 72, 74, 78, 81, 84, 85, 86, 90, 91, 94, 96]
		(Gen. 39) BestSol = Solution: cost=[1170.0], size=[44], elements=[2, 7, 9, 10, 14, 16, 17, 18, 19, 22, 23, 24, 25, 28, 29, 31, 33, 34, 38, 40, 42, 44, 45, 50, 51, 57, 61, 62, 63, 64, 68, 69, 71, 72, 74, 78, 79, 81, 84, 85, 90, 91, 92, 96]
		(Gen. 40) BestSol = Solution: cost=[1192.0], size=[43], elements=[2, 7, 10, 14, 16, 17, 18, 19, 22, 23, 24, 25, 28, 29, 33, 34, 38, 42, 44, 45, 50, 51, 56, 57, 61, 62, 63, 64, 67, 68, 69, 71, 72, 74, 78, 79, 81, 84, 85, 86, 90, 91, 96]
		(Gen. 42) BestSol = Solution: cost=[1195.0], size=[47], elements=[2, 7, 9, 10, 14, 16, 17, 18, 19, 22, 23, 25, 28, 29, 31, 33, 34, 38, 42, 44, 45, 50, 51, 56, 57, 61, 62, 63, 64, 67, 68, 69, 71, 72, 73, 74, 78, 79, 81, 84, 85, 86, 90, 91, 92, 94, 96]
		(Gen. 43) BestSol = Solution: cost=[1199.0], size=[45], elements=[2, 7, 10, 14, 16, 17, 18, 19, 22, 23, 24, 25, 28, 29, 33, 34, 38, 42, 44, 45, 50, 51, 56, 57, 61, 62, 63, 64, 67, 68, 69, 71, 72, 74, 78, 79, 81, 84, 85, 86, 90, 91, 92, 94, 96]
		(Gen. 44) BestSol = Solution: cost=[1201.0], size=[46], elements=[2, 7, 10, 14, 16, 17, 18, 19, 22, 23, 24, 25, 28, 29, 33, 34, 38, 40, 42, 44, 45, 50, 51, 56, 57, 61, 62, 63, 64, 67, 68, 69, 71, 72, 74, 78, 79, 81, 84, 85, 86, 90, 91, 92, 94, 96]
		(Gen. 47) BestSol = Solution: cost=[1210.0], size=[46], elements=[2, 7, 9, 10, 14, 16, 17, 18, 19, 22, 23, 24, 25, 28, 29, 33, 34, 38, 42, 44, 45, 50, 51, 56, 57, 61, 62, 63, 64, 67, 68, 69, 71, 72, 74, 78, 79, 81, 84, 85, 86, 90, 91, 92, 94, 96]
		(Gen. 48) BestSol = Solution: cost=[1230.0], size=[48], elements=[2, 7, 9, 10, 14, 16, 17, 18, 19, 22, 23, 24, 25, 28, 29, 33, 34, 38, 40, 42, 44, 45, 50, 51, 56, 57, 61, 62, 63, 64, 67, 68, 69, 71, 72, 73, 74, 78, 79, 81, 84, 85, 86, 90, 91, 92, 94, 96]
		(Gen. 51) BestSol = Solution: cost=[1237.0], size=[47], elements=[2, 7, 9, 10, 14, 16, 17, 18, 19, 20, 22, 23, 24, 25, 28, 29, 33, 34, 38, 40, 42, 44, 45, 50, 51, 56, 57, 61, 62, 63, 64, 67, 68, 69, 71, 72, 74, 78, 79, 81, 84, 85, 86, 90, 91, 92, 96]
		(Gen. 52) BestSol = Solution: cost=[1253.0], size=[47], elements=[2, 7, 10, 14, 16, 17, 18, 19, 20, 22, 23, 24, 25, 28, 29, 33, 34, 38, 40, 42, 44, 45, 50, 51, 56, 57, 61, 62, 63, 64, 67, 68, 69, 71, 72, 73, 74, 78, 79, 81, 84, 85, 86, 90, 91, 92, 96]
		(Gen. 53) BestSol = Solution: cost=[1258.0], size=[48], elements=[2, 7, 10, 14, 16, 17, 18, 19, 20, 22, 23, 24, 25, 28, 29, 33, 34, 38, 40, 42, 44, 45, 50, 51, 56, 57, 61, 62, 63, 64, 67, 68, 69, 71, 72, 73, 74, 78, 79, 81, 84, 85, 86, 90, 91, 92, 94, 96]
		(Gen. 54) BestSol = Solution: cost=[1260.0], size=[47], elements=[2, 7, 9, 10, 14, 16, 17, 18, 19, 20, 22, 23, 25, 28, 29, 33, 34, 38, 42, 44, 45, 50, 51, 56, 57, 61, 62, 63, 64, 67, 68, 69, 71, 72, 73, 74, 78, 79, 81, 84, 85, 86, 90, 91, 92, 94, 96]
		(Gen. 55) BestSol = Solution: cost=[1262.0], size=[49], elements=[2, 7, 9, 10, 14, 16, 17, 18, 19, 20, 22, 23, 24, 25, 28, 29, 33, 34, 38, 40, 42, 44, 45, 50, 51, 56, 57, 61, 62, 63, 64, 67, 68, 69, 71, 72, 73, 74, 78, 79, 81, 84, 85, 86, 90, 91, 92, 94, 96]
		(Gen. 63) BestSol = Solution: cost=[1263.0], size=[46], elements=[2, 7, 9, 10, 14, 16, 17, 18, 19, 20, 22, 23, 25, 28, 29, 33, 34, 38, 42, 44, 45, 50, 51, 56, 57, 61, 62, 63, 64, 67, 68, 69, 71, 72, 73, 74, 78, 79, 84, 85, 86, 90, 91, 92, 94, 96]

		maxVal = Solution: cost=[1263.0], size=[46], elements=[2, 7, 9, 10, 14, 16, 17, 18, 19, 20, 22, 23, 25, 28, 29, 33, 34, 38, 42, 44, 45, 50, 51, 56, 57, 61, 62, 63, 64, 67, 68, 69, 71, 72, 73, 74, 78, 79, 84, 85, 86, 90, 91, 92, 94, 96]

}
