{
	Instancia		: instances/qbf080
	Interações		: 10000000
	Tamanho pop.		: 1000
	Mutação taxa		: 0.003
	Algoritmo		: Padrão
		(Gen. 0) BestSol = Solution: cost=[306.0], size=[35], elements=[0, 3, 4, 5, 7, 9, 11, 13, 14, 15, 17, 18, 20, 22, 31, 32, 35, 36, 38, 39, 42, 44, 45, 47, 48, 49, 54, 60, 64, 69, 71, 73, 75, 76, 77]
		(Gen. 2) BestSol = Solution: cost=[311.0], size=[35], elements=[0, 3, 4, 5, 7, 9, 11, 13, 14, 15, 17, 18, 20, 22, 31, 32, 35, 36, 38, 39, 42, 44, 45, 47, 48, 49, 54, 60, 69, 71, 72, 73, 75, 76, 77]
		(Gen. 3) BestSol = Solution: cost=[337.0], size=[34], elements=[1, 2, 4, 9, 11, 15, 18, 19, 25, 29, 31, 32, 38, 44, 46, 47, 48, 49, 50, 51, 52, 53, 54, 57, 58, 59, 61, 62, 64, 67, 70, 72, 74, 76]
		(Gen. 5) BestSol = Solution: cost=[420.0], size=[27], elements=[0, 1, 4, 8, 13, 15, 16, 18, 21, 23, 25, 30, 31, 32, 37, 47, 48, 51, 54, 57, 59, 60, 63, 64, 71, 73, 79]
		(Gen. 9) BestSol = Solution: cost=[468.0], size=[25], elements=[1, 2, 3, 4, 5, 7, 10, 13, 18, 24, 27, 36, 37, 42, 48, 49, 54, 55, 57, 61, 65, 66, 69, 73, 74]
		(Gen. 10) BestSol = Solution: cost=[480.0], size=[31], elements=[1, 2, 3, 4, 5, 8, 10, 13, 18, 23, 31, 34, 35, 37, 41, 42, 43, 44, 48, 51, 54, 58, 59, 60, 61, 63, 67, 69, 71, 75, 76]
		(Gen. 12) BestSol = Solution: cost=[502.0], size=[28], elements=[1, 2, 3, 4, 5, 10, 16, 18, 22, 24, 29, 31, 37, 42, 43, 44, 47, 49, 50, 52, 54, 62, 64, 67, 69, 73, 75, 76]
		(Gen. 13) BestSol = Solution: cost=[505.0], size=[32], elements=[1, 2, 3, 4, 5, 8, 10, 13, 18, 23, 31, 34, 35, 37, 41, 42, 43, 44, 48, 51, 54, 58, 59, 60, 61, 63, 67, 69, 71, 75, 76, 79]
		(Gen. 14) BestSol = Solution: cost=[538.0], size=[30], elements=[1, 2, 3, 4, 5, 7, 10, 13, 18, 24, 31, 32, 36, 37, 42, 44, 47, 49, 50, 54, 55, 59, 60, 61, 62, 69, 71, 74, 75, 76]
		(Gen. 16) BestSol = Solution: cost=[584.0], size=[27], elements=[1, 2, 3, 4, 5, 8, 13, 18, 23, 24, 35, 37, 42, 44, 47, 48, 49, 51, 52, 54, 60, 61, 64, 69, 71, 73, 74]
		(Gen. 18) BestSol = Solution: cost=[586.0], size=[28], elements=[2, 3, 4, 7, 13, 16, 18, 22, 23, 24, 35, 37, 42, 44, 47, 48, 49, 51, 52, 54, 60, 61, 64, 69, 71, 73, 74, 76]
		(Gen. 19) BestSol = Solution: cost=[600.0], size=[30], elements=[1, 2, 3, 4, 8, 9, 13, 18, 21, 22, 24, 31, 36, 37, 42, 43, 44, 47, 49, 54, 60, 61, 62, 64, 67, 69, 71, 73, 74, 75]
		(Gen. 21) BestSol = Solution: cost=[657.0], size=[30], elements=[1, 2, 3, 4, 5, 7, 10, 13, 18, 24, 31, 37, 42, 44, 47, 48, 49, 50, 51, 52, 54, 55, 59, 60, 61, 71, 73, 74, 75, 76]
		(Gen. 24) BestSol = Solution: cost=[704.0], size=[31], elements=[1, 2, 3, 4, 7, 10, 11, 13, 16, 18, 22, 23, 24, 37, 42, 44, 47, 48, 49, 51, 54, 60, 61, 62, 64, 69, 71, 73, 74, 75, 76]
		(Gen. 26) BestSol = Solution: cost=[706.0], size=[30], elements=[1, 2, 3, 4, 5, 7, 8, 10, 13, 18, 24, 31, 37, 42, 44, 47, 48, 49, 50, 51, 52, 54, 55, 59, 60, 61, 71, 73, 75, 76]
		(Gen. 28) BestSol = Solution: cost=[711.0], size=[31], elements=[1, 2, 3, 4, 8, 10, 11, 13, 16, 18, 22, 24, 31, 32, 37, 42, 44, 47, 48, 49, 50, 54, 55, 60, 61, 62, 69, 71, 73, 75, 76]
		(Gen. 29) BestSol = Solution: cost=[725.0], size=[33], elements=[1, 2, 3, 4, 5, 8, 10, 11, 13, 18, 22, 24, 31, 32, 37, 42, 44, 47, 48, 49, 50, 52, 54, 55, 57, 60, 61, 62, 71, 73, 74, 75, 76]
		(Gen. 30) BestSol = Solution: cost=[738.0], size=[33], elements=[1, 2, 3, 4, 5, 8, 10, 11, 13, 18, 19, 22, 24, 31, 37, 42, 44, 47, 48, 49, 50, 51, 52, 54, 57, 60, 61, 62, 69, 71, 73, 75, 76]
		(Gen. 31) BestSol = Solution: cost=[751.0], size=[32], elements=[1, 2, 3, 4, 5, 8, 10, 11, 13, 18, 19, 22, 24, 31, 37, 42, 44, 47, 48, 49, 50, 51, 52, 54, 60, 61, 62, 69, 71, 73, 75, 76]
		(Gen. 32) BestSol = Solution: cost=[772.0], size=[35], elements=[1, 2, 3, 4, 8, 10, 11, 13, 18, 19, 22, 24, 31, 37, 42, 43, 44, 46, 47, 48, 49, 50, 51, 52, 54, 55, 60, 61, 62, 64, 69, 71, 73, 75, 76]
		(Gen. 34) BestSol = Solution: cost=[785.0], size=[34], elements=[1, 2, 3, 4, 5, 8, 10, 11, 13, 18, 19, 22, 24, 31, 37, 42, 43, 44, 47, 48, 49, 50, 51, 52, 54, 55, 60, 61, 62, 69, 71, 73, 75, 76]
		(Gen. 37) BestSol = Solution: cost=[789.0], size=[33], elements=[1, 2, 3, 4, 5, 7, 8, 10, 13, 18, 21, 22, 24, 31, 37, 42, 43, 44, 47, 48, 49, 50, 51, 52, 54, 60, 61, 62, 69, 71, 73, 75, 76]
		(Gen. 38) BestSol = Solution: cost=[793.0], size=[37], elements=[1, 2, 3, 4, 7, 8, 10, 11, 13, 15, 18, 19, 21, 22, 24, 31, 37, 42, 44, 47, 48, 49, 50, 51, 52, 54, 55, 60, 61, 62, 64, 69, 71, 73, 74, 75, 76]
		(Gen. 39) BestSol = Solution: cost=[808.0], size=[35], elements=[1, 2, 3, 4, 5, 8, 10, 11, 13, 16, 18, 21, 22, 24, 31, 37, 42, 43, 44, 47, 48, 49, 50, 51, 52, 54, 55, 57, 60, 61, 62, 71, 73, 75, 76]
		(Gen. 41) BestSol = Solution: cost=[816.0], size=[37], elements=[1, 2, 3, 4, 5, 7, 8, 10, 11, 13, 18, 19, 21, 22, 24, 31, 32, 37, 42, 44, 47, 48, 49, 50, 51, 52, 54, 55, 60, 61, 62, 69, 71, 73, 74, 75, 76]
		(Gen. 42) BestSol = Solution: cost=[819.0], size=[37], elements=[1, 2, 3, 4, 5, 7, 8, 10, 11, 13, 18, 19, 21, 22, 24, 31, 37, 42, 43, 44, 47, 48, 49, 50, 51, 52, 54, 55, 57, 60, 61, 62, 69, 71, 73, 75, 76]
		(Gen. 43) BestSol = Solution: cost=[828.0], size=[36], elements=[1, 2, 3, 4, 5, 7, 8, 10, 11, 13, 18, 19, 21, 22, 24, 31, 37, 42, 43, 44, 47, 48, 49, 50, 51, 52, 54, 55, 60, 61, 62, 69, 71, 73, 75, 76]
		(Gen. 45) BestSol = Solution: cost=[830.0], size=[35], elements=[1, 2, 3, 4, 5, 7, 8, 10, 11, 13, 18, 19, 21, 22, 24, 31, 37, 42, 43, 44, 47, 48, 49, 50, 51, 52, 54, 55, 60, 61, 62, 71, 73, 75, 76]
		(Gen. 52) BestSol = Solution: cost=[834.0], size=[36], elements=[1, 2, 3, 4, 5, 7, 8, 10, 11, 13, 18, 19, 21, 22, 24, 31, 37, 42, 43, 44, 47, 48, 49, 50, 51, 52, 54, 55, 58, 60, 61, 62, 71, 73, 75, 76]

		maxVal = Solution: cost=[834.0], size=[36], elements=[1, 2, 3, 4, 5, 7, 8, 10, 11, 13, 18, 19, 21, 22, 24, 31, 37, 42, 43, 44, 47, 48, 49, 50, 51, 52, 54, 55, 58, 60, 61, 62, 71, 73, 75, 76]

}
