{
	Instancia		: instances/qbf080
	Interações		: 10000000
	Tamanho pop.		: 1000
	Mutação taxa		: 0.001
	Algoritmo		: Padrão
		(Gen. 0) BestSol = Solution: cost=[309.0], size=[29], elements=[0, 1, 3, 6, 7, 9, 12, 13, 14, 15, 18, 20, 21, 25, 33, 34, 36, 37, 44, 45, 49, 60, 66, 67, 70, 71, 72, 73, 74]
		(Gen. 1) BestSol = Solution: cost=[380.0], size=[39], elements=[1, 2, 4, 7, 8, 9, 11, 13, 15, 18, 19, 20, 22, 24, 26, 30, 34, 36, 37, 40, 42, 43, 44, 49, 51, 52, 55, 57, 58, 60, 61, 62, 67, 69, 70, 71, 75, 76, 79]
		(Gen. 6) BestSol = Solution: cost=[386.0], size=[32], elements=[1, 2, 3, 4, 5, 8, 11, 14, 15, 18, 19, 22, 24, 28, 31, 32, 35, 36, 37, 40, 42, 47, 49, 50, 51, 53, 58, 59, 61, 62, 71, 76]
		(Gen. 7) BestSol = Solution: cost=[410.0], size=[25], elements=[3, 4, 5, 8, 13, 18, 20, 22, 31, 37, 42, 44, 48, 50, 51, 54, 58, 60, 61, 64, 67, 69, 70, 76, 77]
		(Gen. 8) BestSol = Solution: cost=[533.0], size=[26], elements=[2, 3, 6, 8, 9, 12, 14, 18, 19, 20, 22, 26, 34, 36, 37, 42, 46, 48, 50, 58, 60, 62, 64, 69, 70, 71]
		(Gen. 12) BestSol = Solution: cost=[542.0], size=[29], elements=[2, 3, 6, 8, 9, 12, 13, 15, 18, 19, 20, 21, 24, 31, 34, 36, 37, 42, 43, 44, 47, 48, 54, 60, 62, 64, 69, 70, 71]
		(Gen. 13) BestSol = Solution: cost=[560.0], size=[32], elements=[1, 2, 3, 4, 8, 11, 13, 18, 23, 24, 28, 34, 37, 42, 43, 44, 48, 49, 51, 52, 54, 55, 57, 58, 59, 61, 69, 71, 72, 73, 75, 79]
		(Gen. 14) BestSol = Solution: cost=[568.0], size=[29], elements=[1, 2, 5, 8, 13, 18, 20, 22, 24, 31, 34, 36, 37, 42, 43, 44, 46, 47, 48, 49, 54, 58, 60, 62, 64, 70, 71, 75, 76]
		(Gen. 15) BestSol = Solution: cost=[587.0], size=[30], elements=[1, 2, 3, 4, 8, 11, 13, 18, 27, 29, 31, 32, 36, 37, 42, 44, 49, 54, 55, 56, 57, 60, 61, 66, 69, 71, 72, 73, 75, 79]
		(Gen. 17) BestSol = Solution: cost=[623.0], size=[29], elements=[1, 2, 3, 4, 7, 11, 13, 18, 19, 21, 24, 31, 37, 42, 44, 47, 48, 49, 50, 52, 54, 61, 62, 70, 71, 73, 74, 75, 76]
		(Gen. 21) BestSol = Solution: cost=[643.0], size=[31], elements=[2, 3, 4, 5, 8, 9, 13, 18, 19, 22, 24, 31, 32, 36, 37, 42, 44, 48, 49, 51, 54, 58, 60, 61, 62, 70, 71, 73, 74, 75, 76]
		(Gen. 22) BestSol = Solution: cost=[660.0], size=[31], elements=[1, 2, 3, 4, 5, 8, 9, 11, 13, 18, 22, 24, 31, 35, 37, 42, 43, 44, 48, 49, 54, 58, 60, 61, 62, 70, 71, 73, 74, 75, 76]
		(Gen. 23) BestSol = Solution: cost=[672.0], size=[29], elements=[1, 2, 3, 4, 8, 11, 13, 18, 19, 22, 23, 24, 31, 37, 42, 44, 46, 47, 48, 49, 51, 54, 58, 60, 62, 64, 71, 75, 76]
		(Gen. 24) BestSol = Solution: cost=[678.0], size=[32], elements=[1, 2, 3, 4, 5, 8, 13, 18, 19, 24, 31, 32, 34, 37, 42, 44, 46, 47, 48, 49, 50, 51, 52, 54, 57, 60, 62, 69, 70, 71, 75, 76]
		(Gen. 25) BestSol = Solution: cost=[704.0], size=[34], elements=[1, 2, 3, 4, 7, 8, 9, 11, 13, 18, 19, 21, 31, 32, 36, 37, 42, 43, 44, 47, 48, 49, 54, 55, 57, 60, 61, 62, 69, 70, 71, 73, 75, 76]
		(Gen. 26) BestSol = Solution: cost=[723.0], size=[32], elements=[2, 3, 4, 5, 8, 9, 13, 18, 19, 22, 24, 31, 36, 37, 42, 44, 46, 47, 48, 49, 51, 54, 58, 60, 62, 64, 70, 71, 73, 74, 75, 76]
		(Gen. 28) BestSol = Solution: cost=[726.0], size=[35], elements=[1, 2, 3, 4, 7, 8, 9, 11, 13, 15, 18, 19, 22, 23, 24, 31, 34, 36, 37, 42, 44, 48, 49, 51, 54, 58, 60, 61, 69, 70, 71, 73, 74, 75, 76]
		(Gen. 29) BestSol = Solution: cost=[735.0], size=[34], elements=[1, 2, 3, 4, 7, 8, 9, 11, 13, 18, 19, 21, 31, 32, 36, 37, 42, 43, 44, 46, 48, 49, 51, 54, 58, 60, 61, 62, 69, 70, 71, 73, 75, 76]
		(Gen. 30) BestSol = Solution: cost=[762.0], size=[34], elements=[1, 2, 3, 4, 7, 9, 13, 18, 19, 22, 23, 24, 31, 36, 37, 42, 43, 44, 46, 47, 48, 51, 54, 58, 60, 61, 62, 64, 70, 71, 73, 74, 75, 76]
		(Gen. 33) BestSol = Solution: cost=[790.0], size=[33], elements=[1, 2, 3, 4, 7, 9, 13, 18, 19, 22, 23, 24, 31, 36, 37, 42, 43, 44, 46, 47, 48, 51, 54, 58, 60, 62, 64, 70, 71, 73, 74, 75, 76]
		(Gen. 34) BestSol = Solution: cost=[800.0], size=[33], elements=[1, 2, 3, 4, 5, 8, 9, 13, 18, 19, 22, 23, 24, 31, 36, 37, 42, 43, 44, 46, 48, 49, 51, 54, 58, 60, 62, 69, 70, 71, 73, 75, 76]
		(Gen. 37) BestSol = Solution: cost=[805.0], size=[34], elements=[1, 2, 3, 4, 7, 8, 9, 13, 18, 19, 22, 24, 31, 36, 37, 42, 43, 44, 46, 48, 49, 51, 54, 57, 58, 60, 62, 69, 70, 71, 73, 74, 75, 76]
		(Gen. 38) BestSol = Solution: cost=[824.0], size=[35], elements=[1, 2, 3, 4, 7, 9, 13, 18, 19, 22, 23, 24, 31, 36, 37, 42, 43, 44, 46, 48, 49, 51, 54, 58, 60, 61, 62, 64, 69, 70, 71, 73, 74, 75, 76]
		(Gen. 43) BestSol = Solution: cost=[830.0], size=[36], elements=[1, 2, 3, 4, 7, 8, 9, 13, 18, 19, 22, 23, 24, 31, 36, 37, 42, 43, 44, 46, 47, 48, 49, 51, 54, 55, 58, 60, 62, 64, 70, 71, 73, 74, 75, 76]
		(Gen. 44) BestSol = Solution: cost=[842.0], size=[38], elements=[1, 2, 3, 4, 7, 8, 9, 13, 18, 19, 22, 23, 24, 31, 36, 37, 42, 43, 44, 46, 48, 49, 51, 54, 55, 57, 58, 60, 61, 62, 64, 69, 70, 71, 73, 74, 75, 76]
		(Gen. 48) BestSol = Solution: cost=[843.0], size=[37], elements=[1, 2, 3, 4, 7, 8, 9, 13, 18, 19, 22, 23, 24, 31, 36, 37, 42, 43, 44, 46, 48, 49, 51, 54, 55, 58, 60, 61, 62, 64, 69, 70, 71, 73, 74, 75, 76]

		maxVal = Solution: cost=[843.0], size=[37], elements=[1, 2, 3, 4, 7, 8, 9, 13, 18, 19, 22, 23, 24, 31, 36, 37, 42, 43, 44, 46, 48, 49, 51, 54, 55, 58, 60, 61, 62, 64, 69, 70, 71, 73, 74, 75, 76]

}
