{
	Instancia		: instances/qbf040
	Interações		: 100000
	Tamanho pop.		: 1000
	Mutação taxa		: 0.003
	Algoritmo		: Padrão
		(Gen. 0) BestSol = Solution: cost=[175.0], size=[15], elements=[4, 9, 14, 15, 18, 20, 21, 25, 27, 29, 31, 32, 33, 34, 36]
		(Gen. 2) BestSol = Solution: cost=[196.0], size=[16], elements=[0, 1, 2, 4, 9, 11, 18, 21, 22, 23, 24, 28, 31, 34, 36, 37]
		(Gen. 3) BestSol = Solution: cost=[216.0], size=[19], elements=[0, 2, 4, 7, 9, 11, 14, 15, 18, 19, 21, 26, 27, 31, 32, 33, 35, 36, 39]
		(Gen. 4) BestSol = Solution: cost=[258.0], size=[19], elements=[0, 2, 4, 7, 9, 11, 14, 15, 19, 21, 25, 27, 29, 31, 32, 33, 34, 36, 39]
		(Gen. 8) BestSol = Solution: cost=[259.0], size=[17], elements=[2, 4, 9, 11, 14, 15, 17, 19, 21, 24, 26, 29, 31, 33, 34, 35, 36]
		(Gen. 9) BestSol = Solution: cost=[261.0], size=[17], elements=[1, 2, 3, 4, 9, 11, 14, 15, 18, 19, 21, 24, 25, 26, 31, 34, 36]
		(Gen. 10) BestSol = Solution: cost=[295.0], size=[18], elements=[2, 4, 7, 9, 11, 14, 15, 18, 19, 21, 24, 26, 31, 32, 33, 34, 35, 36]
		(Gen. 11) BestSol = Solution: cost=[304.0], size=[19], elements=[1, 2, 4, 7, 9, 11, 15, 18, 19, 21, 24, 25, 26, 30, 31, 32, 33, 34, 36]
		(Gen. 12) BestSol = Solution: cost=[316.0], size=[20], elements=[1, 2, 4, 7, 9, 11, 14, 15, 18, 19, 21, 23, 24, 26, 31, 33, 34, 35, 36, 39]
		(Gen. 13) BestSol = Solution: cost=[318.0], size=[18], elements=[0, 2, 4, 7, 9, 11, 14, 15, 19, 21, 24, 26, 29, 31, 32, 33, 34, 36]
		(Gen. 14) BestSol = Solution: cost=[321.0], size=[19], elements=[1, 2, 4, 7, 9, 11, 14, 15, 18, 19, 21, 24, 26, 31, 32, 33, 34, 35, 36]
		(Gen. 16) BestSol = Solution: cost=[325.0], size=[18], elements=[1, 2, 4, 7, 9, 11, 14, 15, 18, 19, 21, 24, 26, 31, 32, 33, 34, 36]
		(Gen. 17) BestSol = Solution: cost=[352.0], size=[19], elements=[1, 2, 4, 7, 9, 11, 14, 15, 18, 19, 21, 23, 24, 26, 31, 32, 33, 34, 36]
		(Gen. 21) BestSol = Solution: cost=[366.0], size=[20], elements=[1, 2, 4, 7, 9, 11, 14, 15, 18, 19, 21, 23, 24, 25, 26, 31, 32, 33, 34, 36]

		maxVal = Solution: cost=[366.0], size=[20], elements=[1, 2, 4, 7, 9, 11, 14, 15, 18, 19, 21, 23, 24, 25, 26, 31, 32, 33, 34, 36]

}
