{
	Instancia		: instances/qbf060
	Interações		: 10000000
	Tamanho pop.		: 100
	Mutação taxa		: 0.03
	Algoritmo		: Padrão
		(Gen. 0) BestSol = Solution: cost=[81.0], size=[25], elements=[1, 2, 4, 6, 7, 9, 10, 14, 19, 20, 22, 25, 29, 30, 35, 36, 41, 45, 49, 51, 52, 53, 54, 56, 59]
		(Gen. 1) BestSol = Solution: cost=[224.0], size=[26], elements=[3, 4, 6, 13, 14, 19, 23, 24, 27, 30, 31, 32, 33, 34, 35, 39, 41, 44, 45, 48, 49, 50, 55, 56, 57, 59]
		(Gen. 4) BestSol = Solution: cost=[233.0], size=[23], elements=[2, 4, 6, 14, 19, 23, 24, 27, 30, 31, 32, 33, 34, 41, 44, 45, 48, 49, 51, 53, 54, 56, 59]
		(Gen. 5) BestSol = Solution: cost=[236.0], size=[24], elements=[1, 4, 8, 9, 11, 17, 20, 21, 23, 28, 29, 30, 32, 40, 41, 42, 44, 45, 48, 49, 51, 52, 56, 59]
		(Gen. 7) BestSol = Solution: cost=[286.0], size=[27], elements=[4, 9, 11, 16, 17, 18, 22, 23, 24, 26, 27, 28, 30, 33, 34, 35, 40, 41, 42, 44, 45, 49, 50, 52, 55, 56, 59]
		(Gen. 8) BestSol = Solution: cost=[307.0], size=[29], elements=[0, 2, 4, 9, 11, 16, 17, 18, 22, 23, 24, 26, 27, 28, 30, 33, 34, 35, 40, 41, 42, 44, 45, 49, 50, 52, 55, 56, 59]
		(Gen. 10) BestSol = Solution: cost=[339.0], size=[27], elements=[2, 4, 9, 11, 16, 17, 18, 22, 23, 24, 26, 28, 30, 33, 34, 35, 38, 40, 41, 42, 44, 45, 49, 50, 52, 55, 59]
		(Gen. 14) BestSol = Solution: cost=[341.0], size=[26], elements=[2, 4, 9, 11, 16, 17, 18, 22, 23, 24, 26, 28, 30, 33, 34, 35, 38, 40, 41, 42, 44, 45, 49, 50, 52, 55]
		(Gen. 21) BestSol = Solution: cost=[342.0], size=[27], elements=[4, 9, 11, 16, 17, 22, 23, 24, 26, 28, 30, 33, 34, 35, 40, 41, 42, 44, 45, 48, 49, 51, 52, 53, 55, 56, 59]
		(Gen. 23) BestSol = Solution: cost=[361.0], size=[25], elements=[2, 4, 9, 11, 16, 17, 23, 24, 26, 28, 30, 33, 34, 35, 38, 40, 41, 42, 44, 45, 49, 51, 52, 55, 56]
		(Gen. 26) BestSol = Solution: cost=[368.0], size=[25], elements=[2, 4, 9, 11, 16, 17, 21, 23, 24, 26, 28, 30, 33, 34, 35, 38, 40, 41, 42, 44, 45, 49, 51, 55, 56]
		(Gen. 28) BestSol = Solution: cost=[391.0], size=[26], elements=[2, 4, 9, 11, 16, 17, 21, 23, 24, 26, 28, 30, 33, 34, 35, 38, 40, 41, 42, 44, 45, 49, 51, 55, 56, 59]
		(Gen. 32) BestSol = Solution: cost=[398.0], size=[26], elements=[2, 4, 9, 11, 16, 17, 21, 22, 23, 24, 26, 28, 30, 33, 34, 35, 38, 40, 41, 42, 44, 45, 49, 55, 56, 59]
		(Gen. 34) BestSol = Solution: cost=[410.0], size=[28], elements=[2, 3, 4, 9, 11, 16, 17, 21, 22, 23, 24, 26, 28, 30, 33, 34, 35, 38, 40, 41, 42, 44, 45, 49, 53, 55, 56, 59]
		(Gen. 46) BestSol = Solution: cost=[443.0], size=[27], elements=[2, 3, 4, 11, 16, 17, 18, 22, 23, 24, 26, 27, 28, 30, 33, 35, 38, 40, 42, 44, 45, 49, 51, 53, 55, 56, 59]
		(Gen. 51) BestSol = Solution: cost=[450.0], size=[26], elements=[2, 3, 4, 11, 16, 17, 22, 23, 24, 26, 27, 28, 30, 33, 35, 38, 40, 42, 44, 45, 49, 51, 53, 55, 56, 59]
		(Gen. 55) BestSol = Solution: cost=[465.0], size=[25], elements=[2, 3, 4, 11, 16, 17, 22, 23, 24, 26, 27, 28, 30, 34, 35, 38, 42, 44, 45, 49, 51, 53, 55, 56, 59]
		(Gen. 74) BestSol = Solution: cost=[468.0], size=[29], elements=[2, 3, 4, 11, 14, 16, 17, 20, 22, 23, 24, 26, 27, 28, 29, 30, 34, 35, 38, 42, 44, 45, 46, 49, 51, 53, 55, 56, 59]
		(Gen. 80) BestSol = Solution: cost=[489.0], size=[26], elements=[2, 3, 4, 11, 14, 17, 22, 23, 24, 26, 27, 28, 29, 30, 34, 35, 38, 42, 44, 45, 49, 51, 53, 55, 56, 59]
		(Gen. 91) BestSol = Solution: cost=[493.0], size=[27], elements=[2, 3, 4, 11, 14, 16, 17, 22, 23, 24, 26, 27, 28, 29, 30, 34, 35, 38, 42, 44, 45, 49, 51, 53, 55, 56, 59]
		(Gen. 128) BestSol = Solution: cost=[494.0], size=[28], elements=[2, 3, 4, 11, 14, 16, 17, 22, 23, 24, 26, 27, 28, 29, 30, 34, 35, 38, 41, 42, 44, 45, 49, 51, 53, 55, 56, 59]
		(Gen. 135) BestSol = Solution: cost=[495.0], size=[27], elements=[2, 3, 4, 11, 14, 17, 22, 23, 24, 26, 27, 28, 29, 30, 32, 34, 35, 38, 42, 44, 45, 49, 51, 53, 55, 56, 59]
		(Gen. 10524) BestSol = Solution: cost=[496.0], size=[25], elements=[2, 3, 4, 11, 12, 14, 16, 17, 24, 26, 27, 28, 29, 30, 34, 35, 38, 42, 44, 49, 51, 53, 55, 56, 59]
		(Gen. 10627) BestSol = Solution: cost=[499.0], size=[26], elements=[2, 3, 4, 11, 12, 14, 16, 17, 24, 26, 27, 28, 29, 30, 33, 34, 35, 38, 42, 44, 49, 51, 53, 55, 56, 59]
		(Gen. 10851) BestSol = Solution: cost=[500.0], size=[27], elements=[2, 3, 4, 11, 12, 14, 16, 17, 24, 26, 27, 28, 29, 30, 33, 34, 35, 38, 42, 44, 45, 49, 51, 53, 55, 56, 59]
		(Gen. 15428) BestSol = Solution: cost=[501.0], size=[26], elements=[2, 3, 4, 11, 12, 14, 16, 17, 19, 24, 26, 27, 29, 30, 33, 35, 38, 41, 42, 44, 49, 51, 54, 55, 56, 59]
		(Gen. 15438) BestSol = Solution: cost=[502.0], size=[25], elements=[2, 3, 4, 13, 14, 16, 17, 19, 24, 26, 27, 29, 30, 33, 35, 38, 41, 42, 44, 49, 51, 54, 55, 56, 59]
		(Gen. 15577) BestSol = Solution: cost=[508.0], size=[25], elements=[2, 3, 4, 13, 14, 16, 17, 19, 24, 26, 27, 29, 30, 33, 35, 38, 42, 43, 44, 49, 51, 54, 55, 56, 59]

		maxVal = Solution: cost=[508.0], size=[25], elements=[2, 3, 4, 13, 14, 16, 17, 19, 24, 26, 27, 29, 30, 33, 35, 38, 42, 43, 44, 49, 51, 54, 55, 56, 59]

}
