{
	Instancia		: instances/qbf040
	Interações		: 100000
	Tamanho pop.		: 1000
	Mutação taxa		: 0.001
	Algoritmo		: Padrão
		(Gen. 0) BestSol = Solution: cost=[172.0], size=[16], elements=[0, 1, 4, 9, 10, 11, 18, 22, 23, 24, 26, 31, 32, 33, 36, 38]
		(Gen. 1) BestSol = Solution: cost=[183.0], size=[19], elements=[0, 2, 4, 6, 7, 9, 11, 14, 15, 21, 22, 23, 24, 31, 32, 33, 36, 38, 39]
		(Gen. 2) BestSol = Solution: cost=[194.0], size=[16], elements=[0, 2, 4, 7, 11, 19, 21, 24, 26, 29, 31, 32, 33, 34, 36, 38]
		(Gen. 3) BestSol = Solution: cost=[202.0], size=[17], elements=[0, 2, 3, 4, 8, 11, 14, 17, 19, 20, 21, 27, 29, 32, 36, 37, 38]
		(Gen. 5) BestSol = Solution: cost=[228.0], size=[15], elements=[2, 4, 6, 7, 9, 10, 11, 12, 15, 18, 21, 24, 32, 34, 36]
		(Gen. 6) BestSol = Solution: cost=[236.0], size=[17], elements=[2, 4, 6, 7, 9, 10, 11, 12, 15, 18, 21, 24, 25, 31, 32, 33, 34]
		(Gen. 7) BestSol = Solution: cost=[250.0], size=[18], elements=[2, 4, 7, 8, 9, 11, 14, 18, 23, 24, 25, 26, 30, 31, 32, 33, 34, 36]
		(Gen. 9) BestSol = Solution: cost=[276.0], size=[16], elements=[0, 2, 4, 9, 11, 15, 19, 21, 24, 26, 29, 31, 32, 33, 34, 36]
		(Gen. 12) BestSol = Solution: cost=[306.0], size=[17], elements=[1, 2, 4, 9, 11, 14, 18, 19, 21, 23, 24, 26, 29, 31, 33, 34, 36]
		(Gen. 15) BestSol = Solution: cost=[318.0], size=[18], elements=[0, 2, 4, 7, 9, 11, 14, 15, 19, 21, 24, 26, 29, 31, 32, 33, 34, 36]
		(Gen. 16) BestSol = Solution: cost=[328.0], size=[18], elements=[1, 2, 4, 7, 9, 11, 15, 18, 19, 21, 23, 24, 26, 31, 32, 33, 34, 36]
		(Gen. 17) BestSol = Solution: cost=[345.0], size=[20], elements=[0, 1, 2, 4, 7, 9, 11, 14, 15, 18, 21, 23, 24, 25, 26, 31, 32, 33, 34, 36]
		(Gen. 18) BestSol = Solution: cost=[352.0], size=[19], elements=[1, 2, 4, 7, 9, 11, 14, 15, 18, 19, 21, 23, 24, 26, 31, 32, 33, 34, 36]
		(Gen. 21) BestSol = Solution: cost=[366.0], size=[20], elements=[1, 2, 4, 7, 9, 11, 14, 15, 18, 19, 21, 23, 24, 25, 26, 31, 32, 33, 34, 36]

		maxVal = Solution: cost=[366.0], size=[20], elements=[1, 2, 4, 7, 9, 11, 14, 15, 18, 19, 21, 23, 24, 25, 26, 31, 32, 33, 34, 36]

}
