{
	Instancia		: instances/qbf060
	Interações		: 10000000
	Tamanho pop.		: 1000
	Mutação taxa		: 0.001
	Algoritmo		: Padrão
		(Gen. 0) BestSol = Solution: cost=[179.0], size=[25], elements=[0, 2, 6, 8, 12, 13, 14, 22, 24, 26, 27, 28, 29, 35, 38, 44, 45, 46, 47, 50, 51, 52, 53, 54, 56]
		(Gen. 1) BestSol = Solution: cost=[181.0], size=[22], elements=[1, 8, 11, 13, 14, 23, 24, 27, 28, 29, 30, 32, 34, 35, 37, 39, 42, 43, 48, 49, 54, 56]
		(Gen. 2) BestSol = Solution: cost=[276.0], size=[25], elements=[1, 2, 3, 4, 16, 18, 19, 24, 26, 28, 29, 30, 32, 33, 35, 40, 41, 42, 44, 49, 50, 54, 55, 56, 57]
		(Gen. 3) BestSol = Solution: cost=[296.0], size=[26], elements=[1, 2, 3, 4, 11, 13, 16, 19, 24, 26, 28, 29, 30, 32, 33, 35, 40, 41, 42, 44, 49, 50, 54, 55, 56, 57]
		(Gen. 7) BestSol = Solution: cost=[305.0], size=[28], elements=[1, 2, 3, 4, 6, 11, 16, 18, 19, 24, 26, 28, 29, 30, 32, 33, 35, 40, 41, 44, 45, 47, 49, 53, 55, 56, 57, 59]
		(Gen. 8) BestSol = Solution: cost=[332.0], size=[24], elements=[1, 2, 3, 4, 7, 11, 13, 19, 24, 26, 29, 30, 32, 33, 35, 38, 41, 44, 49, 50, 51, 54, 55, 56]
		(Gen. 11) BestSol = Solution: cost=[359.0], size=[25], elements=[1, 2, 3, 4, 10, 11, 14, 17, 24, 26, 27, 28, 29, 30, 32, 33, 35, 38, 42, 44, 45, 49, 51, 55, 56]
		(Gen. 13) BestSol = Solution: cost=[374.0], size=[23], elements=[2, 3, 4, 11, 14, 16, 17, 23, 24, 26, 27, 28, 29, 30, 35, 38, 42, 44, 45, 49, 53, 55, 56]
		(Gen. 14) BestSol = Solution: cost=[380.0], size=[23], elements=[1, 4, 7, 11, 14, 17, 23, 24, 26, 29, 30, 32, 35, 38, 40, 41, 42, 44, 49, 51, 53, 56, 59]
		(Gen. 15) BestSol = Solution: cost=[394.0], size=[24], elements=[3, 4, 14, 17, 24, 26, 27, 28, 29, 30, 32, 33, 35, 38, 40, 42, 44, 49, 50, 51, 53, 55, 56, 59]
		(Gen. 16) BestSol = Solution: cost=[416.0], size=[24], elements=[2, 3, 4, 11, 14, 16, 17, 23, 24, 26, 27, 28, 29, 30, 35, 38, 42, 44, 45, 49, 53, 55, 56, 59]
		(Gen. 18) BestSol = Solution: cost=[465.0], size=[25], elements=[2, 3, 4, 11, 14, 16, 17, 23, 24, 26, 27, 28, 29, 30, 35, 38, 42, 44, 45, 49, 51, 53, 55, 56, 59]
		(Gen. 20) BestSol = Solution: cost=[471.0], size=[26], elements=[2, 3, 4, 11, 12, 14, 17, 24, 26, 27, 28, 29, 30, 32, 33, 35, 38, 42, 44, 45, 49, 51, 53, 55, 56, 59]
		(Gen. 23) BestSol = Solution: cost=[480.0], size=[24], elements=[2, 3, 4, 11, 12, 14, 16, 17, 24, 26, 27, 28, 29, 30, 35, 38, 42, 44, 49, 51, 53, 55, 56, 59]
		(Gen. 26) BestSol = Solution: cost=[487.0], size=[25], elements=[2, 3, 4, 11, 12, 14, 16, 17, 24, 26, 27, 28, 29, 30, 33, 35, 38, 42, 44, 49, 51, 53, 55, 56, 59]
		(Gen. 28) BestSol = Solution: cost=[488.0], size=[26], elements=[2, 3, 4, 11, 14, 17, 23, 24, 26, 27, 28, 29, 30, 32, 33, 35, 38, 42, 44, 45, 49, 51, 53, 55, 56, 59]
		(Gen. 29) BestSol = Solution: cost=[496.0], size=[25], elements=[2, 3, 4, 11, 12, 14, 16, 17, 24, 26, 27, 28, 29, 30, 34, 35, 38, 42, 44, 49, 51, 53, 55, 56, 59]
		(Gen. 34) BestSol = Solution: cost=[500.0], size=[27], elements=[2, 3, 4, 11, 12, 14, 16, 17, 24, 26, 27, 28, 29, 30, 33, 34, 35, 38, 42, 44, 45, 49, 51, 53, 55, 56, 59]

		maxVal = Solution: cost=[500.0], size=[27], elements=[2, 3, 4, 11, 12, 14, 16, 17, 24, 26, 27, 28, 29, 30, 33, 34, 35, 38, 42, 44, 45, 49, 51, 53, 55, 56, 59]

}
