{
	Instancia		: instances/qbf060
	Interações		: 10000000
	Tamanho pop.		: 1000
	Mutação taxa		: 0.003
	Algoritmo		: Padrão
		(Gen. 0) BestSol = Solution: cost=[211.0], size=[28], elements=[0, 3, 4, 11, 16, 17, 21, 23, 24, 27, 28, 29, 33, 34, 35, 36, 38, 40, 41, 42, 44, 45, 46, 47, 49, 51, 54, 59]
		(Gen. 1) BestSol = Solution: cost=[230.0], size=[28], elements=[0, 3, 4, 11, 16, 17, 21, 23, 24, 27, 28, 29, 33, 34, 35, 36, 38, 40, 41, 42, 44, 45, 46, 47, 49, 51, 53, 59]
		(Gen. 2) BestSol = Solution: cost=[242.0], size=[27], elements=[0, 2, 4, 11, 16, 17, 21, 23, 24, 27, 28, 29, 33, 34, 35, 36, 38, 40, 41, 42, 44, 45, 49, 52, 53, 55, 59]
		(Gen. 3) BestSol = Solution: cost=[259.0], size=[25], elements=[1, 2, 4, 11, 16, 17, 21, 23, 24, 27, 28, 29, 33, 35, 36, 38, 40, 41, 42, 44, 49, 51, 52, 54, 58]
		(Gen. 5) BestSol = Solution: cost=[267.0], size=[26], elements=[0, 2, 4, 11, 16, 17, 21, 23, 24, 27, 28, 29, 33, 34, 35, 36, 38, 40, 41, 42, 44, 45, 49, 52, 53, 59]
		(Gen. 6) BestSol = Solution: cost=[276.0], size=[23], elements=[0, 2, 4, 11, 16, 17, 21, 23, 24, 27, 28, 29, 33, 35, 40, 42, 44, 45, 49, 52, 53, 55, 59]
		(Gen. 7) BestSol = Solution: cost=[317.0], size=[25], elements=[0, 3, 4, 11, 16, 17, 23, 24, 27, 28, 29, 33, 34, 35, 38, 40, 42, 44, 45, 46, 51, 53, 55, 56, 59]
		(Gen. 9) BestSol = Solution: cost=[357.0], size=[26], elements=[0, 2, 4, 11, 16, 17, 22, 23, 24, 26, 28, 29, 33, 34, 35, 40, 41, 42, 44, 45, 49, 51, 53, 55, 56, 59]
		(Gen. 12) BestSol = Solution: cost=[369.0], size=[25], elements=[2, 3, 4, 11, 16, 17, 22, 23, 24, 26, 28, 29, 33, 34, 35, 40, 41, 42, 44, 45, 49, 51, 53, 55, 59]
		(Gen. 14) BestSol = Solution: cost=[370.0], size=[24], elements=[2, 3, 4, 11, 16, 17, 22, 23, 24, 26, 28, 29, 34, 35, 40, 41, 42, 44, 45, 49, 51, 53, 55, 59]
		(Gen. 15) BestSol = Solution: cost=[401.0], size=[28], elements=[2, 4, 9, 11, 14, 16, 17, 23, 24, 26, 27, 28, 29, 30, 33, 34, 35, 40, 41, 42, 44, 45, 49, 51, 53, 55, 56, 59]
		(Gen. 16) BestSol = Solution: cost=[423.0], size=[29], elements=[2, 4, 9, 11, 14, 16, 17, 23, 24, 26, 27, 28, 29, 30, 33, 34, 35, 40, 41, 42, 44, 45, 49, 51, 52, 53, 55, 56, 59]
		(Gen. 18) BestSol = Solution: cost=[440.0], size=[28], elements=[2, 4, 11, 14, 16, 17, 23, 24, 26, 27, 28, 29, 30, 33, 34, 35, 40, 41, 42, 44, 45, 49, 51, 52, 53, 55, 56, 59]
		(Gen. 21) BestSol = Solution: cost=[455.0], size=[26], elements=[2, 4, 11, 14, 16, 17, 23, 24, 26, 27, 28, 29, 30, 33, 34, 35, 38, 42, 44, 49, 51, 52, 53, 55, 56, 59]
		(Gen. 22) BestSol = Solution: cost=[468.0], size=[30], elements=[0, 2, 3, 4, 11, 16, 17, 22, 23, 24, 26, 27, 28, 29, 30, 33, 34, 35, 38, 40, 41, 42, 44, 45, 49, 51, 53, 55, 56, 59]
		(Gen. 23) BestSol = Solution: cost=[485.0], size=[28], elements=[2, 3, 4, 11, 16, 17, 22, 23, 24, 26, 27, 28, 29, 30, 33, 34, 35, 38, 41, 42, 44, 45, 49, 51, 53, 55, 56, 59]
		(Gen. 28) BestSol = Solution: cost=[486.0], size=[29], elements=[2, 3, 4, 11, 14, 16, 17, 22, 23, 24, 26, 27, 28, 29, 30, 34, 35, 38, 40, 41, 42, 44, 45, 49, 51, 53, 55, 56, 59]
		(Gen. 30) BestSol = Solution: cost=[491.0], size=[27], elements=[2, 3, 4, 11, 14, 16, 17, 23, 24, 26, 27, 28, 29, 30, 33, 34, 35, 38, 42, 44, 45, 49, 51, 53, 55, 56, 59]
		(Gen. 31) BestSol = Solution: cost=[494.0], size=[28], elements=[2, 3, 4, 11, 14, 16, 17, 22, 23, 24, 26, 27, 28, 29, 30, 34, 35, 38, 41, 42, 44, 45, 49, 51, 53, 55, 56, 59]
		(Gen. 390) BestSol = Solution: cost=[495.0], size=[27], elements=[2, 3, 4, 11, 14, 17, 22, 23, 24, 26, 27, 28, 29, 30, 32, 34, 35, 38, 42, 44, 45, 49, 51, 53, 55, 56, 59]

		maxVal = Solution: cost=[495.0], size=[27], elements=[2, 3, 4, 11, 14, 17, 22, 23, 24, 26, 27, 28, 29, 30, 32, 34, 35, 38, 42, 44, 45, 49, 51, 53, 55, 56, 59]

}
