{
	Instancia		: instances/qbf100
	Interações		: 10000000
	Tamanho pop.		: 1000
	Mutação taxa		: 0.003
	Algoritmo		: Padrão
		(Gen. 0) BestSol = Solution: cost=[368.0], size=[42], elements=[0, 2, 5, 9, 10, 13, 15, 17, 18, 21, 25, 28, 29, 32, 33, 38, 40, 42, 45, 46, 47, 51, 55, 56, 61, 67, 69, 72, 73, 75, 77, 78, 81, 84, 85, 86, 90, 92, 94, 95, 97, 98]
		(Gen. 2) BestSol = Solution: cost=[392.0], size=[37], elements=[6, 7, 8, 9, 12, 14, 16, 20, 21, 22, 25, 27, 28, 32, 40, 41, 44, 45, 51, 55, 56, 57, 58, 61, 62, 64, 69, 72, 73, 74, 79, 84, 85, 86, 89, 91, 93]
		(Gen. 3) BestSol = Solution: cost=[485.0], size=[37], elements=[0, 1, 4, 7, 10, 14, 15, 16, 18, 23, 24, 25, 28, 30, 37, 38, 39, 42, 44, 45, 46, 47, 49, 51, 53, 54, 61, 62, 66, 67, 69, 72, 74, 84, 85, 91, 96]
		(Gen. 5) BestSol = Solution: cost=[549.0], size=[36], elements=[5, 9, 10, 16, 17, 22, 23, 24, 28, 29, 38, 44, 45, 49, 51, 55, 62, 63, 64, 66, 67, 68, 71, 74, 75, 76, 78, 80, 82, 84, 86, 89, 90, 91, 92, 96]
		(Gen. 9) BestSol = Solution: cost=[583.0], size=[38], elements=[0, 2, 7, 8, 9, 12, 13, 14, 16, 20, 22, 23, 25, 26, 29, 37, 42, 44, 51, 54, 56, 62, 63, 66, 68, 69, 73, 74, 78, 80, 82, 84, 86, 89, 90, 91, 92, 96]
		(Gen. 10) BestSol = Solution: cost=[670.0], size=[40], elements=[0, 2, 7, 8, 9, 12, 13, 14, 16, 20, 22, 23, 25, 26, 29, 37, 42, 44, 51, 54, 56, 59, 61, 62, 63, 64, 68, 69, 73, 74, 78, 80, 82, 84, 86, 89, 90, 91, 92, 96]
		(Gen. 13) BestSol = Solution: cost=[699.0], size=[40], elements=[2, 7, 10, 11, 12, 14, 16, 17, 22, 23, 24, 28, 29, 38, 39, 43, 45, 47, 50, 51, 54, 55, 57, 59, 61, 62, 63, 64, 69, 71, 73, 74, 79, 84, 85, 89, 91, 95, 96, 99]
		(Gen. 15) BestSol = Solution: cost=[701.0], size=[36], elements=[2, 6, 7, 8, 10, 14, 16, 20, 22, 23, 25, 29, 33, 34, 38, 43, 44, 45, 49, 55, 57, 59, 61, 62, 63, 64, 68, 69, 71, 73, 78, 84, 91, 95, 96, 99]
		(Gen. 16) BestSol = Solution: cost=[708.0], size=[36], elements=[0, 3, 7, 10, 17, 18, 22, 23, 29, 33, 37, 42, 43, 44, 46, 47, 51, 57, 59, 62, 63, 64, 66, 68, 69, 74, 75, 76, 78, 82, 84, 86, 89, 90, 91, 96]
		(Gen. 17) BestSol = Solution: cost=[749.0], size=[38], elements=[2, 7, 10, 11, 12, 14, 16, 17, 22, 23, 24, 28, 29, 34, 38, 43, 45, 47, 51, 57, 59, 61, 62, 63, 64, 68, 69, 73, 74, 78, 80, 84, 85, 89, 91, 95, 96, 99]
		(Gen. 18) BestSol = Solution: cost=[827.0], size=[43], elements=[2, 4, 7, 9, 10, 12, 14, 16, 17, 18, 19, 20, 22, 23, 29, 37, 38, 42, 44, 45, 49, 51, 55, 57, 59, 62, 63, 64, 66, 68, 71, 74, 78, 80, 82, 84, 85, 86, 90, 91, 92, 94, 96]
		(Gen. 22) BestSol = Solution: cost=[842.0], size=[38], elements=[2, 7, 10, 12, 14, 16, 17, 20, 22, 23, 24, 27, 30, 33, 34, 38, 42, 44, 45, 47, 51, 57, 59, 62, 63, 64, 66, 67, 68, 69, 71, 72, 74, 80, 84, 91, 95, 96]
		(Gen. 23) BestSol = Solution: cost=[889.0], size=[44], elements=[2, 4, 7, 9, 10, 12, 14, 16, 17, 18, 19, 20, 22, 23, 29, 37, 38, 39, 42, 44, 45, 50, 51, 56, 57, 59, 62, 63, 64, 69, 71, 74, 78, 79, 81, 82, 84, 85, 86, 90, 91, 92, 94, 96]
		(Gen. 26) BestSol = Solution: cost=[1001.0], size=[38], elements=[2, 7, 9, 10, 14, 17, 18, 21, 22, 23, 24, 28, 29, 33, 37, 38, 39, 42, 44, 45, 50, 51, 56, 57, 59, 62, 64, 69, 71, 74, 78, 80, 81, 86, 89, 90, 91, 95]
		(Gen. 29) BestSol = Solution: cost=[1005.0], size=[37], elements=[2, 7, 9, 10, 14, 17, 18, 21, 22, 23, 24, 28, 29, 33, 37, 38, 39, 42, 44, 47, 51, 56, 57, 62, 64, 66, 69, 71, 72, 74, 78, 80, 81, 86, 90, 91, 95]
		(Gen. 30) BestSol = Solution: cost=[1051.0], size=[42], elements=[2, 7, 10, 14, 16, 17, 18, 19, 20, 22, 23, 29, 33, 34, 38, 42, 44, 45, 50, 51, 56, 57, 59, 62, 63, 64, 68, 69, 71, 72, 74, 78, 80, 82, 84, 85, 86, 90, 91, 92, 94, 96]
		(Gen. 34) BestSol = Solution: cost=[1070.0], size=[42], elements=[2, 7, 10, 14, 16, 17, 18, 19, 20, 22, 23, 24, 25, 28, 29, 33, 34, 38, 39, 42, 44, 45, 51, 57, 62, 63, 64, 66, 69, 71, 73, 74, 78, 80, 84, 85, 86, 90, 91, 92, 94, 96]
		(Gen. 36) BestSol = Solution: cost=[1115.0], size=[43], elements=[2, 7, 10, 14, 16, 17, 18, 19, 20, 22, 23, 24, 25, 28, 29, 33, 34, 38, 39, 42, 44, 45, 51, 57, 62, 63, 64, 66, 69, 71, 72, 73, 74, 78, 80, 84, 85, 86, 90, 91, 92, 94, 96]
		(Gen. 37) BestSol = Solution: cost=[1120.0], size=[43], elements=[2, 7, 9, 10, 14, 16, 17, 19, 20, 22, 23, 28, 29, 33, 38, 42, 44, 45, 50, 51, 56, 57, 59, 62, 63, 64, 66, 67, 68, 69, 71, 72, 73, 74, 78, 79, 84, 85, 86, 90, 91, 92, 96]
		(Gen. 40) BestSol = Solution: cost=[1185.0], size=[45], elements=[2, 7, 9, 10, 14, 16, 17, 18, 19, 20, 22, 23, 28, 29, 33, 34, 38, 42, 44, 45, 50, 51, 56, 57, 59, 62, 63, 64, 66, 67, 68, 69, 71, 72, 73, 74, 78, 79, 84, 85, 86, 90, 91, 92, 96]
		(Gen. 45) BestSol = Solution: cost=[1203.0], size=[42], elements=[2, 7, 9, 10, 14, 16, 17, 18, 19, 22, 23, 29, 33, 34, 38, 40, 42, 43, 44, 45, 50, 51, 56, 57, 59, 62, 63, 64, 66, 68, 69, 71, 73, 74, 78, 80, 84, 85, 89, 90, 91, 96]
		(Gen. 50) BestSol = Solution: cost=[1207.0], size=[44], elements=[2, 7, 9, 10, 14, 16, 17, 18, 19, 22, 23, 24, 25, 28, 29, 33, 34, 38, 42, 43, 44, 45, 50, 51, 56, 57, 59, 62, 64, 66, 68, 69, 71, 72, 73, 74, 78, 80, 84, 85, 89, 90, 91, 96]
		(Gen. 55) BestSol = Solution: cost=[1217.0], size=[45], elements=[2, 7, 10, 14, 16, 17, 18, 19, 22, 23, 24, 25, 27, 28, 29, 33, 34, 38, 40, 42, 43, 44, 45, 50, 51, 56, 57, 59, 62, 64, 66, 68, 69, 71, 72, 73, 74, 78, 80, 84, 85, 89, 90, 91, 96]
		(Gen. 58) BestSol = Solution: cost=[1230.0], size=[44], elements=[2, 7, 9, 10, 14, 16, 17, 18, 19, 22, 23, 24, 25, 28, 29, 33, 34, 38, 40, 42, 43, 44, 45, 50, 51, 56, 57, 62, 63, 64, 66, 68, 69, 71, 73, 74, 78, 80, 84, 85, 89, 90, 91, 96]

		maxVal = Solution: cost=[1230.0], size=[44], elements=[2, 7, 9, 10, 14, 16, 17, 18, 19, 22, 23, 24, 25, 28, 29, 33, 34, 38, 40, 42, 43, 44, 45, 50, 51, 56, 57, 62, 63, 64, 66, 68, 69, 71, 73, 74, 78, 80, 84, 85, 89, 90, 91, 96]

}
