{
	Instancia		: instances/qbf100
	Interações		: 10000000
	Tamanho pop.		: 100
	Mutação taxa		: 0.01
	Algoritmo		: Padrão
		(Gen. 0) BestSol = Solution: cost=[326.0], size=[39], elements=[0, 2, 4, 6, 7, 12, 14, 15, 22, 23, 24, 25, 28, 30, 31, 35, 37, 38, 40, 43, 45, 47, 50, 51, 52, 54, 56, 57, 61, 68, 69, 70, 71, 72, 73, 76, 77, 79, 85]
		(Gen. 1) BestSol = Solution: cost=[381.0], size=[37], elements=[0, 2, 4, 6, 7, 12, 14, 15, 22, 23, 24, 25, 28, 30, 31, 35, 37, 38, 40, 43, 45, 47, 50, 51, 52, 58, 61, 68, 69, 70, 71, 72, 73, 76, 77, 79, 85]
		(Gen. 2) BestSol = Solution: cost=[382.0], size=[37], elements=[0, 2, 4, 6, 7, 12, 14, 22, 23, 24, 25, 28, 30, 31, 35, 37, 38, 40, 43, 45, 47, 50, 51, 52, 54, 56, 57, 61, 68, 69, 70, 71, 72, 73, 77, 79, 85]
		(Gen. 9) BestSol = Solution: cost=[559.0], size=[34], elements=[0, 2, 6, 7, 10, 14, 16, 20, 22, 23, 25, 28, 33, 36, 38, 44, 50, 59, 62, 63, 64, 65, 68, 69, 71, 72, 73, 75, 85, 87, 88, 90, 94, 96]
		(Gen. 15) BestSol = Solution: cost=[585.0], size=[38], elements=[0, 2, 3, 6, 7, 10, 14, 16, 20, 22, 23, 25, 28, 33, 34, 37, 38, 44, 50, 59, 61, 62, 63, 64, 65, 68, 69, 71, 72, 73, 75, 85, 87, 88, 90, 91, 94, 96]
		(Gen. 16) BestSol = Solution: cost=[679.0], size=[40], elements=[0, 2, 3, 6, 7, 10, 14, 16, 20, 22, 23, 25, 28, 33, 34, 37, 38, 44, 50, 51, 59, 61, 62, 63, 64, 65, 68, 69, 71, 72, 73, 75, 79, 85, 88, 90, 91, 92, 94, 96]
		(Gen. 19) BestSol = Solution: cost=[707.0], size=[40], elements=[0, 2, 6, 7, 10, 14, 16, 20, 22, 23, 25, 28, 33, 34, 37, 38, 40, 44, 50, 51, 59, 61, 62, 63, 64, 65, 68, 69, 71, 72, 73, 75, 79, 82, 85, 88, 90, 91, 92, 96]
		(Gen. 20) BestSol = Solution: cost=[709.0], size=[41], elements=[0, 2, 6, 7, 9, 10, 14, 16, 17, 19, 20, 22, 23, 25, 28, 33, 34, 40, 44, 50, 59, 61, 62, 64, 65, 68, 69, 71, 72, 73, 75, 79, 85, 88, 89, 90, 91, 92, 94, 96, 99]
		(Gen. 21) BestSol = Solution: cost=[721.0], size=[44], elements=[0, 1, 2, 3, 6, 7, 10, 14, 16, 20, 22, 23, 25, 28, 29, 33, 34, 37, 38, 40, 44, 45, 50, 51, 59, 61, 62, 63, 64, 65, 68, 69, 71, 72, 73, 75, 79, 84, 85, 88, 90, 91, 92, 96]
		(Gen. 23) BestSol = Solution: cost=[822.0], size=[40], elements=[0, 2, 6, 7, 10, 14, 16, 20, 22, 23, 25, 28, 31, 33, 34, 37, 38, 40, 44, 45, 50, 51, 59, 62, 63, 64, 67, 68, 69, 71, 72, 75, 79, 85, 88, 90, 91, 92, 94, 96]
		(Gen. 25) BestSol = Solution: cost=[832.0], size=[39], elements=[0, 2, 4, 6, 7, 9, 10, 14, 16, 17, 20, 22, 23, 25, 28, 29, 33, 37, 38, 40, 44, 45, 50, 59, 62, 63, 64, 69, 71, 72, 73, 75, 79, 85, 88, 90, 92, 94, 96]
		(Gen. 26) BestSol = Solution: cost=[850.0], size=[39], elements=[0, 2, 6, 7, 9, 10, 14, 16, 17, 20, 22, 23, 25, 28, 29, 33, 37, 38, 40, 44, 45, 50, 59, 62, 63, 64, 69, 71, 72, 73, 75, 79, 81, 85, 88, 90, 92, 94, 96]
		(Gen. 27) BestSol = Solution: cost=[916.0], size=[36], elements=[0, 2, 6, 7, 10, 14, 16, 17, 19, 20, 22, 23, 25, 28, 29, 33, 34, 38, 42, 44, 50, 62, 63, 64, 68, 69, 71, 72, 74, 85, 88, 90, 91, 92, 94, 96]
		(Gen. 28) BestSol = Solution: cost=[950.0], size=[36], elements=[0, 2, 6, 7, 10, 14, 16, 17, 19, 20, 22, 23, 25, 28, 29, 33, 34, 38, 42, 44, 50, 62, 63, 64, 69, 71, 72, 73, 75, 85, 88, 90, 91, 92, 94, 96]
		(Gen. 29) BestSol = Solution: cost=[966.0], size=[39], elements=[0, 2, 6, 7, 10, 14, 16, 17, 19, 20, 22, 23, 25, 28, 29, 31, 33, 34, 38, 42, 44, 50, 57, 62, 63, 64, 68, 69, 71, 72, 74, 79, 85, 88, 90, 91, 92, 94, 96]
		(Gen. 32) BestSol = Solution: cost=[999.0], size=[41], elements=[0, 2, 6, 7, 10, 14, 16, 17, 19, 20, 22, 23, 25, 28, 29, 31, 33, 34, 38, 42, 44, 45, 50, 59, 62, 63, 64, 69, 71, 72, 73, 75, 79, 81, 85, 88, 90, 91, 92, 94, 96]
		(Gen. 37) BestSol = Solution: cost=[1008.0], size=[43], elements=[0, 2, 6, 7, 10, 14, 16, 17, 19, 20, 22, 23, 25, 28, 29, 31, 33, 34, 38, 39, 42, 44, 45, 50, 59, 61, 62, 63, 64, 69, 71, 72, 73, 75, 79, 84, 85, 88, 90, 91, 92, 94, 96]
		(Gen. 41) BestSol = Solution: cost=[1027.0], size=[44], elements=[0, 2, 6, 7, 10, 14, 16, 17, 19, 20, 22, 23, 25, 28, 29, 31, 33, 34, 38, 42, 44, 45, 50, 57, 62, 63, 64, 68, 69, 71, 72, 73, 74, 78, 79, 81, 85, 86, 88, 90, 91, 92, 94, 96]
		(Gen. 42) BestSol = Solution: cost=[1044.0], size=[43], elements=[0, 2, 6, 7, 10, 14, 16, 17, 19, 20, 22, 23, 24, 25, 28, 29, 33, 34, 38, 42, 44, 45, 50, 57, 62, 63, 64, 68, 69, 71, 72, 73, 74, 79, 81, 85, 86, 88, 90, 91, 92, 94, 96]
		(Gen. 45) BestSol = Solution: cost=[1058.0], size=[43], elements=[0, 2, 6, 7, 10, 14, 16, 17, 19, 20, 22, 23, 24, 25, 28, 29, 33, 34, 37, 38, 42, 44, 45, 50, 57, 62, 63, 64, 68, 69, 71, 72, 73, 74, 79, 85, 86, 88, 90, 91, 92, 94, 96]
		(Gen. 46) BestSol = Solution: cost=[1064.0], size=[42], elements=[0, 2, 6, 7, 10, 14, 16, 17, 19, 20, 22, 23, 24, 25, 28, 29, 33, 34, 37, 38, 42, 44, 45, 50, 57, 62, 63, 64, 68, 69, 71, 72, 73, 74, 79, 85, 88, 90, 91, 92, 94, 96]
		(Gen. 48) BestSol = Solution: cost=[1065.0], size=[42], elements=[0, 2, 7, 10, 14, 16, 17, 19, 20, 22, 23, 25, 28, 29, 33, 34, 38, 42, 44, 45, 50, 51, 57, 62, 63, 64, 67, 68, 69, 71, 72, 73, 74, 79, 84, 85, 88, 90, 91, 92, 94, 96]
		(Gen. 53) BestSol = Solution: cost=[1077.0], size=[44], elements=[0, 2, 7, 10, 14, 16, 17, 18, 19, 20, 22, 23, 25, 28, 29, 31, 33, 34, 38, 42, 44, 45, 50, 57, 61, 62, 63, 64, 68, 69, 71, 72, 73, 74, 79, 81, 84, 85, 88, 90, 91, 92, 94, 96]
		(Gen. 54) BestSol = Solution: cost=[1089.0], size=[46], elements=[0, 2, 7, 10, 14, 16, 17, 18, 19, 20, 22, 23, 25, 28, 29, 31, 33, 34, 38, 42, 44, 45, 50, 57, 61, 62, 63, 64, 67, 68, 69, 71, 72, 73, 74, 79, 81, 84, 85, 86, 88, 90, 91, 92, 94, 96]
		(Gen. 58) BestSol = Solution: cost=[1130.0], size=[46], elements=[0, 2, 7, 10, 14, 16, 17, 18, 19, 20, 22, 23, 25, 28, 29, 31, 33, 34, 38, 42, 44, 45, 50, 51, 57, 61, 62, 63, 64, 67, 68, 69, 71, 72, 73, 74, 79, 84, 85, 86, 88, 90, 91, 92, 94, 96]
		(Gen. 64) BestSol = Solution: cost=[1142.0], size=[47], elements=[0, 2, 7, 10, 14, 16, 17, 18, 19, 20, 22, 23, 24, 25, 28, 29, 31, 33, 34, 38, 42, 44, 45, 50, 51, 57, 61, 62, 63, 64, 67, 68, 69, 71, 72, 73, 74, 79, 84, 85, 86, 88, 90, 91, 92, 94, 96]
		(Gen. 65) BestSol = Solution: cost=[1148.0], size=[46], elements=[0, 2, 7, 10, 14, 16, 17, 18, 19, 20, 22, 23, 24, 25, 28, 29, 33, 34, 37, 38, 42, 44, 45, 50, 51, 57, 61, 62, 63, 64, 67, 68, 69, 71, 72, 73, 74, 79, 84, 85, 86, 90, 91, 92, 94, 96]
		(Gen. 66) BestSol = Solution: cost=[1151.0], size=[45], elements=[0, 2, 7, 10, 14, 16, 17, 18, 19, 20, 22, 23, 25, 28, 29, 33, 34, 38, 42, 44, 45, 50, 51, 57, 62, 63, 64, 67, 68, 69, 71, 72, 73, 74, 78, 79, 84, 85, 86, 88, 90, 91, 92, 94, 96]
		(Gen. 68) BestSol = Solution: cost=[1154.0], size=[48], elements=[0, 2, 7, 10, 14, 16, 17, 18, 19, 20, 22, 23, 24, 25, 28, 29, 31, 33, 34, 38, 42, 44, 45, 50, 51, 57, 61, 62, 63, 64, 67, 68, 69, 71, 72, 73, 74, 79, 81, 84, 85, 86, 88, 90, 91, 92, 94, 96]
		(Gen. 69) BestSol = Solution: cost=[1187.0], size=[46], elements=[0, 2, 7, 10, 14, 16, 17, 18, 19, 20, 22, 23, 25, 28, 29, 33, 34, 38, 42, 44, 45, 50, 51, 57, 61, 62, 63, 64, 67, 68, 69, 71, 72, 73, 74, 78, 79, 84, 85, 86, 88, 90, 91, 92, 94, 96]
		(Gen. 73) BestSol = Solution: cost=[1191.0], size=[44], elements=[2, 7, 10, 14, 16, 17, 18, 19, 20, 22, 23, 24, 25, 28, 29, 33, 34, 38, 42, 44, 45, 50, 51, 57, 61, 62, 63, 64, 67, 68, 69, 71, 72, 73, 74, 79, 84, 85, 86, 90, 91, 92, 94, 96]
		(Gen. 74) BestSol = Solution: cost=[1205.0], size=[45], elements=[2, 5, 7, 10, 14, 16, 17, 18, 19, 20, 22, 23, 25, 28, 29, 33, 34, 38, 42, 44, 45, 50, 51, 57, 61, 62, 63, 64, 67, 68, 69, 71, 72, 73, 74, 78, 79, 84, 85, 86, 90, 91, 92, 94, 96]
		(Gen. 75) BestSol = Solution: cost=[1211.0], size=[45], elements=[0, 2, 7, 10, 14, 16, 17, 18, 19, 20, 22, 23, 25, 28, 29, 33, 34, 38, 42, 44, 45, 50, 51, 57, 61, 62, 63, 64, 67, 68, 69, 71, 72, 73, 74, 78, 79, 84, 85, 86, 90, 91, 92, 94, 96]
		(Gen. 76) BestSol = Solution: cost=[1225.0], size=[45], elements=[2, 7, 10, 14, 16, 17, 18, 19, 20, 22, 23, 24, 25, 28, 29, 33, 34, 38, 42, 44, 45, 50, 51, 57, 61, 62, 63, 64, 67, 68, 69, 71, 72, 73, 74, 78, 79, 84, 85, 86, 90, 91, 92, 94, 96]
		(Gen. 87) BestSol = Solution: cost=[1246.0], size=[46], elements=[2, 7, 10, 14, 16, 17, 18, 19, 20, 22, 23, 24, 25, 28, 29, 33, 34, 38, 42, 44, 45, 50, 51, 56, 57, 61, 62, 63, 64, 67, 68, 69, 71, 72, 73, 74, 78, 79, 84, 85, 86, 90, 91, 92, 94, 96]
		(Gen. 91) BestSol = Solution: cost=[1247.0], size=[47], elements=[2, 7, 10, 14, 16, 17, 18, 19, 20, 22, 23, 24, 25, 28, 29, 33, 34, 38, 40, 42, 44, 45, 50, 51, 56, 57, 61, 62, 63, 64, 67, 68, 69, 71, 72, 73, 74, 78, 79, 84, 85, 86, 90, 91, 92, 94, 96]
		(Gen. 93) BestSol = Solution: cost=[1255.0], size=[47], elements=[2, 7, 10, 14, 16, 17, 18, 19, 20, 22, 23, 24, 25, 28, 29, 33, 34, 38, 42, 44, 45, 50, 51, 56, 57, 61, 62, 63, 64, 67, 68, 69, 71, 72, 73, 74, 78, 79, 81, 84, 85, 86, 90, 91, 92, 94, 96]
		(Gen. 94) BestSol = Solution: cost=[1263.0], size=[46], elements=[2, 7, 9, 10, 14, 16, 17, 18, 19, 20, 22, 23, 25, 28, 29, 33, 34, 38, 42, 44, 45, 50, 51, 56, 57, 61, 62, 63, 64, 67, 68, 69, 71, 72, 73, 74, 78, 79, 84, 85, 86, 90, 91, 92, 94, 96]

		maxVal = Solution: cost=[1263.0], size=[46], elements=[2, 7, 9, 10, 14, 16, 17, 18, 19, 20, 22, 23, 25, 28, 29, 33, 34, 38, 42, 44, 45, 50, 51, 56, 57, 61, 62, 63, 64, 67, 68, 69, 71, 72, 73, 74, 78, 79, 84, 85, 86, 90, 91, 92, 94, 96]

}
