{
	Instancia		: instances/qbf080
	Interações		: 10000000
	Tamanho pop.		: 100
	Mutação taxa		: 0.01
	Algoritmo		: Padrão
		(Gen. 0) BestSol = Solution: cost=[220.0], size=[31], elements=[0, 1, 3, 5, 11, 14, 16, 18, 19, 21, 24, 36, 37, 41, 46, 48, 49, 50, 51, 54, 55, 58, 59, 61, 62, 63, 68, 71, 75, 76, 79]
		(Gen. 3) BestSol = Solution: cost=[264.0], size=[24], elements=[3, 4, 7, 8, 11, 12, 15, 17, 25, 31, 39, 40, 44, 47, 49, 51, 53, 54, 55, 61, 66, 69, 70, 71]
		(Gen. 6) BestSol = Solution: cost=[286.0], size=[29], elements=[1, 2, 3, 8, 11, 16, 18, 19, 21, 24, 39, 40, 42, 44, 49, 51, 53, 55, 61, 62, 63, 68, 69, 70, 71, 74, 75, 77, 78]
		(Gen. 7) BestSol = Solution: cost=[287.0], size=[24], elements=[1, 2, 8, 9, 10, 12, 15, 18, 19, 20, 23, 31, 41, 43, 48, 54, 56, 60, 61, 62, 64, 65, 71, 74]
		(Gen. 8) BestSol = Solution: cost=[306.0], size=[25], elements=[1, 2, 3, 8, 10, 11, 16, 18, 19, 21, 23, 24, 39, 40, 42, 44, 49, 51, 53, 55, 61, 62, 64, 71, 74]
		(Gen. 10) BestSol = Solution: cost=[330.0], size=[26], elements=[1, 2, 3, 4, 8, 11, 16, 18, 19, 21, 23, 24, 25, 31, 40, 44, 47, 49, 51, 53, 54, 55, 61, 69, 70, 76]
		(Gen. 11) BestSol = Solution: cost=[372.0], size=[25], elements=[2, 3, 4, 7, 8, 11, 12, 15, 25, 29, 31, 37, 44, 47, 49, 51, 54, 55, 58, 61, 62, 63, 64, 74, 76]
		(Gen. 14) BestSol = Solution: cost=[429.0], size=[28], elements=[2, 3, 4, 6, 8, 11, 16, 18, 19, 21, 23, 24, 25, 31, 39, 40, 42, 44, 48, 49, 51, 54, 55, 56, 61, 69, 70, 76]
		(Gen. 18) BestSol = Solution: cost=[449.0], size=[30], elements=[2, 3, 4, 6, 8, 11, 16, 18, 19, 21, 23, 24, 25, 31, 37, 42, 43, 44, 48, 49, 51, 54, 55, 56, 61, 62, 64, 69, 70, 76]
		(Gen. 19) BestSol = Solution: cost=[453.0], size=[27], elements=[1, 3, 4, 8, 11, 18, 21, 22, 24, 34, 36, 37, 40, 44, 47, 48, 49, 50, 53, 54, 55, 58, 62, 71, 72, 75, 76]
		(Gen. 20) BestSol = Solution: cost=[466.0], size=[26], elements=[1, 3, 4, 8, 11, 18, 21, 22, 24, 34, 36, 37, 40, 42, 44, 47, 48, 49, 50, 54, 55, 58, 61, 71, 74, 76]
		(Gen. 21) BestSol = Solution: cost=[509.0], size=[30], elements=[2, 3, 4, 6, 7, 8, 14, 15, 18, 19, 20, 21, 22, 24, 31, 34, 37, 40, 42, 44, 49, 50, 54, 55, 58, 61, 64, 69, 71, 74]
		(Gen. 22) BestSol = Solution: cost=[534.0], size=[28], elements=[1, 2, 3, 4, 6, 7, 8, 14, 18, 19, 20, 31, 34, 37, 40, 44, 47, 49, 50, 53, 54, 55, 61, 62, 64, 69, 71, 76]
		(Gen. 23) BestSol = Solution: cost=[588.0], size=[29], elements=[1, 2, 3, 4, 6, 7, 8, 14, 18, 19, 20, 31, 34, 36, 37, 40, 44, 47, 49, 50, 53, 54, 55, 61, 62, 64, 69, 71, 76]
		(Gen. 25) BestSol = Solution: cost=[590.0], size=[30], elements=[1, 2, 3, 4, 6, 7, 8, 14, 18, 19, 20, 31, 34, 36, 37, 40, 44, 47, 48, 49, 50, 53, 54, 55, 61, 62, 64, 69, 71, 76]
		(Gen. 27) BestSol = Solution: cost=[616.0], size=[31], elements=[1, 2, 3, 4, 6, 7, 8, 14, 18, 19, 20, 31, 34, 36, 37, 40, 44, 47, 48, 49, 50, 53, 54, 55, 61, 62, 64, 69, 71, 74, 76]
		(Gen. 28) BestSol = Solution: cost=[620.0], size=[34], elements=[1, 2, 3, 4, 7, 8, 14, 15, 18, 19, 20, 22, 31, 34, 36, 37, 40, 42, 44, 47, 48, 49, 50, 54, 55, 60, 61, 62, 64, 69, 71, 74, 76, 79]
		(Gen. 30) BestSol = Solution: cost=[636.0], size=[29], elements=[2, 3, 4, 6, 8, 14, 18, 19, 20, 22, 31, 34, 36, 37, 40, 42, 44, 47, 48, 49, 50, 54, 55, 61, 62, 64, 69, 71, 76]
		(Gen. 31) BestSol = Solution: cost=[640.0], size=[30], elements=[2, 3, 4, 6, 8, 14, 18, 19, 20, 22, 31, 34, 36, 37, 40, 42, 44, 47, 48, 49, 50, 54, 55, 61, 62, 64, 69, 71, 74, 76]
		(Gen. 33) BestSol = Solution: cost=[656.0], size=[30], elements=[2, 3, 4, 6, 8, 14, 18, 19, 20, 22, 31, 34, 36, 37, 40, 42, 44, 47, 48, 49, 50, 54, 60, 61, 62, 64, 69, 71, 74, 76]
		(Gen. 34) BestSol = Solution: cost=[662.0], size=[31], elements=[2, 3, 4, 6, 8, 14, 18, 19, 20, 22, 31, 34, 36, 37, 40, 42, 43, 44, 47, 48, 49, 50, 54, 55, 61, 62, 64, 69, 71, 74, 76]
		(Gen. 38) BestSol = Solution: cost=[666.0], size=[31], elements=[1, 2, 3, 4, 8, 14, 18, 19, 20, 22, 24, 31, 34, 36, 37, 44, 47, 49, 50, 53, 54, 55, 61, 62, 64, 69, 71, 74, 75, 76, 79]
		(Gen. 39) BestSol = Solution: cost=[682.0], size=[33], elements=[2, 3, 4, 6, 7, 8, 14, 18, 19, 20, 21, 31, 36, 37, 40, 42, 43, 44, 47, 48, 49, 50, 54, 55, 60, 61, 62, 64, 69, 71, 74, 75, 76]
		(Gen. 41) BestSol = Solution: cost=[694.0], size=[34], elements=[2, 3, 4, 6, 7, 8, 14, 18, 19, 20, 21, 31, 36, 37, 40, 42, 43, 44, 47, 48, 49, 50, 54, 55, 60, 61, 62, 64, 67, 69, 71, 74, 75, 76]
		(Gen. 44) BestSol = Solution: cost=[704.0], size=[35], elements=[2, 3, 4, 6, 7, 8, 14, 18, 19, 20, 21, 22, 31, 36, 37, 40, 42, 43, 44, 47, 48, 49, 50, 54, 55, 60, 61, 62, 64, 67, 69, 71, 74, 75, 76]
		(Gen. 45) BestSol = Solution: cost=[726.0], size=[33], elements=[2, 3, 4, 6, 7, 8, 14, 18, 19, 20, 21, 22, 24, 31, 36, 37, 42, 44, 47, 48, 49, 50, 54, 60, 61, 62, 64, 69, 71, 73, 74, 75, 76]
		(Gen. 48) BestSol = Solution: cost=[757.0], size=[36], elements=[2, 3, 4, 6, 7, 8, 14, 18, 19, 20, 21, 22, 24, 31, 36, 37, 40, 42, 43, 44, 47, 48, 49, 50, 54, 55, 60, 61, 62, 64, 69, 71, 73, 74, 75, 76]
		(Gen. 61) BestSol = Solution: cost=[772.0], size=[34], elements=[2, 3, 4, 6, 7, 8, 14, 18, 19, 21, 22, 24, 31, 36, 37, 42, 43, 44, 47, 48, 49, 50, 54, 55, 60, 61, 62, 64, 69, 71, 73, 74, 75, 76]
		(Gen. 62) BestSol = Solution: cost=[776.0], size=[36], elements=[2, 3, 4, 6, 7, 8, 11, 14, 18, 19, 21, 22, 24, 31, 36, 37, 42, 43, 44, 47, 48, 49, 50, 54, 55, 60, 61, 62, 64, 69, 71, 73, 74, 75, 76, 79]
		(Gen. 65) BestSol = Solution: cost=[782.0], size=[35], elements=[2, 3, 4, 6, 7, 8, 14, 18, 19, 21, 22, 24, 31, 36, 37, 42, 43, 44, 47, 48, 49, 50, 54, 55, 60, 61, 62, 64, 69, 71, 73, 74, 75, 76, 79]
		(Gen. 74) BestSol = Solution: cost=[797.0], size=[37], elements=[1, 2, 3, 4, 7, 8, 9, 11, 13, 18, 19, 21, 22, 24, 31, 36, 37, 42, 43, 44, 47, 48, 49, 50, 54, 55, 60, 61, 62, 64, 69, 71, 73, 74, 75, 76, 79]
		(Gen. 77) BestSol = Solution: cost=[809.0], size=[36], elements=[1, 2, 3, 4, 7, 8, 9, 13, 18, 19, 21, 22, 24, 31, 36, 37, 42, 43, 44, 47, 48, 49, 50, 54, 55, 60, 61, 62, 64, 69, 71, 73, 74, 75, 76, 79]
		(Gen. 87) BestSol = Solution: cost=[810.0], size=[35], elements=[1, 2, 3, 4, 7, 8, 13, 18, 19, 21, 22, 24, 31, 36, 37, 42, 43, 44, 47, 48, 49, 50, 54, 55, 60, 61, 62, 64, 69, 71, 73, 74, 75, 76, 79]
		(Gen. 94) BestSol = Solution: cost=[812.0], size=[35], elements=[1, 2, 3, 4, 7, 8, 13, 18, 19, 21, 22, 24, 31, 36, 37, 42, 43, 44, 46, 47, 48, 49, 50, 54, 55, 60, 61, 62, 64, 69, 71, 73, 74, 75, 76]
		(Gen. 96) BestSol = Solution: cost=[813.0], size=[37], elements=[1, 2, 3, 4, 7, 8, 9, 13, 18, 19, 21, 22, 24, 31, 36, 37, 42, 43, 44, 46, 47, 48, 49, 50, 54, 55, 60, 61, 62, 64, 69, 71, 73, 74, 75, 76, 79]
		(Gen. 100) BestSol = Solution: cost=[814.0], size=[37], elements=[1, 2, 3, 4, 7, 8, 9, 13, 18, 19, 21, 22, 24, 31, 36, 37, 42, 43, 44, 46, 48, 49, 50, 54, 55, 58, 60, 61, 62, 64, 69, 71, 73, 74, 75, 76, 79]
		(Gen. 101) BestSol = Solution: cost=[823.0], size=[36], elements=[1, 2, 3, 4, 7, 8, 9, 13, 18, 19, 21, 22, 24, 31, 36, 37, 42, 43, 44, 46, 47, 48, 49, 50, 54, 55, 60, 61, 62, 64, 69, 71, 73, 74, 75, 76]
		(Gen. 140) BestSol = Solution: cost=[827.0], size=[35], elements=[1, 2, 3, 4, 7, 8, 13, 18, 19, 21, 22, 24, 31, 37, 42, 43, 44, 46, 47, 48, 49, 50, 52, 54, 55, 60, 61, 62, 64, 69, 71, 73, 74, 75, 76]
		(Gen. 164) BestSol = Solution: cost=[849.0], size=[36], elements=[1, 2, 3, 4, 7, 8, 13, 18, 19, 21, 22, 24, 31, 37, 42, 43, 44, 46, 47, 48, 49, 50, 51, 52, 54, 55, 60, 61, 62, 64, 69, 71, 73, 74, 75, 76]
		(Gen. 177) BestSol = Solution: cost=[851.0], size=[36], elements=[1, 2, 3, 4, 7, 8, 13, 18, 19, 21, 22, 24, 31, 37, 42, 43, 44, 46, 47, 48, 49, 50, 51, 52, 54, 55, 58, 60, 61, 62, 64, 71, 73, 74, 75, 76]

		maxVal = Solution: cost=[851.0], size=[36], elements=[1, 2, 3, 4, 7, 8, 13, 18, 19, 21, 22, 24, 31, 37, 42, 43, 44, 46, 47, 48, 49, 50, 51, 52, 54, 55, 58, 60, 61, 62, 64, 71, 73, 74, 75, 76]

}
