{
	Instancia		: instances/qbf100
	Interações		: 10000000
	Tamanho pop.		: 100
	Mutação taxa		: 0.03
	Algoritmo		: Padrão
		(Gen. 0) BestSol = Solution: cost=[160.0], size=[41], elements=[0, 3, 4, 5, 6, 7, 8, 10, 11, 13, 14, 18, 20, 26, 27, 29, 30, 34, 36, 41, 43, 46, 48, 51, 59, 62, 63, 70, 71, 72, 75, 76, 79, 80, 81, 85, 87, 88, 94, 95, 97]
		(Gen. 1) BestSol = Solution: cost=[223.0], size=[43], elements=[0, 3, 5, 6, 8, 10, 11, 13, 14, 17, 18, 20, 21, 22, 26, 30, 47, 48, 49, 50, 55, 56, 57, 59, 62, 63, 64, 66, 70, 74, 75, 77, 79, 81, 82, 85, 87, 91, 92, 93, 95, 97, 99]
		(Gen. 2) BestSol = Solution: cost=[279.0], size=[33], elements=[5, 6, 7, 8, 10, 17, 20, 25, 26, 28, 29, 33, 38, 40, 41, 49, 55, 57, 58, 59, 62, 63, 66, 68, 69, 71, 78, 80, 89, 90, 92, 96, 99]
		(Gen. 3) BestSol = Solution: cost=[311.0], size=[34], elements=[2, 3, 5, 6, 10, 13, 14, 17, 18, 20, 26, 29, 31, 37, 40, 43, 46, 47, 53, 56, 59, 61, 63, 68, 69, 74, 77, 85, 91, 92, 93, 95, 96, 97]
		(Gen. 4) BestSol = Solution: cost=[351.0], size=[36], elements=[1, 3, 10, 11, 16, 17, 21, 22, 23, 26, 29, 30, 33, 34, 36, 38, 40, 44, 51, 59, 62, 63, 67, 68, 71, 78, 79, 81, 82, 84, 85, 88, 89, 96, 98, 99]
		(Gen. 5) BestSol = Solution: cost=[390.0], size=[40], elements=[3, 10, 11, 12, 13, 17, 18, 22, 24, 25, 27, 28, 31, 33, 37, 42, 45, 46, 47, 48, 51, 55, 57, 61, 63, 64, 68, 74, 77, 78, 79, 81, 84, 85, 91, 92, 93, 94, 95, 96]
		(Gen. 6) BestSol = Solution: cost=[469.0], size=[39], elements=[3, 10, 11, 12, 13, 17, 18, 20, 22, 24, 25, 26, 27, 28, 31, 33, 45, 46, 47, 48, 51, 55, 57, 61, 63, 64, 68, 74, 77, 79, 81, 84, 85, 91, 92, 93, 94, 95, 96]
		(Gen. 7) BestSol = Solution: cost=[572.0], size=[40], elements=[3, 10, 11, 12, 13, 16, 17, 18, 20, 22, 24, 25, 26, 28, 31, 33, 45, 46, 47, 48, 51, 55, 57, 61, 63, 64, 68, 69, 74, 77, 79, 81, 84, 85, 91, 92, 93, 94, 95, 96]
		(Gen. 11) BestSol = Solution: cost=[606.0], size=[36], elements=[0, 2, 3, 6, 7, 10, 16, 17, 19, 22, 23, 25, 29, 33, 44, 45, 46, 47, 49, 59, 61, 62, 63, 64, 68, 69, 72, 74, 81, 82, 84, 85, 91, 92, 93, 96]
		(Gen. 12) BestSol = Solution: cost=[663.0], size=[38], elements=[3, 10, 11, 12, 13, 16, 17, 18, 20, 22, 25, 26, 33, 38, 45, 46, 47, 48, 51, 55, 57, 61, 63, 64, 68, 69, 74, 77, 79, 81, 84, 85, 91, 92, 93, 94, 95, 96]
		(Gen. 19) BestSol = Solution: cost=[669.0], size=[37], elements=[3, 10, 11, 12, 13, 16, 17, 18, 20, 22, 25, 26, 33, 38, 45, 46, 48, 51, 55, 57, 61, 63, 64, 68, 69, 74, 77, 79, 81, 84, 85, 91, 92, 93, 94, 95, 96]
		(Gen. 22) BestSol = Solution: cost=[671.0], size=[39], elements=[10, 11, 12, 13, 16, 17, 18, 20, 22, 24, 25, 26, 33, 38, 45, 46, 47, 48, 51, 55, 57, 61, 63, 64, 67, 68, 69, 74, 77, 79, 81, 84, 85, 91, 92, 93, 94, 95, 96]
		(Gen. 29) BestSol = Solution: cost=[724.0], size=[35], elements=[2, 7, 10, 14, 16, 17, 18, 22, 23, 24, 26, 31, 33, 38, 43, 44, 45, 51, 57, 61, 63, 67, 68, 69, 74, 77, 82, 84, 87, 91, 92, 93, 94, 95, 96]
		(Gen. 34) BestSol = Solution: cost=[739.0], size=[34], elements=[0, 2, 7, 10, 14, 16, 17, 18, 22, 23, 24, 28, 33, 38, 43, 44, 45, 51, 57, 61, 63, 67, 68, 69, 74, 77, 82, 84, 91, 92, 93, 94, 95, 96]
		(Gen. 36) BestSol = Solution: cost=[782.0], size=[37], elements=[2, 10, 13, 14, 16, 17, 21, 22, 23, 24, 26, 28, 33, 38, 43, 44, 45, 47, 51, 57, 61, 62, 63, 67, 68, 69, 71, 81, 83, 84, 85, 86, 91, 92, 93, 94, 96]
		(Gen. 37) BestSol = Solution: cost=[804.0], size=[37], elements=[2, 7, 10, 13, 14, 16, 17, 22, 23, 24, 26, 28, 33, 38, 43, 44, 45, 47, 51, 57, 61, 62, 63, 67, 68, 69, 71, 81, 83, 84, 85, 86, 91, 92, 93, 94, 96]
		(Gen. 45) BestSol = Solution: cost=[821.0], size=[36], elements=[2, 7, 10, 13, 14, 16, 17, 22, 23, 26, 27, 28, 33, 38, 43, 44, 45, 47, 51, 57, 61, 62, 63, 67, 68, 69, 71, 83, 84, 85, 86, 91, 92, 93, 94, 96]
		(Gen. 47) BestSol = Solution: cost=[851.0], size=[37], elements=[2, 7, 10, 13, 14, 16, 17, 22, 23, 27, 28, 33, 38, 43, 44, 45, 47, 51, 57, 61, 62, 63, 67, 68, 69, 71, 72, 78, 83, 84, 85, 86, 91, 92, 93, 94, 96]
		(Gen. 52) BestSol = Solution: cost=[873.0], size=[36], elements=[2, 3, 7, 10, 13, 16, 17, 18, 22, 23, 28, 29, 33, 38, 43, 44, 45, 50, 51, 56, 57, 61, 62, 63, 67, 68, 69, 71, 73, 74, 85, 91, 92, 93, 94, 96]
		(Gen. 67) BestSol = Solution: cost=[923.0], size=[36], elements=[2, 3, 7, 10, 13, 16, 17, 18, 22, 23, 28, 29, 33, 38, 43, 44, 45, 51, 56, 57, 61, 62, 63, 67, 68, 69, 71, 73, 74, 84, 91, 92, 93, 94, 95, 96]
		(Gen. 85) BestSol = Solution: cost=[935.0], size=[36], elements=[2, 7, 9, 10, 14, 16, 17, 18, 22, 23, 24, 25, 28, 29, 33, 34, 37, 38, 42, 43, 44, 45, 51, 57, 61, 62, 63, 68, 69, 73, 74, 84, 85, 89, 90, 96]
		(Gen. 87) BestSol = Solution: cost=[941.0], size=[36], elements=[2, 7, 9, 10, 14, 16, 17, 18, 22, 23, 24, 25, 28, 29, 33, 34, 37, 38, 42, 43, 44, 45, 51, 57, 62, 63, 66, 68, 69, 73, 74, 84, 85, 89, 90, 96]
		(Gen. 90) BestSol = Solution: cost=[946.0], size=[37], elements=[2, 3, 7, 9, 10, 14, 16, 17, 18, 22, 23, 24, 25, 28, 29, 33, 34, 37, 38, 42, 43, 44, 45, 51, 57, 62, 63, 66, 68, 69, 73, 74, 84, 85, 89, 90, 96]
		(Gen. 97) BestSol = Solution: cost=[952.0], size=[43], elements=[1, 2, 3, 4, 7, 9, 10, 14, 16, 17, 18, 19, 22, 23, 24, 25, 28, 29, 33, 34, 37, 38, 42, 43, 44, 45, 51, 57, 62, 63, 66, 68, 69, 71, 73, 74, 81, 84, 85, 89, 90, 91, 92]
		(Gen. 101) BestSol = Solution: cost=[1005.0], size=[44], elements=[1, 2, 3, 4, 7, 9, 10, 14, 16, 17, 18, 19, 22, 23, 24, 25, 28, 29, 33, 34, 37, 38, 42, 43, 44, 45, 51, 57, 62, 63, 66, 68, 69, 71, 73, 74, 81, 84, 85, 89, 90, 91, 92, 96]
		(Gen. 108) BestSol = Solution: cost=[1029.0], size=[43], elements=[1, 2, 3, 4, 7, 9, 10, 14, 16, 17, 18, 19, 22, 23, 24, 25, 29, 33, 34, 37, 38, 42, 43, 44, 45, 50, 51, 57, 62, 63, 66, 68, 69, 71, 73, 74, 84, 85, 89, 90, 91, 92, 96]
		(Gen. 110) BestSol = Solution: cost=[1063.0], size=[42], elements=[2, 3, 4, 7, 9, 10, 14, 16, 17, 18, 19, 22, 23, 24, 25, 29, 33, 34, 37, 38, 42, 43, 44, 45, 50, 51, 57, 62, 63, 66, 68, 69, 71, 73, 74, 84, 85, 89, 90, 91, 92, 96]
		(Gen. 148) BestSol = Solution: cost=[1078.0], size=[42], elements=[2, 3, 4, 7, 9, 10, 14, 16, 17, 18, 19, 22, 23, 24, 25, 29, 33, 37, 38, 42, 43, 44, 45, 50, 51, 57, 62, 63, 66, 68, 69, 71, 73, 74, 78, 84, 85, 89, 90, 91, 92, 96]
		(Gen. 226) BestSol = Solution: cost=[1086.0], size=[43], elements=[2, 3, 4, 7, 9, 10, 14, 16, 17, 18, 19, 22, 23, 24, 25, 29, 33, 37, 38, 42, 43, 44, 45, 50, 51, 57, 62, 63, 66, 68, 69, 71, 73, 74, 78, 80, 84, 85, 89, 90, 91, 92, 96]
		(Gen. 259) BestSol = Solution: cost=[1101.0], size=[39], elements=[2, 3, 7, 9, 10, 14, 16, 17, 18, 19, 22, 23, 25, 29, 33, 37, 38, 42, 44, 45, 50, 51, 57, 62, 63, 66, 68, 69, 71, 72, 74, 78, 80, 84, 85, 90, 91, 92, 96]
		(Gen. 275) BestSol = Solution: cost=[1106.0], size=[41], elements=[2, 3, 7, 9, 10, 14, 16, 17, 18, 19, 22, 23, 25, 29, 33, 34, 38, 40, 42, 44, 45, 50, 51, 57, 62, 63, 66, 68, 69, 71, 72, 74, 78, 80, 82, 84, 85, 90, 91, 92, 96]
		(Gen. 324) BestSol = Solution: cost=[1109.0], size=[42], elements=[2, 3, 7, 9, 10, 14, 16, 17, 18, 19, 22, 23, 25, 29, 33, 34, 38, 40, 42, 44, 45, 50, 51, 56, 57, 62, 63, 66, 68, 69, 71, 72, 74, 78, 80, 82, 84, 85, 90, 91, 92, 96]
		(Gen. 337) BestSol = Solution: cost=[1120.0], size=[43], elements=[2, 3, 7, 9, 10, 14, 15, 16, 17, 18, 19, 22, 23, 25, 29, 33, 34, 38, 42, 44, 45, 50, 51, 56, 57, 62, 63, 66, 68, 69, 71, 72, 74, 78, 80, 82, 84, 85, 86, 90, 91, 92, 96]
		(Gen. 406) BestSol = Solution: cost=[1154.0], size=[44], elements=[2, 7, 9, 10, 14, 15, 16, 17, 18, 19, 22, 23, 25, 28, 29, 33, 34, 38, 42, 44, 45, 50, 51, 56, 57, 62, 63, 66, 68, 69, 71, 72, 74, 78, 79, 80, 82, 84, 85, 86, 90, 91, 92, 96]
		(Gen. 456) BestSol = Solution: cost=[1155.0], size=[43], elements=[2, 7, 9, 10, 14, 16, 17, 18, 19, 22, 23, 25, 28, 29, 33, 34, 38, 42, 44, 45, 50, 51, 56, 57, 62, 63, 66, 68, 69, 71, 72, 74, 78, 79, 80, 82, 84, 85, 86, 90, 91, 92, 96]
		(Gen. 462) BestSol = Solution: cost=[1165.0], size=[44], elements=[2, 7, 9, 10, 14, 16, 17, 18, 19, 20, 22, 23, 25, 28, 29, 33, 34, 38, 42, 44, 45, 50, 51, 56, 57, 62, 63, 66, 68, 69, 71, 72, 74, 78, 79, 80, 82, 84, 85, 86, 90, 91, 92, 96]
		(Gen. 589) BestSol = Solution: cost=[1184.0], size=[45], elements=[2, 7, 9, 10, 14, 16, 17, 18, 19, 20, 22, 23, 25, 28, 29, 33, 34, 38, 42, 44, 45, 50, 51, 56, 57, 62, 63, 64, 66, 68, 69, 71, 72, 74, 78, 79, 80, 82, 84, 85, 86, 90, 91, 92, 96]
		(Gen. 620) BestSol = Solution: cost=[1188.0], size=[44], elements=[2, 7, 9, 10, 14, 16, 17, 18, 19, 20, 22, 23, 25, 28, 29, 33, 34, 38, 42, 44, 45, 50, 51, 56, 57, 62, 63, 64, 66, 68, 69, 71, 72, 74, 77, 78, 80, 82, 85, 86, 90, 91, 92, 96]
		(Gen. 858) BestSol = Solution: cost=[1189.0], size=[42], elements=[2, 7, 9, 10, 14, 16, 17, 18, 19, 20, 22, 23, 25, 28, 29, 33, 34, 38, 42, 44, 45, 50, 51, 56, 57, 62, 63, 64, 66, 68, 69, 71, 72, 74, 77, 78, 80, 85, 86, 90, 92, 96]
		(Gen. 1545) BestSol = Solution: cost=[1211.0], size=[43], elements=[2, 7, 9, 10, 14, 16, 17, 18, 19, 20, 22, 23, 25, 28, 29, 33, 34, 38, 42, 44, 45, 50, 51, 56, 57, 62, 63, 64, 66, 68, 69, 71, 72, 73, 74, 77, 78, 80, 85, 86, 90, 92, 96]
		(Gen. 1561) BestSol = Solution: cost=[1214.0], size=[44], elements=[2, 7, 9, 10, 14, 16, 17, 18, 19, 20, 22, 23, 24, 25, 28, 29, 33, 34, 38, 42, 44, 45, 50, 51, 56, 57, 62, 63, 64, 66, 68, 69, 71, 72, 73, 74, 77, 78, 80, 85, 86, 90, 92, 96]
		(Gen. 1680) BestSol = Solution: cost=[1217.0], size=[44], elements=[2, 7, 9, 10, 14, 16, 17, 18, 19, 20, 22, 23, 24, 25, 28, 29, 33, 34, 38, 40, 42, 44, 45, 50, 51, 56, 57, 62, 63, 64, 66, 68, 69, 71, 72, 73, 74, 77, 78, 80, 85, 90, 92, 96]
		(Gen. 1898) BestSol = Solution: cost=[1219.0], size=[43], elements=[2, 7, 9, 10, 14, 16, 17, 18, 19, 20, 22, 23, 24, 25, 28, 29, 33, 34, 38, 42, 44, 45, 50, 51, 56, 57, 62, 63, 64, 66, 68, 69, 71, 72, 73, 74, 77, 78, 80, 85, 90, 92, 96]

		maxVal = Solution: cost=[1219.0], size=[43], elements=[2, 7, 9, 10, 14, 16, 17, 18, 19, 20, 22, 23, 24, 25, 28, 29, 33, 34, 38, 42, 44, 45, 50, 51, 56, 57, 62, 63, 64, 66, 68, 69, 71, 72, 73, 74, 77, 78, 80, 85, 90, 92, 96]

}
